 
  number of atoms in the primitive cell:          48
 
 
  CHI0 Matrix 
 
  1   1     1     1     0.000000    -0.510733
  1   1     1     2     3.582443     0.020467
  1   1     1     3     3.180000     0.015300
  1   1     1     4     3.582443     0.020467
  1   1     1     5     4.540000     0.013233
  1   1     1     6     3.582443     0.020483
  1   1     1     7     5.542923     0.012767
  1   1     1     8     3.582443     0.020483
  1   1     1     9     4.540000     0.013233
  1   1     1    10     3.582443     0.020483
  1   1     1    11     5.542923     0.012767
  1   1     1    12     3.582443     0.020483
  1   1     1    13     6.420530     0.014733
  1   1     1    14     3.582443     0.020467
  1   1     1    15     7.164887     0.030600
  1   1     1    16     3.582443     0.020467
  1   2     1    17     1.990364    -0.008550
  1   2     1    18     1.990364    -0.008550
  1   2     1    19     4.098225     0.006117
  1   2     1    20     4.098225     0.006117
  1   2     1    21     3.751526     0.006183
  1   2     1    22     3.751526     0.006183
  1   2     1    23     4.098225     0.006117
  1   2     1    24     4.098225     0.006117
  1   2     1    25     3.434233     0.006917
  1   2     1    26     3.434233     0.006917
  1   2     1    27     5.438257     0.009350
  1   2     1    28     2.004060     0.002983
  1   2     1    29     4.680423     0.006300
  1   2     1    30     4.680423     0.006300
  1   2     1    31     5.438257     0.009350
  1   2     1    32     2.004060     0.002983
  1   2     1    33     3.434233     0.006917
  1   2     1    34     3.434233     0.006917
  1   2     1    35     2.004060     0.002983
  1   2     1    36     5.438257     0.009350
  1   2     1    37     4.680423     0.006300
  1   2     1    38     4.680423     0.006300
  1   2     1    39     2.004060     0.002983
  1   2     1    40     5.438257     0.009350
  1   2     1    41     4.430165     0.004200
  1   2     1    42     4.430165     0.004200
  1   2     1    43     4.098225     0.006117
  1   2     1    44     4.098225     0.006117
  1   2     1    45     5.453326     0.016650
  1   2     1    46     5.453326     0.016650
  1   2     1    47     4.098225     0.006117
  1   2     1    48     4.098225     0.006117
  2   1    17     1     1.990364    -0.008550
  2   1    17     2     2.004060     0.002983
  2   1    17     3     3.751526     0.006183
  2   1    17     4     2.004060     0.002983
  2   1    17     5     3.434233     0.006917
  2   1    17     6     4.098225     0.006117
  2   1    17     7     4.680423     0.006300
  2   1    17     8     4.098225     0.006117
  2   1    17     9     3.434233     0.006917
  2   1    17    10     4.098225     0.006117
  2   1    17    11     4.680423     0.006300
  2   1    17    12     4.098225     0.006117
  2   1    17    13     4.430165     0.004200
  2   1    17    14     5.438257     0.009350
  2   1    17    15     5.453326     0.016650
  2   1    17    16     5.438257     0.009350
  2   2    17    17     0.000000    -0.186500
  2   2    17    18     3.980728     0.001033
  2   2    17    19     2.824501     0.003067
  2   2    17    20     2.824501     0.003067
  2   2    17    21     3.180000     0.004233
  2   2    17    22     5.094958     0.001967
  2   2    17    23     2.824501     0.003067
  2   2    17    24     2.824501     0.003067
  2   2    17    25     4.540000     0.001733
  2   2    17    26     3.301426     0.002467
  2   2    17    27     4.862368     0.002617
  2   2    17    28     2.824501     0.003067
  2   2    17    29     5.542923     0.001067
  2   2    17    30     4.583865     0.002000
  2   2    17    31     4.862368     0.002617
  2   2    17    32     2.824501     0.003067
  2   2    17    33     4.540000     0.001733
  2   2    17    34     3.301426     0.002467
  2   2    17    35     2.824501     0.003067
  2   2    17    36     4.862368     0.002617
  2   2    17    37     5.542923     0.001067
  2   2    17    38     4.583865     0.002000
  2   2    17    39     2.824501     0.003067
  2   2    17    40     4.862368     0.002617
  2   2    17    41     6.420530     0.000333
  2   2    17    42     2.439801     0.005267
  2   2    17    43     4.862368     0.002600
  2   2    17    44     4.862368     0.002600
  2   2    17    45     7.164887     0.010700
  2   2    17    46     4.008121     0.004567
  2   2    17    47     4.862368     0.002600
  2   2    17    48     4.862368     0.002600
 
  CHI Matrix 
 
  1   1     1     1     0.000000    -0.136100
  1   1     1     2     3.582443     0.001333
  1   1     1     3     3.180000     0.002867
  1   1     1     4     3.582443     0.001333
  1   1     1     5     4.540000     0.001067
  1   1     1     6     3.582443     0.000900
  1   1     1     7     5.542923    -0.000933
  1   1     1     8     3.582443     0.000900
  1   1     1     9     4.540000     0.001067
  1   1     1    10     3.582443     0.000900
  1   1     1    11     5.542923    -0.000933
  1   1     1    12     3.582443     0.000900
  1   1     1    13     6.420530    -0.001700
  1   1     1    14     3.582443     0.001333
  1   1     1    15     7.164887     0.001767
  1   1     1    16     3.582443     0.001333
  1   2     1    17     1.990364     0.013133
  1   2     1    18     1.990364     0.013133
  1   2     1    19     4.098225     0.000117
  1   2     1    20     4.098225     0.000117
  1   2     1    21     3.751526    -0.000033
  1   2     1    22     3.751526    -0.000033
  1   2     1    23     4.098225     0.000117
  1   2     1    24     4.098225     0.000117
  1   2     1    25     3.434233     0.000600
  1   2     1    26     3.434233     0.000600
  1   2     1    27     5.438257    -0.000033
  1   2     1    28     2.004060     0.012083
  1   2     1    29     4.680423     0.000317
  1   2     1    30     4.680423     0.000317
  1   2     1    31     5.438257    -0.000033
  1   2     1    32     2.004060     0.012083
  1   2     1    33     3.434233     0.000600
  1   2     1    34     3.434233     0.000600
  1   2     1    35     2.004060     0.012083
  1   2     1    36     5.438257    -0.000033
  1   2     1    37     4.680423     0.000317
  1   2     1    38     4.680423     0.000317
  1   2     1    39     2.004060     0.012083
  1   2     1    40     5.438257    -0.000033
  1   2     1    41     4.430165     0.000300
  1   2     1    42     4.430165     0.000300
  1   2     1    43     4.098225     0.000117
  1   2     1    44     4.098225     0.000117
  1   2     1    45     5.453326     0.000717
  1   2     1    46     5.453326     0.000717
  1   2     1    47     4.098225     0.000117
  1   2     1    48     4.098225     0.000117
  2   1    17     1     1.990364     0.013133
  2   1    17     2     2.004060     0.012083
  2   1    17     3     3.751526    -0.000033
  2   1    17     4     2.004060     0.012083
  2   1    17     5     3.434233     0.000600
  2   1    17     6     4.098225     0.000117
  2   1    17     7     4.680423     0.000317
  2   1    17     8     4.098225     0.000117
  2   1    17     9     3.434233     0.000600
  2   1    17    10     4.098225     0.000117
  2   1    17    11     4.680423     0.000317
  2   1    17    12     4.098225     0.000117
  2   1    17    13     4.430165     0.000300
  2   1    17    14     5.438257    -0.000033
  2   1    17    15     5.453326     0.000717
  2   1    17    16     5.438257    -0.000033
  2   2    17    17     0.000000    -0.064200
  2   2    17    18     3.980728     0.000767
  2   2    17    19     2.824501     0.001533
  2   2    17    20     2.824501     0.001533
  2   2    17    21     3.180000     0.001433
  2   2    17    22     5.094958    -0.000333
  2   2    17    23     2.824501     0.001533
  2   2    17    24     2.824501     0.001533
  2   2    17    25     4.540000     0.000100
  2   2    17    26     3.301426     0.000333
  2   2    17    27     4.862368    -0.000033
  2   2    17    28     2.824501     0.001433
  2   2    17    29     5.542923     0.000200
  2   2    17    30     4.583865     0.000100
  2   2    17    31     4.862368    -0.000033
  2   2    17    32     2.824501     0.001433
  2   2    17    33     4.540000     0.000100
  2   2    17    34     3.301426     0.000333
  2   2    17    35     2.824501     0.001433
  2   2    17    36     4.862368    -0.000033
  2   2    17    37     5.542923     0.000200
  2   2    17    38     4.583865     0.000100
  2   2    17    39     2.824501     0.001433
  2   2    17    40     4.862368    -0.000033
  2   2    17    41     6.420530    -0.000433
  2   2    17    42     2.439801     0.002833
  2   2    17    43     4.862368    -0.000100
  2   2    17    44     4.862368    -0.000100
  2   2    17    45     7.164887     0.000167
  2   2    17    46     4.008121     0.000800
  2   2    17    47     4.862368    -0.000100
  2   2    17    48     4.862368    -0.000100
 
  CHI0^-1 - CHI^-1 Matrix 
 
  1   1   0   0     1     1     0.000000     5.914952
  1   1   0   0     1     2     3.582443    -0.277651
  1   1   0   0     1     3     3.180000     0.343995
  1   1   0   0     1     4     3.582443    -0.277651
  1   1   0   0     1     5     4.540000    -0.449033
  1   1   0   0     1     6     3.582443    -0.314023
  1   1   0   0     1     7     5.542923    -0.567298
  1   1   0   0     1     8     3.582443    -0.314023
  1   1   0   0     1     9     4.540000    -0.449033
  1   1   0   0     1    10     3.582443    -0.314023
  1   1   0   0     1    11     5.542923    -0.567298
  1   1   0   0     1    12     3.582443    -0.314023
  1   1   0   0     1    13     6.420530    -0.680470
  1   1   0   0     1    14     3.582443    -0.279499
  1   1   0   0     1    15     7.164887    -0.522971
  1   1   0   0     1    16     3.582443    -0.279499
  1   2   0   0     1    17     1.990364     1.546644
  1   2   0   0     1    18     1.990364     1.539747
  1   2   0   0     1    19     4.098225    -0.448087
  1   2   0   0     1    20     4.098225    -0.448087
  1   2   0   0     1    21     3.751526    -0.126397
  1   2   0   0     1    22     3.751526    -0.127774
  1   2   0   0     1    23     4.098225    -0.448087
  1   2   0   0     1    24     4.098225    -0.448087
  1   2   0   0     1    25     3.434233    -0.341814
  1   2   0   0     1    26     3.434233    -0.341796
  1   2   0   0     1    27     5.438257    -0.610039
  1   2   0   0     1    28     2.004060     1.468461
  1   2   0   0     1    29     4.680423    -0.397424
  1   2   0   0     1    30     4.680423    -0.397433
  1   2   0   0     1    31     5.438257    -0.610039
  1   2   0   0     1    32     2.004060     1.468461
  1   2   0   0     1    33     3.434233    -0.341814
  1   2   0   0     1    34     3.434233    -0.341796
  1   2   0   0     1    35     2.004060     1.468461
  1   2   0   0     1    36     5.438257    -0.610039
  1   2   0   0     1    37     4.680423    -0.397424
  1   2   0   0     1    38     4.680423    -0.397433
  1   2   0   0     1    39     2.004060     1.468461
  1   2   0   0     1    40     5.438257    -0.610039
  1   2   0   0     1    41     4.430165    -0.420131
  1   2   0   0     1    42     4.430165    -0.418623
  1   2   0   0     1    43     4.098225    -0.452494
  1   2   0   0     1    44     4.098225    -0.452494
  1   2   0   0     1    45     5.453326    -0.479681
  1   2   0   0     1    46     5.453326    -0.478383
  1   2   0   0     1    47     4.098225    -0.452494
  1   2   0   0     1    48     4.098225    -0.452494
  2   1   0   0    17     1     1.990364     1.546644
  2   1   0   0    17     2     2.004060     1.502844
  2   1   0   0    17     3     3.751526    -0.115251
  2   1   0   0    17     4     2.004060     1.502844
  2   1   0   0    17     5     3.434233    -0.309099
  2   1   0   0    17     6     4.098225    -0.443891
  2   1   0   0    17     7     4.680423    -0.364698
  2   1   0   0    17     8     4.098225    -0.443891
  2   1   0   0    17     9     3.434233    -0.309099
  2   1   0   0    17    10     4.098225    -0.443891
  2   1   0   0    17    11     4.680423    -0.364698
  2   1   0   0    17    12     4.098225    -0.443891
  2   1   0   0    17    13     4.430165    -0.398123
  2   1   0   0    17    14     5.438257    -0.590159
  2   1   0   0    17    15     5.453326    -0.457827
  2   1   0   0    17    16     5.438257    -0.590159
  2   2   0   0    17    17     0.000000    11.053113
  2   2   0   0    17    18     3.980728     0.022454
  2   2   0   0    17    19     2.824501     0.361104
  2   2   0   0    17    20     2.824501     0.361104
  2   2   0   0    17    21     3.180000     0.749342
  2   2   0   0    17    22     5.094958    -0.547181
  2   2   0   0    17    23     2.824501     0.361104
  2   2   0   0    17    24     2.824501     0.361104
  2   2   0   0    17    25     4.540000    -0.380786
  2   2   0   0    17    26     3.301426    -0.353426
  2   2   0   0    17    27     4.862368    -0.480251
  2   2   0   0    17    28     2.824501     0.324754
  2   2   0   0    17    29     5.542923    -0.366881
  2   2   0   0    17    30     4.583865    -0.413815
  2   2   0   0    17    31     4.862368    -0.480251
  2   2   0   0    17    32     2.824501     0.324754
  2   2   0   0    17    33     4.540000    -0.380786
  2   2   0   0    17    34     3.301426    -0.353426
  2   2   0   0    17    35     2.824501     0.324754
  2   2   0   0    17    36     4.862368    -0.480251
  2   2   0   0    17    37     5.542923    -0.366881
  2   2   0   0    17    38     4.583865    -0.413815
  2   2   0   0    17    39     2.824501     0.324754
  2   2   0   0    17    40     4.862368    -0.480251
  2   2   0   0    17    41     6.420530    -0.639639
  2   2   0   0    17    42     2.439801     0.925625
  2   2   0   0    17    43     4.862368    -0.498228
  2   2   0   0    17    44     4.862368    -0.498228
  2   2   0   0    17    45     7.164887    -0.771608
  2   2   0   0    17    46     4.008121     0.509867
  2   2   0   0    17    47     4.862368    -0.498228
  2   2   0   0    17    48     4.862368    -0.498228
  type:            1  U0 =    5.91495196834815     
  type:            2  U0 =    11.0531126031035     
 
 
 
  Extrapolation to a supercell            1           1           1
 
  number of atoms in the supercell:          48
 
 
  type1:            1  type2:            1
 
  number of shells:            7
 
  shell  #n: pc, sc, spinp   dist       chi_pc     chi_sc 
 
    1        1   1   0        0.0000    -0.5107    -0.5107
    2        8   8   0        3.5824     0.0205     0.0205
    3        1   1   0        3.1800     0.0153     0.0153
    4        2   2   0        4.5400     0.0132     0.0132
    5        2   2   0        5.5429     0.0128     0.0128
    6        1   1   0        6.4205     0.0147     0.0147
    7        1   1   0        7.1649     0.0306     0.0306
 
  type1:            1  type2:            2
 
  number of shells:            9
 
  shell  #n: pc, sc, spinp   dist       chi_pc     chi_sc 
 
    1        2   2   0        1.9904    -0.0085    -0.0085
    2        8   8   0        4.0982     0.0061     0.0061
    3        2   2   0        3.7515     0.0062     0.0062
    4        4   4   0        3.4342     0.0069     0.0069
    5        4   4   0        5.4383     0.0093     0.0093
    6        4   4   0        2.0041     0.0030     0.0030
    7        4   4   0        4.6804     0.0063     0.0063
    8        2   2   0        4.4302     0.0042     0.0042
    9        2   2   0        5.4533     0.0167     0.0167
 
  type1:            2  type2:            2
 
  number of shells:           14
 
  shell  #n: pc, sc, spinp   dist       chi_pc     chi_sc 
 
    1        1   1   0        0.0000    -0.1865    -0.1865
    2        1   1   0        3.9807     0.0010     0.0010
    3        8   8   0        2.8245     0.0031     0.0031
    4        1   1   0        3.1800     0.0042     0.0042
    5        1   1   0        5.0950     0.0020     0.0020
    6        2   2   0        4.5400     0.0017     0.0017
    7        2   2   0        3.3014     0.0025     0.0025
    8        8   8   0        4.8624     0.0026     0.0026
    9        2   2   0        5.5429     0.0011     0.0011
   10        2   2   0        4.5839     0.0020     0.0020
   11        1   1   0        6.4205     0.0003     0.0003
   12        1   1   0        2.4398     0.0053     0.0053
   13        1   1   0        7.1649     0.0107     0.0107
   14        1   1   0        4.0081     0.0046     0.0046
 
  CHI0 Matrix 
 
  1   1   0   0     1     1     0.000000    -0.510733
  1   1   0   0     1     2     3.582443     0.020467
  1   1   0   0     1     3     3.180000     0.015300
  1   1   0   0     1     4     3.582443     0.020467
  1   1   0   0     1     5     4.540000     0.013233
  1   1   0   0     1     6     3.582443     0.020467
  1   1   0   0     1     7     5.542923     0.012767
  1   1   0   0     1     8     3.582443     0.020467
  1   1   0   0     1     9     4.540000     0.013233
  1   1   0   0     1    10     3.582443     0.020467
  1   1   0   0     1    11     5.542923     0.012767
  1   1   0   0     1    12     3.582443     0.020467
  1   1   0   0     1    13     6.420530     0.014733
  1   1   0   0     1    14     3.582443     0.020467
  1   1   0   0     1    15     7.164887     0.030600
  1   1   0   0     1    16     3.582443     0.020467
  1   2   0   0     1    17     1.990364    -0.008550
  1   2   0   0     1    18     1.990364    -0.008550
  1   2   0   0     1    19     4.098225     0.006117
  1   2   0   0     1    20     4.098225     0.006117
  1   2   0   0     1    21     3.751526     0.006183
  1   2   0   0     1    22     3.751526     0.006183
  1   2   0   0     1    23     4.098225     0.006117
  1   2   0   0     1    24     4.098225     0.006117
  1   2   0   0     1    25     3.434233     0.006917
  1   2   0   0     1    26     3.434233     0.006917
  1   2   0   0     1    27     5.438257     0.009350
  1   2   0   0     1    28     2.004060     0.002983
  1   2   0   0     1    29     4.680423     0.006300
  1   2   0   0     1    30     4.680423     0.006300
  1   2   0   0     1    31     5.438257     0.009350
  1   2   0   0     1    32     2.004060     0.002983
  1   2   0   0     1    33     3.434233     0.006917
  1   2   0   0     1    34     3.434233     0.006917
  1   2   0   0     1    35     2.004060     0.002983
  1   2   0   0     1    36     5.438257     0.009350
  1   2   0   0     1    37     4.680423     0.006300
  1   2   0   0     1    38     4.680423     0.006300
  1   2   0   0     1    39     2.004060     0.002983
  1   2   0   0     1    40     5.438257     0.009350
  1   2   0   0     1    41     4.430165     0.004200
  1   2   0   0     1    42     4.430165     0.004200
  1   2   0   0     1    43     4.098225     0.006117
  1   2   0   0     1    44     4.098225     0.006117
  1   2   0   0     1    45     5.453326     0.016650
  1   2   0   0     1    46     5.453326     0.016650
  1   2   0   0     1    47     4.098225     0.006117
  1   2   0   0     1    48     4.098225     0.006117
  2   1   0   0    17     1     1.990364    -0.008550
  2   1   0   0    17     2     2.004060     0.002983
  2   1   0   0    17     3     3.751526     0.006183
  2   1   0   0    17     4     2.004060     0.002983
  2   1   0   0    17     5     3.434233     0.006917
  2   1   0   0    17     6     4.098225     0.006117
  2   1   0   0    17     7     4.680423     0.006300
  2   1   0   0    17     8     4.098225     0.006117
  2   1   0   0    17     9     3.434233     0.006917
  2   1   0   0    17    10     4.098225     0.006117
  2   1   0   0    17    11     4.680423     0.006300
  2   1   0   0    17    12     4.098225     0.006117
  2   1   0   0    17    13     4.430165     0.004200
  2   1   0   0    17    14     5.438257     0.009350
  2   1   0   0    17    15     5.453326     0.016650
  2   1   0   0    17    16     5.438257     0.009350
  2   2   0   0    17    17     0.000000    -0.186500
  2   2   0   0    17    18     3.980728     0.001033
  2   2   0   0    17    19     2.824501     0.003067
  2   2   0   0    17    20     2.824501     0.003067
  2   2   0   0    17    21     3.180000     0.004233
  2   2   0   0    17    22     5.094958     0.001967
  2   2   0   0    17    23     2.824501     0.003067
  2   2   0   0    17    24     2.824501     0.003067
  2   2   0   0    17    25     4.540000     0.001733
  2   2   0   0    17    26     3.301426     0.002467
  2   2   0   0    17    27     4.862368     0.002617
  2   2   0   0    17    28     2.824501     0.003067
  2   2   0   0    17    29     5.542923     0.001067
  2   2   0   0    17    30     4.583865     0.002000
  2   2   0   0    17    31     4.862368     0.002617
  2   2   0   0    17    32     2.824501     0.003067
  2   2   0   0    17    33     4.540000     0.001733
  2   2   0   0    17    34     3.301426     0.002467
  2   2   0   0    17    35     2.824501     0.003067
  2   2   0   0    17    36     4.862368     0.002617
  2   2   0   0    17    37     5.542923     0.001067
  2   2   0   0    17    38     4.583865     0.002000
  2   2   0   0    17    39     2.824501     0.003067
  2   2   0   0    17    40     4.862368     0.002617
  2   2   0   0    17    41     6.420530     0.000333
  2   2   0   0    17    42     2.439801     0.005267
  2   2   0   0    17    43     4.862368     0.002617
  2   2   0   0    17    44     4.862368     0.002617
  2   2   0   0    17    45     7.164887     0.010700
  2   2   0   0    17    46     4.008121     0.004567
  2   2   0   0    17    47     4.862368     0.002617
  2   2   0   0    17    48     4.862368     0.002617
 
  CHI Matrix 
 
  1   1   0   0     1     1     0.000000    -0.136100
  1   1   0   0     1     2     3.582443     0.001333
  1   1   0   0     1     3     3.180000     0.002867
  1   1   0   0     1     4     3.582443     0.001333
  1   1   0   0     1     5     4.540000     0.001067
  1   1   0   0     1     6     3.582443     0.001333
  1   1   0   0     1     7     5.542923    -0.000933
  1   1   0   0     1     8     3.582443     0.001333
  1   1   0   0     1     9     4.540000     0.001067
  1   1   0   0     1    10     3.582443     0.001333
  1   1   0   0     1    11     5.542923    -0.000933
  1   1   0   0     1    12     3.582443     0.001333
  1   1   0   0     1    13     6.420530    -0.001700
  1   1   0   0     1    14     3.582443     0.001333
  1   1   0   0     1    15     7.164887     0.001767
  1   1   0   0     1    16     3.582443     0.001333
  1   2   0   0     1    17     1.990364     0.013133
  1   2   0   0     1    18     1.990364     0.013133
  1   2   0   0     1    19     4.098225     0.000117
  1   2   0   0     1    20     4.098225     0.000117
  1   2   0   0     1    21     3.751526    -0.000033
  1   2   0   0     1    22     3.751526    -0.000033
  1   2   0   0     1    23     4.098225     0.000117
  1   2   0   0     1    24     4.098225     0.000117
  1   2   0   0     1    25     3.434233     0.000600
  1   2   0   0     1    26     3.434233     0.000600
  1   2   0   0     1    27     5.438257    -0.000033
  1   2   0   0     1    28     2.004060     0.012083
  1   2   0   0     1    29     4.680423     0.000317
  1   2   0   0     1    30     4.680423     0.000317
  1   2   0   0     1    31     5.438257    -0.000033
  1   2   0   0     1    32     2.004060     0.012083
  1   2   0   0     1    33     3.434233     0.000600
  1   2   0   0     1    34     3.434233     0.000600
  1   2   0   0     1    35     2.004060     0.012083
  1   2   0   0     1    36     5.438257    -0.000033
  1   2   0   0     1    37     4.680423     0.000317
  1   2   0   0     1    38     4.680423     0.000317
  1   2   0   0     1    39     2.004060     0.012083
  1   2   0   0     1    40     5.438257    -0.000033
  1   2   0   0     1    41     4.430165     0.000300
  1   2   0   0     1    42     4.430165     0.000300
  1   2   0   0     1    43     4.098225     0.000117
  1   2   0   0     1    44     4.098225     0.000117
  1   2   0   0     1    45     5.453326     0.000717
  1   2   0   0     1    46     5.453326     0.000717
  1   2   0   0     1    47     4.098225     0.000117
  1   2   0   0     1    48     4.098225     0.000117
  2   1   0   0    17     1     1.990364     0.013133
  2   1   0   0    17     2     2.004060     0.012083
  2   1   0   0    17     3     3.751526    -0.000033
  2   1   0   0    17     4     2.004060     0.012083
  2   1   0   0    17     5     3.434233     0.000600
  2   1   0   0    17     6     4.098225     0.000117
  2   1   0   0    17     7     4.680423     0.000317
  2   1   0   0    17     8     4.098225     0.000117
  2   1   0   0    17     9     3.434233     0.000600
  2   1   0   0    17    10     4.098225     0.000117
  2   1   0   0    17    11     4.680423     0.000317
  2   1   0   0    17    12     4.098225     0.000117
  2   1   0   0    17    13     4.430165     0.000300
  2   1   0   0    17    14     5.438257    -0.000033
  2   1   0   0    17    15     5.453326     0.000717
  2   1   0   0    17    16     5.438257    -0.000033
  2   2   0   0    17    17     0.000000    -0.064200
  2   2   0   0    17    18     3.980728     0.000767
  2   2   0   0    17    19     2.824501     0.001533
  2   2   0   0    17    20     2.824501     0.001533
  2   2   0   0    17    21     3.180000     0.001433
  2   2   0   0    17    22     5.094958    -0.000333
  2   2   0   0    17    23     2.824501     0.001533
  2   2   0   0    17    24     2.824501     0.001533
  2   2   0   0    17    25     4.540000     0.000100
  2   2   0   0    17    26     3.301426     0.000333
  2   2   0   0    17    27     4.862368    -0.000033
  2   2   0   0    17    28     2.824501     0.001533
  2   2   0   0    17    29     5.542923     0.000200
  2   2   0   0    17    30     4.583865     0.000100
  2   2   0   0    17    31     4.862368    -0.000033
  2   2   0   0    17    32     2.824501     0.001533
  2   2   0   0    17    33     4.540000     0.000100
  2   2   0   0    17    34     3.301426     0.000333
  2   2   0   0    17    35     2.824501     0.001533
  2   2   0   0    17    36     4.862368    -0.000033
  2   2   0   0    17    37     5.542923     0.000200
  2   2   0   0    17    38     4.583865     0.000100
  2   2   0   0    17    39     2.824501     0.001533
  2   2   0   0    17    40     4.862368    -0.000033
  2   2   0   0    17    41     6.420530    -0.000433
  2   2   0   0    17    42     2.439801     0.002833
  2   2   0   0    17    43     4.862368    -0.000033
  2   2   0   0    17    44     4.862368    -0.000033
  2   2   0   0    17    45     7.164887     0.000167
  2   2   0   0    17    46     4.008121     0.000800
  2   2   0   0    17    47     4.862368    -0.000033
  2   2   0   0    17    48     4.862368    -0.000033
 
  CHI0^-1 - CHI^-1 Matrix 
 
  1   1   0   0     1     1     0.000000     5.981207
  1   1   0   0     1     2     3.582443    -0.227573
  1   1   0   0     1     3     3.180000     0.401441
  1   1   0   0     1     4     3.582443    -0.227573
  1   1   0   0     1     5     4.540000    -0.394614
  1   1   0   0     1     6     3.582443    -0.227573
  1   1   0   0     1     7     5.542923    -0.513003
  1   1   0   0     1     8     3.582443    -0.227573
  1   1   0   0     1     9     4.540000    -0.394614
  1   1   0   0     1    10     3.582443    -0.227573
  1   1   0   0     1    11     5.542923    -0.513003
  1   1   0   0     1    12     3.582443    -0.227573
  1   1   0   0     1    13     6.420530    -0.627797
  1   1   0   0     1    14     3.582443    -0.227573
  1   1   0   0     1    15     7.164887    -0.470056
  1   1   0   0     1    16     3.582443    -0.227573
  1   2   0   0     1    17     1.990364     1.623019
  1   2   0   0     1    18     1.990364     1.623019
  1   2   0   0     1    19     4.098225    -0.374990
  1   2   0   0     1    20     4.098225    -0.374990
  1   2   0   0     1    21     3.751526    -0.046168
  1   2   0   0     1    22     3.751526    -0.046168
  1   2   0   0     1    23     4.098225    -0.374990
  1   2   0   0     1    24     4.098225    -0.374990
  1   2   0   0     1    25     3.434233    -0.250012
  1   2   0   0     1    26     3.434233    -0.250012
  1   2   0   0     1    27     5.438257    -0.530303
  1   2   0   0     1    28     2.004060     1.557452
  1   2   0   0     1    29     4.680423    -0.305697
  1   2   0   0     1    30     4.680423    -0.305697
  1   2   0   0     1    31     5.438257    -0.530303
  1   2   0   0     1    32     2.004060     1.557452
  1   2   0   0     1    33     3.434233    -0.250012
  1   2   0   0     1    34     3.434233    -0.250012
  1   2   0   0     1    35     2.004060     1.557452
  1   2   0   0     1    36     5.438257    -0.530303
  1   2   0   0     1    37     4.680423    -0.305697
  1   2   0   0     1    38     4.680423    -0.305697
  1   2   0   0     1    39     2.004060     1.557452
  1   2   0   0     1    40     5.438257    -0.530303
  1   2   0   0     1    41     4.430165    -0.344278
  1   2   0   0     1    42     4.430165    -0.344278
  1   2   0   0     1    43     4.098225    -0.374990
  1   2   0   0     1    44     4.098225    -0.374990
  1   2   0   0     1    45     5.453326    -0.403787
  1   2   0   0     1    46     5.453326    -0.403787
  1   2   0   0     1    47     4.098225    -0.374990
  1   2   0   0     1    48     4.098225    -0.374990
  2   1   0   0    17     1     1.990364     1.623019
  2   1   0   0    17     2     2.004060     1.557452
  2   1   0   0    17     3     3.751526    -0.046168
  2   1   0   0    17     4     2.004060     1.557452
  2   1   0   0    17     5     3.434233    -0.250012
  2   1   0   0    17     6     4.098225    -0.374990
  2   1   0   0    17     7     4.680423    -0.305697
  2   1   0   0    17     8     4.098225    -0.374990
  2   1   0   0    17     9     3.434233    -0.250012
  2   1   0   0    17    10     4.098225    -0.374990
  2   1   0   0    17    11     4.680423    -0.305697
  2   1   0   0    17    12     4.098225    -0.374990
  2   1   0   0    17    13     4.430165    -0.344278
  2   1   0   0    17    14     5.438257    -0.530303
  2   1   0   0    17    15     5.453326    -0.403787
  2   1   0   0    17    16     5.438257    -0.530303
  2   2   0   0    17    17     0.000000    11.131087
  2   2   0   0    17    18     3.980728     0.114563
  2   2   0   0    17    19     2.824501     0.442550
  2   2   0   0    17    20     2.824501     0.442550
  2   2   0   0    17    21     3.180000     0.837837
  2   2   0   0    17    22     5.094958    -0.456323
  2   2   0   0    17    23     2.824501     0.442550
  2   2   0   0    17    24     2.824501     0.442550
  2   2   0   0    17    25     4.540000    -0.290906
  2   2   0   0    17    26     3.301426    -0.263584
  2   2   0   0    17    27     4.862368    -0.399464
  2   2   0   0    17    28     2.824501     0.442550
  2   2   0   0    17    29     5.542923    -0.277069
  2   2   0   0    17    30     4.583865    -0.323985
  2   2   0   0    17    31     4.862368    -0.399464
  2   2   0   0    17    32     2.824501     0.442550
  2   2   0   0    17    33     4.540000    -0.290906
  2   2   0   0    17    34     3.301426    -0.263584
  2   2   0   0    17    35     2.824501     0.442550
  2   2   0   0    17    36     4.862368    -0.399464
  2   2   0   0    17    37     5.542923    -0.277069
  2   2   0   0    17    38     4.583865    -0.323985
  2   2   0   0    17    39     2.824501     0.442550
  2   2   0   0    17    40     4.862368    -0.399464
  2   2   0   0    17    41     6.420530    -0.556729
  2   2   0   0    17    42     2.439801     1.005895
  2   2   0   0    17    43     4.862368    -0.399464
  2   2   0   0    17    44     4.862368    -0.399464
  2   2   0   0    17    45     7.164887    -0.688718
  2   2   0   0    17    46     4.008121     0.590573
  2   2   0   0    17    47     4.862368    -0.399464
  2   2   0   0    17    48     4.862368    -0.399464
  type:            1  U1 =    5.98120719601007     
  type:            2  U1 =    11.1310870711894     
