 
  number of atoms in the primitive cell:          48
 
 
  CHI0 Matrix 
 
  1   1     1     1     0.000000    -0.607767
  1   1     1     2     3.573412     0.022067
  1   1     1     3     3.110000     0.014567
  1   1     1     4     3.573412     0.022067
  1   1     1     5     4.550000     0.022300
  1   1     1     6     3.573412     0.021950
  1   1     1     7     5.511316     0.018867
  1   1     1     8     3.573412     0.021950
  1   1     1     9     4.550000     0.022300
  1   1     1    10     3.573412     0.021950
  1   1     1    11     5.511316     0.018867
  1   1     1    12     3.573412     0.021950
  1   1     1    13     6.434672     0.021533
  1   1     1    14     3.573412     0.022067
  1   1     1    15     7.146824     0.038700
  1   1     1    16     3.573412     0.022067
  1   2     1    17     1.994748    -0.312750
  1   2     1    18     1.994748    -0.312750
  1   2     1    19     4.092468     0.015817
  1   2     1    20     4.092468     0.015817
  1   2     1    21     3.694742     0.011550
  1   2     1    22     3.694742     0.011550
  1   2     1    23     4.092468     0.015817
  1   2     1    24     4.092468     0.015817
  1   2     1    25     3.441798     0.016483
  1   2     1    26     3.441798     0.016483
  1   2     1    27     5.439103     0.017667
  1   2     1    28     1.978066     0.009100
  1   2     1    29     4.638757     0.014200
  1   2     1    30     4.638757     0.014200
  1   2     1    31     5.439103     0.017667
  1   2     1    32     1.978066     0.009100
  1   2     1    33     3.441798     0.016483
  1   2     1    34     3.441798     0.016483
  1   2     1    35     1.978066     0.009100
  1   2     1    36     5.439103     0.017667
  1   2     1    37     4.638757     0.014200
  1   2     1    38     4.638757     0.014200
  1   2     1    39     1.978066     0.009100
  1   2     1    40     5.439103     0.017667
  1   2     1    41     4.439923     0.014683
  1   2     1    42     4.439923     0.014683
  1   2     1    43     4.092468     0.015817
  1   2     1    44     4.092468     0.015817
  1   2     1    45     5.420795     0.032000
  1   2     1    46     5.420795     0.032000
  1   2     1    47     4.092468     0.015817
  1   2     1    48     4.092468     0.015817
  2   1    17     1     1.994748    -0.312750
  2   1    17     2     1.978066     0.009100
  2   1    17     3     3.694742     0.011550
  2   1    17     4     1.978066     0.009100
  2   1    17     5     3.441798     0.016483
  2   1    17     6     4.092468     0.015817
  2   1    17     7     4.638757     0.014200
  2   1    17     8     4.092468     0.015817
  2   1    17     9     3.441798     0.016483
  2   1    17    10     4.092468     0.015817
  2   1    17    11     4.638757     0.014200
  2   1    17    12     4.092468     0.015817
  2   1    17    13     4.439923     0.014683
  2   1    17    14     5.439103     0.017667
  2   1    17    15     5.420795     0.032000
  2   1    17    16     5.439103     0.017667
  2   2    17    17     0.000000    -0.017733
  2   2    17    18     3.989496    -0.017733
  2   2    17    19     2.809229     0.002967
  2   2    17    20     2.809229     0.002967
  2   2    17    21     3.110000     0.008533
  2   2    17    22     5.058476     0.008533
  2   2    17    23     2.809229     0.002967
  2   2    17    24     2.809229     0.002967
  2   2    17    25     4.550000     0.010667
  2   2    17    26     3.308698     0.010667
  2   2    17    27     4.860624     0.011533
  2   2    17    28     2.809229    -0.003867
  2   2    17    29     5.511316     0.009533
  2   2    17    30     4.540879     0.009533
  2   2    17    31     4.860624     0.011533
  2   2    17    32     2.809229    -0.003867
  2   2    17    33     4.550000     0.010667
  2   2    17    34     3.308698     0.010667
  2   2    17    35     2.809229    -0.003867
  2   2    17    36     4.860624     0.011533
  2   2    17    37     5.511316     0.009533
  2   2    17    38     4.540879     0.009533
  2   2    17    39     2.809229    -0.003867
  2   2    17    40     4.860624     0.011533
  2   2    17    41     6.434672     0.007833
  2   2    17    42     2.445175     0.007833
  2   2    17    43     4.860624     0.009800
  2   2    17    44     4.860624     0.009800
  2   2    17    45     7.146824     0.025300
  2   2    17    46     3.956132     0.025300
  2   2    17    47     4.860624     0.009800
  2   2    17    48     4.860624     0.009800
 
  CHI Matrix 
 
  1   1     1     1     0.000000    -0.122967
  1   1     1     2     3.573412     0.000900
  1   1     1     3     3.110000     0.001567
  1   1     1     4     3.573412     0.000900
  1   1     1     5     4.550000     0.000700
  1   1     1     6     3.573412    -0.000117
  1   1     1     7     5.511316     0.000633
  1   1     1     8     3.573412    -0.000117
  1   1     1     9     4.550000     0.000700
  1   1     1    10     3.573412    -0.000117
  1   1     1    11     5.511316     0.000633
  1   1     1    12     3.573412    -0.000117
  1   1     1    13     6.434672     0.001567
  1   1     1    14     3.573412     0.000900
  1   1     1    15     7.146824     0.000367
  1   1     1    16     3.573412     0.000900
  1   2     1    17     1.994748    -0.054333
  1   2     1    18     1.994748    -0.054333
  1   2     1    19     4.092468    -0.000317
  1   2     1    20     4.092468    -0.000317
  1   2     1    21     3.694742     0.001183
  1   2     1    22     3.694742     0.001183
  1   2     1    23     4.092468    -0.000317
  1   2     1    24     4.092468    -0.000317
  1   2     1    25     3.441798     0.000633
  1   2     1    26     3.441798     0.000633
  1   2     1    27     5.439103     0.000383
  1   2     1    28     1.978066     0.007217
  1   2     1    29     4.638757     0.000133
  1   2     1    30     4.638757     0.000133
  1   2     1    31     5.439103     0.000383
  1   2     1    32     1.978066     0.007217
  1   2     1    33     3.441798     0.000633
  1   2     1    34     3.441798     0.000633
  1   2     1    35     1.978066     0.007217
  1   2     1    36     5.439103     0.000383
  1   2     1    37     4.638757     0.000133
  1   2     1    38     4.638757     0.000133
  1   2     1    39     1.978066     0.007217
  1   2     1    40     5.439103     0.000383
  1   2     1    41     4.439923     0.000717
  1   2     1    42     4.439923     0.000717
  1   2     1    43     4.092468    -0.000317
  1   2     1    44     4.092468    -0.000317
  1   2     1    45     5.420795     0.000317
  1   2     1    46     5.420795     0.000317
  1   2     1    47     4.092468    -0.000317
  1   2     1    48     4.092468    -0.000317
  2   1    17     1     1.994748    -0.054333
  2   1    17     2     1.978066     0.007217
  2   1    17     3     3.694742     0.001183
  2   1    17     4     1.978066     0.007217
  2   1    17     5     3.441798     0.000633
  2   1    17     6     4.092468    -0.000317
  2   1    17     7     4.638757     0.000133
  2   1    17     8     4.092468    -0.000317
  2   1    17     9     3.441798     0.000633
  2   1    17    10     4.092468    -0.000317
  2   1    17    11     4.638757     0.000133
  2   1    17    12     4.092468    -0.000317
  2   1    17    13     4.439923     0.000717
  2   1    17    14     5.439103     0.000383
  2   1    17    15     5.420795     0.000317
  2   1    17    16     5.439103     0.000383
  2   2    17    17     0.000000     0.014300
  2   2    17    18     3.989496     0.014300
  2   2    17    19     2.809229     0.007017
  2   2    17    20     2.809229     0.007017
  2   2    17    21     3.110000     0.000800
  2   2    17    22     5.058476     0.000800
  2   2    17    23     2.809229     0.007017
  2   2    17    24     2.809229     0.007017
  2   2    17    25     4.550000     0.000567
  2   2    17    26     3.308698     0.000567
  2   2    17    27     4.860624     0.000183
  2   2    17    28     2.809229     0.013533
  2   2    17    29     5.511316    -0.000367
  2   2    17    30     4.540879    -0.000367
  2   2    17    31     4.860624     0.000183
  2   2    17    32     2.809229     0.013533
  2   2    17    33     4.550000     0.000567
  2   2    17    34     3.308698     0.000567
  2   2    17    35     2.809229     0.013533
  2   2    17    36     4.860624     0.000183
  2   2    17    37     5.511316    -0.000367
  2   2    17    38     4.540879    -0.000367
  2   2    17    39     2.809229     0.013533
  2   2    17    40     4.860624     0.000183
  2   2    17    41     6.434672    -0.000133
  2   2    17    42     2.445175    -0.000133
  2   2    17    43     4.860624     0.000500
  2   2    17    44     4.860624     0.000500
  2   2    17    45     7.146824     0.000267
  2   2    17    46     3.956132     0.000267
  2   2    17    47     4.860624     0.000500
  2   2    17    48     4.860624     0.000500
 
  CHI0^-1 - CHI^-1 Matrix 
 
  1   1   0   0     1     1     0.000000     5.970991
  1   1   0   0     1     2     3.573412     1.167120
  1   1   0   0     1     3     3.110000     2.864888
  1   1   0   0     1     4     3.573412     1.167120
  1   1   0   0     1     5     4.550000    -0.387750
  1   1   0   0     1     6     3.573412     1.484693
  1   1   0   0     1     7     5.511316    -0.542585
  1   1   0   0     1     8     3.573412     1.484693
  1   1   0   0     1     9     4.550000    -0.387750
  1   1   0   0     1    10     3.573412     1.484693
  1   1   0   0     1    11     5.511316    -0.542585
  1   1   0   0     1    12     3.573412     1.484693
  1   1   0   0     1    13     6.434672    -4.803320
  1   1   0   0     1    14     3.573412    -1.165317
  1   1   0   0     1    15     7.146824    -4.977542
  1   1   0   0     1    16     3.573412    -1.165317
  1   2   0   0     1    17     1.994748    86.100988
  1   2   0   0     1    18     1.994748   -82.922670
  1   2   0   0     1    19     4.092468    41.752097
  1   2   0   0     1    20     4.092468   -41.657803
  1   2   0   0     1    21     3.694742  -245.361127
  1   2   0   0     1    22     3.694742   240.603618
  1   2   0   0     1    23     4.092468  -141.547559
  1   2   0   0     1    24     4.092468   141.641854
  1   2   0   0     1    25     3.441798   589.035970
  1   2   0   0     1    26     3.441798  -587.907701
  1   2   0   0     1    27     5.439103    11.009074
  1   2   0   0     1    28     1.978066   -14.760831
  1   2   0   0     1    29     4.638757  -768.049851
  1   2   0   0     1    30     4.638757   769.438437
  1   2   0   0     1    31     5.439103    63.177713
  1   2   0   0     1    32     1.978066   -66.929470
  1   2   0   0     1    33     3.441798  -292.086318
  1   2   0   0     1    34     3.441798   293.214587
  1   2   0   0     1    35     1.978066  -160.264218
  1   2   0   0     1    36     5.439103   156.512461
  1   2   0   0     1    37     4.638757   113.072437
  1   2   0   0     1    38     4.638757  -111.683850
  1   2   0   0     1    39     1.978066   250.246168
  1   2   0   0     1    40     5.439103  -253.997925
  1   2   0   0     1    41     4.439923   -54.507442
  1   2   0   0     1    42     4.439923    61.383465
  1   2   0   0     1    43     4.092468   -17.126850
  1   2   0   0     1    44     4.092468    18.382834
  1   2   0   0     1    45     5.420795  -132.596426
  1   2   0   0     1    46     5.420795   139.480415
  1   2   0   0     1    47     4.092468   -81.506922
  1   2   0   0     1    48     4.092468    82.762907
  2   1   0   0    17     1     1.994748    86.100988
  2   1   0   0    17     2     1.978066   -54.962162
  2   1   0   0    17     3     3.694742    85.406077
  2   1   0   0    17     4     1.978066   -54.962162
  2   1   0   0    17     5     3.441798    48.870416
  2   1   0   0    17     6     4.092468   -59.668567
  2   1   0   0    17     7     4.638757    48.829922
  2   1   0   0    17     8     4.092468   -59.668567
  2   1   0   0    17     9     3.441798    48.870416
  2   1   0   0    17    10     4.092468   -59.668567
  2   1   0   0    17    11     4.638757    48.829922
  2   1   0   0    17    12     4.092468   -59.668567
  2   1   0   0    17    13     4.439923    27.558398
  2   1   0   0    17    14     5.439103     0.459568
  2   1   0   0    17    15     5.420795    27.563907
  2   1   0   0    17    16     5.439103     0.459568
  2   2   0   0    17    17     0.000000   -10.130570
  2   2   0   0    17    18     3.989496  -132.881688
  2   2   0   0    17    19     2.809229   138.696821
  2   2   0   0    17    20     2.809229   -81.954555
  2   2   0   0    17    21     3.110000  4475.891829
  2   2   0   0    17    22     5.058476 -4621.767475
  2   2   0   0    17    23     2.809229  -399.760874
  2   2   0   0    17    24     2.809229   456.503140
  2   2   0   0    17    25     4.550000 ************
  2   2   0   0    17    26     3.308698 10865.277844
  2   2   0   0    17    27     4.860624  -272.762957
  2   2   0   0    17    28     2.809229   384.679966
  2   2   0   0    17    29     5.511316 12955.800500
  2   2   0   0    17    30     4.540879 ************
  2   2   0   0    17    31     4.860624 -1686.415856
  2   2   0   0    17    32     2.809229  1798.332865
  2   2   0   0    17    33     4.550000  4992.098555
  2   2   0   0    17    34     3.308698 -5099.260857
  2   2   0   0    17    35     2.809229   108.023873
  2   2   0   0    17    36     4.860624     3.893136
  2   2   0   0    17    37     5.511316 -3008.738201
  2   2   0   0    17    38     4.540879  2901.639272
  2   2   0   0    17    39     2.809229 -2785.006811
  2   2   0   0    17    40     4.860624  2896.923820
  2   2   0   0    17    41     6.434672  3412.642365
  2   2   0   0    17    42     2.445175 -3481.468958
  2   2   0   0    17    43     4.860624  -448.772230
  2   2   0   0    17    44     4.860624   475.047246
  2   2   0   0    17    45     7.146824  1068.757445
  2   2   0   0    17    46     3.956132 -1137.631093
  2   2   0   0    17    47     4.860624   157.240926
  2   2   0   0    17    48     4.860624  -130.965911
  type:            1  U0 =    5.97099052693606     
  type:            2  U0 =   -10.1305698880393     
 
 
 
  Extrapolation to a supercell            1           1           1
 
  number of atoms in the supercell:          48
 
 
  type1:            1  type2:            1
 
  number of shells:            7
 
  shell  #n: pc, sc, spinp   dist       chi_pc     chi_sc 
 
    1        1   1   0        0.0000    -0.6078    -0.6078
    2        8   8   0        3.5734     0.0221     0.0221
    3        1   1   0        3.1100     0.0146     0.0146
    4        2   2   0        4.5500     0.0223     0.0223
    5        2   2   0        5.5113     0.0189     0.0189
    6        1   1   0        6.4347     0.0215     0.0215
    7        1   1   0        7.1468     0.0387     0.0387
 
  type1:            1  type2:            2
 
  number of shells:            9
 
  shell  #n: pc, sc, spinp   dist       chi_pc     chi_sc 
 
    1        2   2   0        1.9947    -0.3128    -0.3128
    2        8   8   0        4.0925     0.0158     0.0158
    3        2   2   0        3.6947     0.0115     0.0115
    4        4   4   0        3.4418     0.0165     0.0165
    5        4   4   0        5.4391     0.0177     0.0177
    6        4   4   0        1.9781     0.0091     0.0091
    7        4   4   0        4.6388     0.0142     0.0142
    8        2   2   0        4.4399     0.0147     0.0147
    9        2   2   0        5.4208     0.0320     0.0320
 
  type1:            2  type2:            2
 
  number of shells:           14
 
  shell  #n: pc, sc, spinp   dist       chi_pc     chi_sc 
 
    1        1   1   0        0.0000    -0.0177    -0.0177
    2        1   1   0        3.9895    -0.0177    -0.0177
    3        8   8   0        2.8092     0.0030     0.0030
    4        1   1   0        3.1100     0.0085     0.0085
    5        1   1   0        5.0585     0.0085     0.0085
    6        2   2   0        4.5500     0.0107     0.0107
    7        2   2   0        3.3087     0.0107     0.0107
    8        8   8   0        4.8606     0.0115     0.0115
    9        2   2   0        5.5113     0.0095     0.0095
   10        2   2   0        4.5409     0.0095     0.0095
   11        1   1   0        6.4347     0.0078     0.0078
   12        1   1   0        2.4452     0.0078     0.0078
   13        1   1   0        7.1468     0.0253     0.0253
   14        1   1   0        3.9561     0.0253     0.0253
 
  CHI0 Matrix 
 
  1   1   0   0     1     1     0.000000    -0.607767
  1   1   0   0     1     2     3.573412     0.022067
  1   1   0   0     1     3     3.110000     0.014567
  1   1   0   0     1     4     3.573412     0.022067
  1   1   0   0     1     5     4.550000     0.022300
  1   1   0   0     1     6     3.573412     0.022067
  1   1   0   0     1     7     5.511316     0.018867
  1   1   0   0     1     8     3.573412     0.022067
  1   1   0   0     1     9     4.550000     0.022300
  1   1   0   0     1    10     3.573412     0.022067
  1   1   0   0     1    11     5.511316     0.018867
  1   1   0   0     1    12     3.573412     0.022067
  1   1   0   0     1    13     6.434672     0.021533
  1   1   0   0     1    14     3.573412     0.022067
  1   1   0   0     1    15     7.146824     0.038700
  1   1   0   0     1    16     3.573412     0.022067
  1   2   0   0     1    17     1.994748    -0.312750
  1   2   0   0     1    18     1.994748    -0.312750
  1   2   0   0     1    19     4.092468     0.015817
  1   2   0   0     1    20     4.092468     0.015817
  1   2   0   0     1    21     3.694742     0.011550
  1   2   0   0     1    22     3.694742     0.011550
  1   2   0   0     1    23     4.092468     0.015817
  1   2   0   0     1    24     4.092468     0.015817
  1   2   0   0     1    25     3.441798     0.016483
  1   2   0   0     1    26     3.441798     0.016483
  1   2   0   0     1    27     5.439103     0.017667
  1   2   0   0     1    28     1.978066     0.009100
  1   2   0   0     1    29     4.638757     0.014200
  1   2   0   0     1    30     4.638757     0.014200
  1   2   0   0     1    31     5.439103     0.017667
  1   2   0   0     1    32     1.978066     0.009100
  1   2   0   0     1    33     3.441798     0.016483
  1   2   0   0     1    34     3.441798     0.016483
  1   2   0   0     1    35     1.978066     0.009100
  1   2   0   0     1    36     5.439103     0.017667
  1   2   0   0     1    37     4.638757     0.014200
  1   2   0   0     1    38     4.638757     0.014200
  1   2   0   0     1    39     1.978066     0.009100
  1   2   0   0     1    40     5.439103     0.017667
  1   2   0   0     1    41     4.439923     0.014683
  1   2   0   0     1    42     4.439923     0.014683
  1   2   0   0     1    43     4.092468     0.015817
  1   2   0   0     1    44     4.092468     0.015817
  1   2   0   0     1    45     5.420795     0.032000
  1   2   0   0     1    46     5.420795     0.032000
  1   2   0   0     1    47     4.092468     0.015817
  1   2   0   0     1    48     4.092468     0.015817
  2   1   0   0    17     1     1.994748    -0.312750
  2   1   0   0    17     2     1.978066     0.009100
  2   1   0   0    17     3     3.694742     0.011550
  2   1   0   0    17     4     1.978066     0.009100
  2   1   0   0    17     5     3.441798     0.016483
  2   1   0   0    17     6     4.092468     0.015817
  2   1   0   0    17     7     4.638757     0.014200
  2   1   0   0    17     8     4.092468     0.015817
  2   1   0   0    17     9     3.441798     0.016483
  2   1   0   0    17    10     4.092468     0.015817
  2   1   0   0    17    11     4.638757     0.014200
  2   1   0   0    17    12     4.092468     0.015817
  2   1   0   0    17    13     4.439923     0.014683
  2   1   0   0    17    14     5.439103     0.017667
  2   1   0   0    17    15     5.420795     0.032000
  2   1   0   0    17    16     5.439103     0.017667
  2   2   0   0    17    17     0.000000    -0.017733
  2   2   0   0    17    18     3.989496    -0.017733
  2   2   0   0    17    19     2.809229     0.002967
  2   2   0   0    17    20     2.809229     0.002967
  2   2   0   0    17    21     3.110000     0.008533
  2   2   0   0    17    22     5.058476     0.008533
  2   2   0   0    17    23     2.809229     0.002967
  2   2   0   0    17    24     2.809229     0.002967
  2   2   0   0    17    25     4.550000     0.010667
  2   2   0   0    17    26     3.308698     0.010667
  2   2   0   0    17    27     4.860624     0.011533
  2   2   0   0    17    28     2.809229     0.002967
  2   2   0   0    17    29     5.511316     0.009533
  2   2   0   0    17    30     4.540879     0.009533
  2   2   0   0    17    31     4.860624     0.011533
  2   2   0   0    17    32     2.809229     0.002967
  2   2   0   0    17    33     4.550000     0.010667
  2   2   0   0    17    34     3.308698     0.010667
  2   2   0   0    17    35     2.809229     0.002967
  2   2   0   0    17    36     4.860624     0.011533
  2   2   0   0    17    37     5.511316     0.009533
  2   2   0   0    17    38     4.540879     0.009533
  2   2   0   0    17    39     2.809229     0.002967
  2   2   0   0    17    40     4.860624     0.011533
  2   2   0   0    17    41     6.434672     0.007833
  2   2   0   0    17    42     2.445175     0.007833
  2   2   0   0    17    43     4.860624     0.011533
  2   2   0   0    17    44     4.860624     0.011533
  2   2   0   0    17    45     7.146824     0.025300
  2   2   0   0    17    46     3.956132     0.025300
  2   2   0   0    17    47     4.860624     0.011533
  2   2   0   0    17    48     4.860624     0.011533
 
  CHI Matrix 
 
  1   1   0   0     1     1     0.000000    -0.122967
  1   1   0   0     1     2     3.573412     0.000900
  1   1   0   0     1     3     3.110000     0.001567
  1   1   0   0     1     4     3.573412     0.000900
  1   1   0   0     1     5     4.550000     0.000700
  1   1   0   0     1     6     3.573412     0.000900
  1   1   0   0     1     7     5.511316     0.000633
  1   1   0   0     1     8     3.573412     0.000900
  1   1   0   0     1     9     4.550000     0.000700
  1   1   0   0     1    10     3.573412     0.000900
  1   1   0   0     1    11     5.511316     0.000633
  1   1   0   0     1    12     3.573412     0.000900
  1   1   0   0     1    13     6.434672     0.001567
  1   1   0   0     1    14     3.573412     0.000900
  1   1   0   0     1    15     7.146824     0.000367
  1   1   0   0     1    16     3.573412     0.000900
  1   2   0   0     1    17     1.994748    -0.054333
  1   2   0   0     1    18     1.994748    -0.054333
  1   2   0   0     1    19     4.092468    -0.000317
  1   2   0   0     1    20     4.092468    -0.000317
  1   2   0   0     1    21     3.694742     0.001183
  1   2   0   0     1    22     3.694742     0.001183
  1   2   0   0     1    23     4.092468    -0.000317
  1   2   0   0     1    24     4.092468    -0.000317
  1   2   0   0     1    25     3.441798     0.000633
  1   2   0   0     1    26     3.441798     0.000633
  1   2   0   0     1    27     5.439103     0.000383
  1   2   0   0     1    28     1.978066     0.007217
  1   2   0   0     1    29     4.638757     0.000133
  1   2   0   0     1    30     4.638757     0.000133
  1   2   0   0     1    31     5.439103     0.000383
  1   2   0   0     1    32     1.978066     0.007217
  1   2   0   0     1    33     3.441798     0.000633
  1   2   0   0     1    34     3.441798     0.000633
  1   2   0   0     1    35     1.978066     0.007217
  1   2   0   0     1    36     5.439103     0.000383
  1   2   0   0     1    37     4.638757     0.000133
  1   2   0   0     1    38     4.638757     0.000133
  1   2   0   0     1    39     1.978066     0.007217
  1   2   0   0     1    40     5.439103     0.000383
  1   2   0   0     1    41     4.439923     0.000717
  1   2   0   0     1    42     4.439923     0.000717
  1   2   0   0     1    43     4.092468    -0.000317
  1   2   0   0     1    44     4.092468    -0.000317
  1   2   0   0     1    45     5.420795     0.000317
  1   2   0   0     1    46     5.420795     0.000317
  1   2   0   0     1    47     4.092468    -0.000317
  1   2   0   0     1    48     4.092468    -0.000317
  2   1   0   0    17     1     1.994748    -0.054333
  2   1   0   0    17     2     1.978066     0.007217
  2   1   0   0    17     3     3.694742     0.001183
  2   1   0   0    17     4     1.978066     0.007217
  2   1   0   0    17     5     3.441798     0.000633
  2   1   0   0    17     6     4.092468    -0.000317
  2   1   0   0    17     7     4.638757     0.000133
  2   1   0   0    17     8     4.092468    -0.000317
  2   1   0   0    17     9     3.441798     0.000633
  2   1   0   0    17    10     4.092468    -0.000317
  2   1   0   0    17    11     4.638757     0.000133
  2   1   0   0    17    12     4.092468    -0.000317
  2   1   0   0    17    13     4.439923     0.000717
  2   1   0   0    17    14     5.439103     0.000383
  2   1   0   0    17    15     5.420795     0.000317
  2   1   0   0    17    16     5.439103     0.000383
  2   2   0   0    17    17     0.000000     0.014300
  2   2   0   0    17    18     3.989496     0.014300
  2   2   0   0    17    19     2.809229     0.007017
  2   2   0   0    17    20     2.809229     0.007017
  2   2   0   0    17    21     3.110000     0.000800
  2   2   0   0    17    22     5.058476     0.000800
  2   2   0   0    17    23     2.809229     0.007017
  2   2   0   0    17    24     2.809229     0.007017
  2   2   0   0    17    25     4.550000     0.000567
  2   2   0   0    17    26     3.308698     0.000567
  2   2   0   0    17    27     4.860624     0.000183
  2   2   0   0    17    28     2.809229     0.007017
  2   2   0   0    17    29     5.511316    -0.000367
  2   2   0   0    17    30     4.540879    -0.000367
  2   2   0   0    17    31     4.860624     0.000183
  2   2   0   0    17    32     2.809229     0.007017
  2   2   0   0    17    33     4.550000     0.000567
  2   2   0   0    17    34     3.308698     0.000567
  2   2   0   0    17    35     2.809229     0.007017
  2   2   0   0    17    36     4.860624     0.000183
  2   2   0   0    17    37     5.511316    -0.000367
  2   2   0   0    17    38     4.540879    -0.000367
  2   2   0   0    17    39     2.809229     0.007017
  2   2   0   0    17    40     4.860624     0.000183
  2   2   0   0    17    41     6.434672    -0.000133
  2   2   0   0    17    42     2.445175    -0.000133
  2   2   0   0    17    43     4.860624     0.000183
  2   2   0   0    17    44     4.860624     0.000183
  2   2   0   0    17    45     7.146824     0.000267
  2   2   0   0    17    46     3.956132     0.000267
  2   2   0   0    17    47     4.860624     0.000183
  2   2   0   0    17    48     4.860624     0.000183
 
  CHI0^-1 - CHI^-1 Matrix 
 
  1   1   0   0     1     1     0.000000 ************
  1   1   0   0     1     2     3.573412 ************
  1   1   0   0     1     3     3.110000 ************
  1   1   0   0     1     4     3.573412 ************
  1   1   0   0     1     5     4.550000 ************
  1   1   0   0     1     6     3.573412 ************
  1   1   0   0     1     7     5.511316 ************
  1   1   0   0     1     8     3.573412 ************
  1   1   0   0     1     9     4.550000 ************
  1   1   0   0     1    10     3.573412 ************
  1   1   0   0     1    11     5.511316 ************
  1   1   0   0     1    12     3.573412 ************
  1   1   0   0     1    13     6.434672 ************
  1   1   0   0     1    14     3.573412 ************
  1   1   0   0     1    15     7.146824 ************
  1   1   0   0     1    16     3.573412 ************
  1   2   0   0     1    17     1.994748 ************
  1   2   0   0     1    18     1.994748 ************
  1   2   0   0     1    19     4.092468 ************
  1   2   0   0     1    20     4.092468 ************
  1   2   0   0     1    21     3.694742 ************
  1   2   0   0     1    22     3.694742 ************
  1   2   0   0     1    23     4.092468 ************
  1   2   0   0     1    24     4.092468 ************
  1   2   0   0     1    25     3.441798 ************
  1   2   0   0     1    26     3.441798 ************
  1   2   0   0     1    27     5.439103 ************
  1   2   0   0     1    28     1.978066 ************
  1   2   0   0     1    29     4.638757 ************
  1   2   0   0     1    30     4.638757 ************
  1   2   0   0     1    31     5.439103 ************
  1   2   0   0     1    32     1.978066 ************
  1   2   0   0     1    33     3.441798 ************
  1   2   0   0     1    34     3.441798 ************
  1   2   0   0     1    35     1.978066 ************
  1   2   0   0     1    36     5.439103 ************
  1   2   0   0     1    37     4.638757 ************
  1   2   0   0     1    38     4.638757 ************
  1   2   0   0     1    39     1.978066 ************
  1   2   0   0     1    40     5.439103 ************
  1   2   0   0     1    41     4.439923 ************
  1   2   0   0     1    42     4.439923 ************
  1   2   0   0     1    43     4.092468 ************
  1   2   0   0     1    44     4.092468 ************
  1   2   0   0     1    45     5.420795 ************
  1   2   0   0     1    46     5.420795 ************
  1   2   0   0     1    47     4.092468 ************
  1   2   0   0     1    48     4.092468 ************
  2   1   0   0    17     1     1.994748 ************
  2   1   0   0    17     2     1.978066 ************
  2   1   0   0    17     3     3.694742 ************
  2   1   0   0    17     4     1.978066 ************
  2   1   0   0    17     5     3.441798 ************
  2   1   0   0    17     6     4.092468 ************
  2   1   0   0    17     7     4.638757 ************
  2   1   0   0    17     8     4.092468 ************
  2   1   0   0    17     9     3.441798 ************
  2   1   0   0    17    10     4.092468 ************
  2   1   0   0    17    11     4.638757 ************
  2   1   0   0    17    12     4.092468 ************
  2   1   0   0    17    13     4.439923 ************
  2   1   0   0    17    14     5.439103 ************
  2   1   0   0    17    15     5.420795 ************
  2   1   0   0    17    16     5.439103 ************
  2   2   0   0    17    17     0.000000 ************
  2   2   0   0    17    18     3.989496 ************
  2   2   0   0    17    19     2.809229 ************
  2   2   0   0    17    20     2.809229 ************
  2   2   0   0    17    21     3.110000 ************
  2   2   0   0    17    22     5.058476 ************
  2   2   0   0    17    23     2.809229 ************
  2   2   0   0    17    24     2.809229 ************
  2   2   0   0    17    25     4.550000 ************
  2   2   0   0    17    26     3.308698 ************
  2   2   0   0    17    27     4.860624 ************
  2   2   0   0    17    28     2.809229 ************
  2   2   0   0    17    29     5.511316 ************
  2   2   0   0    17    30     4.540879 ************
  2   2   0   0    17    31     4.860624 ************
  2   2   0   0    17    32     2.809229 ************
  2   2   0   0    17    33     4.550000 ************
  2   2   0   0    17    34     3.308698 ************
  2   2   0   0    17    35     2.809229 ************
  2   2   0   0    17    36     4.860624 ************
  2   2   0   0    17    37     5.511316 ************
  2   2   0   0    17    38     4.540879 ************
  2   2   0   0    17    39     2.809229 ************
  2   2   0   0    17    40     4.860624 ************
  2   2   0   0    17    41     6.434672 ************
  2   2   0   0    17    42     2.445175 ************
  2   2   0   0    17    43     4.860624 ************
  2   2   0   0    17    44     4.860624 ************
  2   2   0   0    17    45     7.146824 ************
  2   2   0   0    17    46     3.956132 ************
  2   2   0   0    17    47     4.860624 ************
  2   2   0   0    17    48     4.860624 ************
  type:            1  U1 =  -7.954440360161497E+015
  type:            2  U1 =   4.815135319276344E+016
