 
  number of atoms in the primitive cell:          48
 
 
  CHI0 Matrix 
 
  1   1     1     1     0.000000    -0.985600
  1   1     1     2     3.747913     0.048167
  1   1     1     3     2.680000     0.069467
  1   1     1     4     3.747913     0.048167
  1   1     1     5     4.950000     0.042900
  1   1     1     6     3.747913     0.048150
  1   1     1     7     5.628934     0.047367
  1   1     1     8     3.747913     0.048150
  1   1     1     9     4.950000     0.042900
  1   1     1    10     3.747913     0.048150
  1   1     1    11     5.628934     0.047367
  1   1     1    12     3.747913     0.048150
  1   1     1    13     7.000357     0.030767
  1   1     1    14     3.747913     0.048167
  1   1     1    15     7.495826    -0.001067
  1   1     1    16     3.747913     0.048167
  1   2     1    17     1.960100     0.026717
  1   2     1    18     1.960100     0.026717
  1   2     1    19     4.229520     0.003950
  1   2     1    20     4.229520     0.003950
  1   2     1    21     3.320300     0.001750
  1   2     1    22     3.320300     0.001750
  1   2     1    23     4.229520     0.003950
  1   2     1    24     4.229520     0.003950
  1   2     1    25     3.824015     0.004117
  1   2     1    26     3.824015     0.004117
  1   2     1    27     5.622299     0.004567
  1   2     1    28     2.041431     0.020567
  1   2     1    29     4.669635     0.004533
  1   2     1    30     4.669635     0.004533
  1   2     1    31     5.622299     0.004567
  1   2     1    32     2.041431     0.020567
  1   2     1    33     3.824015     0.004117
  1   2     1    34     3.824015     0.004117
  1   2     1    35     2.041431     0.020567
  1   2     1    36     5.622299     0.004567
  1   2     1    37     4.669635     0.004533
  1   2     1    38     4.669635     0.004533
  1   2     1    39     2.041431     0.020567
  1   2     1    40     5.622299     0.004567
  1   2     1    41     5.040257     0.003017
  1   2     1    42     5.040257     0.003017
  1   2     1    43     4.229520     0.003950
  1   2     1    44     4.229520     0.003950
  1   2     1    45     5.708467    -0.000167
  1   2     1    46     5.708467    -0.000167
  1   2     1    47     4.229520     0.003950
  1   2     1    48     4.229520     0.003950
  2   1    17     1     1.960100     0.026717
  2   1    17     2     2.041431     0.020567
  2   1    17     3     3.320300     0.001750
  2   1    17     4     2.041431     0.020567
  2   1    17     5     3.824015     0.004117
  2   1    17     6     4.229520     0.003950
  2   1    17     7     4.669635     0.004533
  2   1    17     8     4.229520     0.003950
  2   1    17     9     3.824015     0.004117
  2   1    17    10     4.229520     0.003950
  2   1    17    11     4.669635     0.004533
  2   1    17    12     4.229520     0.003950
  2   1    17    13     5.040257     0.003017
  2   1    17    14     5.622299     0.004567
  2   1    17    15     5.708467    -0.000167
  2   1    17    16     5.622299     0.004567
  2   2    17    17     0.000000    -0.128033
  2   2    17    18     3.920200     0.006033
  2   2    17    19     2.830094     0.001267
  2   2    17    20     2.830094     0.001267
  2   2    17    21     2.680000     0.000100
  2   2    17    22     4.748723     0.000033
  2   2    17    23     2.830094     0.001267
  2   2    17    24     2.830094     0.001267
  2   2    17    25     4.950000     0.000800
  2   2    17    26     3.525290    -0.000133
  2   2    17    27     5.437981     0.000267
  2   2    17    28     2.830094     0.001267
  2   2    17    29     5.628934     0.000767
  2   2    17    30     4.428326     0.000500
  2   2    17    31     5.437981     0.000267
  2   2    17    32     2.830094     0.001267
  2   2    17    33     4.950000     0.000800
  2   2    17    34     3.525290    -0.000133
  2   2    17    35     2.830094     0.001267
  2   2    17    36     5.437981     0.000267
  2   2    17    37     5.628934     0.000767
  2   2    17    38     4.428326     0.000500
  2   2    17    39     2.830094     0.001267
  2   2    17    40     5.437981     0.000267
  2   2    17    41     7.000357     0.000767
  2   2    17    42     3.080157    -0.000400
  2   2    17    43     5.437981     0.000267
  2   2    17    44     5.437981     0.000267
  2   2    17    45     7.495826    -0.000400
  2   2    17    46     4.082863     0.004033
  2   2    17    47     5.437981     0.000267
  2   2    17    48     5.437981     0.000267
 
  CHI Matrix 
 
  1   1     1     1     0.000000    -0.183800
  1   1     1     2     3.747913     0.001533
  1   1     1     3     2.680000     0.021733
  1   1     1     4     3.747913     0.001533
  1   1     1     5     4.950000    -0.001833
  1   1     1     6     3.747913     0.001550
  1   1     1     7     5.628934    -0.000067
  1   1     1     8     3.747913     0.001550
  1   1     1     9     4.950000    -0.001833
  1   1     1    10     3.747913     0.001550
  1   1     1    11     5.628934    -0.000067
  1   1     1    12     3.747913     0.001550
  1   1     1    13     7.000357    -0.001467
  1   1     1    14     3.747913     0.001533
  1   1     1    15     7.495826     0.000333
  1   1     1    16     3.747913     0.001533
  1   2     1    17     1.960100     0.018350
  1   2     1    18     1.960100     0.018350
  1   2     1    19     4.229520    -0.000183
  1   2     1    20     4.229520    -0.000183
  1   2     1    21     3.320300     0.001067
  1   2     1    22     3.320300     0.001067
  1   2     1    23     4.229520    -0.000183
  1   2     1    24     4.229520    -0.000183
  1   2     1    25     3.824015     0.000717
  1   2     1    26     3.824015     0.000717
  1   2     1    27     5.622299     0.000533
  1   2     1    28     2.041431     0.012633
  1   2     1    29     4.669635    -0.000133
  1   2     1    30     4.669635    -0.000133
  1   2     1    31     5.622299     0.000533
  1   2     1    32     2.041431     0.012633
  1   2     1    33     3.824015     0.000717
  1   2     1    34     3.824015     0.000717
  1   2     1    35     2.041431     0.012633
  1   2     1    36     5.622299     0.000533
  1   2     1    37     4.669635    -0.000133
  1   2     1    38     4.669635    -0.000133
  1   2     1    39     2.041431     0.012633
  1   2     1    40     5.622299     0.000533
  1   2     1    41     5.040257    -0.001300
  1   2     1    42     5.040257    -0.001300
  1   2     1    43     4.229520    -0.000183
  1   2     1    44     4.229520    -0.000183
  1   2     1    45     5.708467     0.000467
  1   2     1    46     5.708467     0.000467
  1   2     1    47     4.229520    -0.000183
  1   2     1    48     4.229520    -0.000183
  2   1    17     1     1.960100     0.018350
  2   1    17     2     2.041431     0.012633
  2   1    17     3     3.320300     0.001067
  2   1    17     4     2.041431     0.012633
  2   1    17     5     3.824015     0.000717
  2   1    17     6     4.229520    -0.000183
  2   1    17     7     4.669635    -0.000133
  2   1    17     8     4.229520    -0.000183
  2   1    17     9     3.824015     0.000717
  2   1    17    10     4.229520    -0.000183
  2   1    17    11     4.669635    -0.000133
  2   1    17    12     4.229520    -0.000183
  2   1    17    13     5.040257    -0.001300
  2   1    17    14     5.622299     0.000533
  2   1    17    15     5.708467     0.000467
  2   1    17    16     5.622299     0.000533
  2   2    17    17     0.000000    -0.052133
  2   2    17    18     3.920200     0.000500
  2   2    17    19     2.830094     0.000817
  2   2    17    20     2.830094     0.000817
  2   2    17    21     2.680000     0.002333
  2   2    17    22     4.748723     0.000367
  2   2    17    23     2.830094     0.000817
  2   2    17    24     2.830094     0.000817
  2   2    17    25     4.950000     0.000333
  2   2    17    26     3.525290     0.000233
  2   2    17    27     5.437981    -0.000033
  2   2    17    28     2.830094     0.000833
  2   2    17    29     5.628934     0.000367
  2   2    17    30     4.428326    -0.000300
  2   2    17    31     5.437981    -0.000033
  2   2    17    32     2.830094     0.000833
  2   2    17    33     4.950000     0.000333
  2   2    17    34     3.525290     0.000233
  2   2    17    35     2.830094     0.000833
  2   2    17    36     5.437981    -0.000033
  2   2    17    37     5.628934     0.000367
  2   2    17    38     4.428326    -0.000300
  2   2    17    39     2.830094     0.000833
  2   2    17    40     5.437981    -0.000033
  2   2    17    41     7.000357    -0.000400
  2   2    17    42     3.080157     0.000167
  2   2    17    43     5.437981     0.000033
  2   2    17    44     5.437981     0.000033
  2   2    17    45     7.495826    -0.000533
  2   2    17    46     4.082863    -0.000467
  2   2    17    47     5.437981     0.000033
  2   2    17    48     5.437981     0.000033
 
  CHI0^-1 - CHI^-1 Matrix 
 
  1   1   0   0     1     1     0.000000     5.266084
  1   1   0   0     1     2     3.747913    -0.201133
  1   1   0   0     1     3     2.680000     1.077667
  1   1   0   0     1     4     3.747913    -0.201133
  1   1   0   0     1     5     4.950000    -0.549380
  1   1   0   0     1     6     3.747913    -0.199851
  1   1   0   0     1     7     5.628934    -0.536427
  1   1   0   0     1     8     3.747913    -0.199851
  1   1   0   0     1     9     4.950000    -0.549380
  1   1   0   0     1    10     3.747913    -0.199851
  1   1   0   0     1    11     5.628934    -0.536427
  1   1   0   0     1    12     3.747913    -0.199851
  1   1   0   0     1    13     7.000357    -0.606646
  1   1   0   0     1    14     3.747913    -0.200209
  1   1   0   0     1    15     7.495826    -0.474342
  1   1   0   0     1    16     3.747913    -0.200209
  1   2   0   0     1    17     1.960100     2.001907
  1   2   0   0     1    18     1.960100     2.006777
  1   2   0   0     1    19     4.229520    -0.437439
  1   2   0   0     1    20     4.229520    -0.437439
  1   2   0   0     1    21     3.320300     0.563140
  1   2   0   0     1    22     3.320300     0.563855
  1   2   0   0     1    23     4.229520    -0.437439
  1   2   0   0     1    24     4.229520    -0.437439
  1   2   0   0     1    25     3.824015    -0.269735
  1   2   0   0     1    26     3.824015    -0.269724
  1   2   0   0     1    27     5.622299    -0.427327
  1   2   0   0     1    28     2.041431     1.624005
  1   2   0   0     1    29     4.669635    -0.363752
  1   2   0   0     1    30     4.669635    -0.363698
  1   2   0   0     1    31     5.622299    -0.427327
  1   2   0   0     1    32     2.041431     1.624005
  1   2   0   0     1    33     3.824015    -0.269735
  1   2   0   0     1    34     3.824015    -0.269724
  1   2   0   0     1    35     2.041431     1.624005
  1   2   0   0     1    36     5.622299    -0.427327
  1   2   0   0     1    37     4.669635    -0.363752
  1   2   0   0     1    38     4.669635    -0.363698
  1   2   0   0     1    39     2.041431     1.624005
  1   2   0   0     1    40     5.622299    -0.427327
  1   2   0   0     1    41     5.040257    -0.654038
  1   2   0   0     1    42     5.040257    -0.654637
  1   2   0   0     1    43     4.229520    -0.435781
  1   2   0   0     1    44     4.229520    -0.435781
  1   2   0   0     1    45     5.708467    -0.452551
  1   2   0   0     1    46     5.708467    -0.453113
  1   2   0   0     1    47     4.229520    -0.435781
  1   2   0   0     1    48     4.229520    -0.435781
  2   1   0   0    17     1     1.960100     2.001907
  2   1   0   0    17     2     2.041431     1.615490
  2   1   0   0    17     3     3.320300     0.559211
  2   1   0   0    17     4     2.041431     1.615490
  2   1   0   0    17     5     3.824015    -0.275597
  2   1   0   0    17     6     4.229520    -0.444738
  2   1   0   0    17     7     4.669635    -0.369588
  2   1   0   0    17     8     4.229520    -0.444738
  2   1   0   0    17     9     3.824015    -0.275597
  2   1   0   0    17    10     4.229520    -0.444738
  2   1   0   0    17    11     4.669635    -0.369588
  2   1   0   0    17    12     4.229520    -0.444738
  2   1   0   0    17    13     5.040257    -0.670283
  2   1   0   0    17    14     5.622299    -0.426983
  2   1   0   0    17    15     5.708467    -0.468850
  2   1   0   0    17    16     5.622299    -0.426983
  2   2   0   0    17    17     0.000000    13.052815
  2   2   0   0    17    18     3.920200     0.390482
  2   2   0   0    17    19     2.830094     0.735665
  2   2   0   0    17    20     2.830094     0.735665
  2   2   0   0    17    21     2.680000     2.035571
  2   2   0   0    17    22     4.748723     0.218656
  2   2   0   0    17    23     2.830094     0.735665
  2   2   0   0    17    24     2.830094     0.735665
  2   2   0   0    17    25     4.950000    -0.273107
  2   2   0   0    17    26     3.525290    -0.273484
  2   2   0   0    17    27     5.437981    -0.540521
  2   2   0   0    17    28     2.830094     0.744234
  2   2   0   0    17    29     5.628934    -0.320905
  2   2   0   0    17    30     4.428326    -0.548303
  2   2   0   0    17    31     5.437981    -0.540521
  2   2   0   0    17    32     2.830094     0.744234
  2   2   0   0    17    33     4.950000    -0.273107
  2   2   0   0    17    34     3.525290    -0.273484
  2   2   0   0    17    35     2.830094     0.744234
  2   2   0   0    17    36     5.437981    -0.540521
  2   2   0   0    17    37     5.628934    -0.320905
  2   2   0   0    17    38     4.428326    -0.548303
  2   2   0   0    17    39     2.830094     0.744234
  2   2   0   0    17    40     5.437981    -0.540521
  2   2   0   0    17    41     7.000357    -0.846769
  2   2   0   0    17    42     3.080157     0.522576
  2   2   0   0    17    43     5.437981    -0.503445
  2   2   0   0    17    44     5.437981    -0.503445
  2   2   0   0    17    45     7.495826    -0.742349
  2   2   0   0    17    46     4.082863     0.150943
  2   2   0   0    17    47     5.437981    -0.503445
  2   2   0   0    17    48     5.437981    -0.503445
  type:            1  U0 =    5.26608433242282     
  type:            2  U0 =    13.0528148270550     
 
 
 
  Extrapolation to a supercell            1           1           1
 
  number of atoms in the supercell:          48
 
 
  type1:            1  type2:            1
 
  number of shells:            7
 
  shell  #n: pc, sc, spinp   dist       chi_pc     chi_sc 
 
    1        1   1   0        0.0000    -0.9856    -0.9856
    2        8   8   0        3.7479     0.0482     0.0482
    3        1   1   0        2.6800     0.0695     0.0695
    4        2   2   0        4.9500     0.0429     0.0429
    5        2   2   0        5.6289     0.0474     0.0474
    6        1   1   0        7.0004     0.0308     0.0308
    7        1   1   0        7.4958    -0.0011    -0.0011
 
  type1:            1  type2:            2
 
  number of shells:            9
 
  shell  #n: pc, sc, spinp   dist       chi_pc     chi_sc 
 
    1        2   2   0        1.9601     0.0267     0.0267
    2        8   8   0        4.2295     0.0039     0.0039
    3        2   2   0        3.3203     0.0017     0.0017
    4        4   4   0        3.8240     0.0041     0.0041
    5        4   4   0        5.6223     0.0046     0.0046
    6        4   4   0        2.0414     0.0206     0.0206
    7        4   4   0        4.6696     0.0045     0.0045
    8        2   2   0        5.0403     0.0030     0.0030
    9        2   2   0        5.7085    -0.0002    -0.0002
 
  type1:            2  type2:            2
 
  number of shells:           14
 
  shell  #n: pc, sc, spinp   dist       chi_pc     chi_sc 
 
    1        1   1   0        0.0000    -0.1280    -0.1280
    2        1   1   0        3.9202     0.0060     0.0060
    3        8   8   0        2.8301     0.0013     0.0013
    4        1   1   0        2.6800     0.0001     0.0001
    5        1   1   0        4.7487     0.0000     0.0000
    6        2   2   0        4.9500     0.0008     0.0008
    7        2   2   0        3.5253    -0.0001    -0.0001
    8        8   8   0        5.4380     0.0003     0.0003
    9        2   2   0        5.6289     0.0008     0.0008
   10        2   2   0        4.4283     0.0005     0.0005
   11        1   1   0        7.0004     0.0008     0.0008
   12        1   1   0        3.0802    -0.0004    -0.0004
   13        1   1   0        7.4958    -0.0004    -0.0004
   14        1   1   0        4.0829     0.0040     0.0040
 
  CHI0 Matrix 
 
  1   1   0   0     1     1     0.000000    -0.985600
  1   1   0   0     1     2     3.747913     0.048167
  1   1   0   0     1     3     2.680000     0.069467
  1   1   0   0     1     4     3.747913     0.048167
  1   1   0   0     1     5     4.950000     0.042900
  1   1   0   0     1     6     3.747913     0.048167
  1   1   0   0     1     7     5.628934     0.047367
  1   1   0   0     1     8     3.747913     0.048167
  1   1   0   0     1     9     4.950000     0.042900
  1   1   0   0     1    10     3.747913     0.048167
  1   1   0   0     1    11     5.628934     0.047367
  1   1   0   0     1    12     3.747913     0.048167
  1   1   0   0     1    13     7.000357     0.030767
  1   1   0   0     1    14     3.747913     0.048167
  1   1   0   0     1    15     7.495826    -0.001067
  1   1   0   0     1    16     3.747913     0.048167
  1   2   0   0     1    17     1.960100     0.026717
  1   2   0   0     1    18     1.960100     0.026717
  1   2   0   0     1    19     4.229520     0.003950
  1   2   0   0     1    20     4.229520     0.003950
  1   2   0   0     1    21     3.320300     0.001750
  1   2   0   0     1    22     3.320300     0.001750
  1   2   0   0     1    23     4.229520     0.003950
  1   2   0   0     1    24     4.229520     0.003950
  1   2   0   0     1    25     3.824015     0.004117
  1   2   0   0     1    26     3.824015     0.004117
  1   2   0   0     1    27     5.622299     0.004567
  1   2   0   0     1    28     2.041431     0.020567
  1   2   0   0     1    29     4.669635     0.004533
  1   2   0   0     1    30     4.669635     0.004533
  1   2   0   0     1    31     5.622299     0.004567
  1   2   0   0     1    32     2.041431     0.020567
  1   2   0   0     1    33     3.824015     0.004117
  1   2   0   0     1    34     3.824015     0.004117
  1   2   0   0     1    35     2.041431     0.020567
  1   2   0   0     1    36     5.622299     0.004567
  1   2   0   0     1    37     4.669635     0.004533
  1   2   0   0     1    38     4.669635     0.004533
  1   2   0   0     1    39     2.041431     0.020567
  1   2   0   0     1    40     5.622299     0.004567
  1   2   0   0     1    41     5.040257     0.003017
  1   2   0   0     1    42     5.040257     0.003017
  1   2   0   0     1    43     4.229520     0.003950
  1   2   0   0     1    44     4.229520     0.003950
  1   2   0   0     1    45     5.708467    -0.000167
  1   2   0   0     1    46     5.708467    -0.000167
  1   2   0   0     1    47     4.229520     0.003950
  1   2   0   0     1    48     4.229520     0.003950
  2   1   0   0    17     1     1.960100     0.026717
  2   1   0   0    17     2     2.041431     0.020567
  2   1   0   0    17     3     3.320300     0.001750
  2   1   0   0    17     4     2.041431     0.020567
  2   1   0   0    17     5     3.824015     0.004117
  2   1   0   0    17     6     4.229520     0.003950
  2   1   0   0    17     7     4.669635     0.004533
  2   1   0   0    17     8     4.229520     0.003950
  2   1   0   0    17     9     3.824015     0.004117
  2   1   0   0    17    10     4.229520     0.003950
  2   1   0   0    17    11     4.669635     0.004533
  2   1   0   0    17    12     4.229520     0.003950
  2   1   0   0    17    13     5.040257     0.003017
  2   1   0   0    17    14     5.622299     0.004567
  2   1   0   0    17    15     5.708467    -0.000167
  2   1   0   0    17    16     5.622299     0.004567
  2   2   0   0    17    17     0.000000    -0.128033
  2   2   0   0    17    18     3.920200     0.006033
  2   2   0   0    17    19     2.830094     0.001267
  2   2   0   0    17    20     2.830094     0.001267
  2   2   0   0    17    21     2.680000     0.000100
  2   2   0   0    17    22     4.748723     0.000033
  2   2   0   0    17    23     2.830094     0.001267
  2   2   0   0    17    24     2.830094     0.001267
  2   2   0   0    17    25     4.950000     0.000800
  2   2   0   0    17    26     3.525290    -0.000133
  2   2   0   0    17    27     5.437981     0.000267
  2   2   0   0    17    28     2.830094     0.001267
  2   2   0   0    17    29     5.628934     0.000767
  2   2   0   0    17    30     4.428326     0.000500
  2   2   0   0    17    31     5.437981     0.000267
  2   2   0   0    17    32     2.830094     0.001267
  2   2   0   0    17    33     4.950000     0.000800
  2   2   0   0    17    34     3.525290    -0.000133
  2   2   0   0    17    35     2.830094     0.001267
  2   2   0   0    17    36     5.437981     0.000267
  2   2   0   0    17    37     5.628934     0.000767
  2   2   0   0    17    38     4.428326     0.000500
  2   2   0   0    17    39     2.830094     0.001267
  2   2   0   0    17    40     5.437981     0.000267
  2   2   0   0    17    41     7.000357     0.000767
  2   2   0   0    17    42     3.080157    -0.000400
  2   2   0   0    17    43     5.437981     0.000267
  2   2   0   0    17    44     5.437981     0.000267
  2   2   0   0    17    45     7.495826    -0.000400
  2   2   0   0    17    46     4.082863     0.004033
  2   2   0   0    17    47     5.437981     0.000267
  2   2   0   0    17    48     5.437981     0.000267
 
  CHI Matrix 
 
  1   1   0   0     1     1     0.000000    -0.183800
  1   1   0   0     1     2     3.747913     0.001533
  1   1   0   0     1     3     2.680000     0.021733
  1   1   0   0     1     4     3.747913     0.001533
  1   1   0   0     1     5     4.950000    -0.001833
  1   1   0   0     1     6     3.747913     0.001533
  1   1   0   0     1     7     5.628934    -0.000067
  1   1   0   0     1     8     3.747913     0.001533
  1   1   0   0     1     9     4.950000    -0.001833
  1   1   0   0     1    10     3.747913     0.001533
  1   1   0   0     1    11     5.628934    -0.000067
  1   1   0   0     1    12     3.747913     0.001533
  1   1   0   0     1    13     7.000357    -0.001467
  1   1   0   0     1    14     3.747913     0.001533
  1   1   0   0     1    15     7.495826     0.000333
  1   1   0   0     1    16     3.747913     0.001533
  1   2   0   0     1    17     1.960100     0.018350
  1   2   0   0     1    18     1.960100     0.018350
  1   2   0   0     1    19     4.229520    -0.000183
  1   2   0   0     1    20     4.229520    -0.000183
  1   2   0   0     1    21     3.320300     0.001067
  1   2   0   0     1    22     3.320300     0.001067
  1   2   0   0     1    23     4.229520    -0.000183
  1   2   0   0     1    24     4.229520    -0.000183
  1   2   0   0     1    25     3.824015     0.000717
  1   2   0   0     1    26     3.824015     0.000717
  1   2   0   0     1    27     5.622299     0.000533
  1   2   0   0     1    28     2.041431     0.012633
  1   2   0   0     1    29     4.669635    -0.000133
  1   2   0   0     1    30     4.669635    -0.000133
  1   2   0   0     1    31     5.622299     0.000533
  1   2   0   0     1    32     2.041431     0.012633
  1   2   0   0     1    33     3.824015     0.000717
  1   2   0   0     1    34     3.824015     0.000717
  1   2   0   0     1    35     2.041431     0.012633
  1   2   0   0     1    36     5.622299     0.000533
  1   2   0   0     1    37     4.669635    -0.000133
  1   2   0   0     1    38     4.669635    -0.000133
  1   2   0   0     1    39     2.041431     0.012633
  1   2   0   0     1    40     5.622299     0.000533
  1   2   0   0     1    41     5.040257    -0.001300
  1   2   0   0     1    42     5.040257    -0.001300
  1   2   0   0     1    43     4.229520    -0.000183
  1   2   0   0     1    44     4.229520    -0.000183
  1   2   0   0     1    45     5.708467     0.000467
  1   2   0   0     1    46     5.708467     0.000467
  1   2   0   0     1    47     4.229520    -0.000183
  1   2   0   0     1    48     4.229520    -0.000183
  2   1   0   0    17     1     1.960100     0.018350
  2   1   0   0    17     2     2.041431     0.012633
  2   1   0   0    17     3     3.320300     0.001067
  2   1   0   0    17     4     2.041431     0.012633
  2   1   0   0    17     5     3.824015     0.000717
  2   1   0   0    17     6     4.229520    -0.000183
  2   1   0   0    17     7     4.669635    -0.000133
  2   1   0   0    17     8     4.229520    -0.000183
  2   1   0   0    17     9     3.824015     0.000717
  2   1   0   0    17    10     4.229520    -0.000183
  2   1   0   0    17    11     4.669635    -0.000133
  2   1   0   0    17    12     4.229520    -0.000183
  2   1   0   0    17    13     5.040257    -0.001300
  2   1   0   0    17    14     5.622299     0.000533
  2   1   0   0    17    15     5.708467     0.000467
  2   1   0   0    17    16     5.622299     0.000533
  2   2   0   0    17    17     0.000000    -0.052133
  2   2   0   0    17    18     3.920200     0.000500
  2   2   0   0    17    19     2.830094     0.000817
  2   2   0   0    17    20     2.830094     0.000817
  2   2   0   0    17    21     2.680000     0.002333
  2   2   0   0    17    22     4.748723     0.000367
  2   2   0   0    17    23     2.830094     0.000817
  2   2   0   0    17    24     2.830094     0.000817
  2   2   0   0    17    25     4.950000     0.000333
  2   2   0   0    17    26     3.525290     0.000233
  2   2   0   0    17    27     5.437981    -0.000033
  2   2   0   0    17    28     2.830094     0.000817
  2   2   0   0    17    29     5.628934     0.000367
  2   2   0   0    17    30     4.428326    -0.000300
  2   2   0   0    17    31     5.437981    -0.000033
  2   2   0   0    17    32     2.830094     0.000817
  2   2   0   0    17    33     4.950000     0.000333
  2   2   0   0    17    34     3.525290     0.000233
  2   2   0   0    17    35     2.830094     0.000817
  2   2   0   0    17    36     5.437981    -0.000033
  2   2   0   0    17    37     5.628934     0.000367
  2   2   0   0    17    38     4.428326    -0.000300
  2   2   0   0    17    39     2.830094     0.000817
  2   2   0   0    17    40     5.437981    -0.000033
  2   2   0   0    17    41     7.000357    -0.000400
  2   2   0   0    17    42     3.080157     0.000167
  2   2   0   0    17    43     5.437981    -0.000033
  2   2   0   0    17    44     5.437981    -0.000033
  2   2   0   0    17    45     7.495826    -0.000533
  2   2   0   0    17    46     4.082863    -0.000467
  2   2   0   0    17    47     5.437981    -0.000033
  2   2   0   0    17    48     5.437981    -0.000033
 
  CHI0^-1 - CHI^-1 Matrix 
 
  1   1   0   0     1     1     0.000000     5.241091
  1   1   0   0     1     2     3.747913    -0.228666
  1   1   0   0     1     3     2.680000     1.052620
  1   1   0   0     1     4     3.747913    -0.228666
  1   1   0   0     1     5     4.950000    -0.577727
  1   1   0   0     1     6     3.747913    -0.228666
  1   1   0   0     1     7     5.628934    -0.564795
  1   1   0   0     1     8     3.747913    -0.228666
  1   1   0   0     1     9     4.950000    -0.577727
  1   1   0   0     1    10     3.747913    -0.228666
  1   1   0   0     1    11     5.628934    -0.564795
  1   1   0   0     1    12     3.747913    -0.228666
  1   1   0   0     1    13     7.000357    -0.636820
  1   1   0   0     1    14     3.747913    -0.228666
  1   1   0   0     1    15     7.495826    -0.504479
  1   1   0   0     1    16     3.747913    -0.228666
  1   2   0   0     1    17     1.960100     1.963968
  1   2   0   0     1    18     1.960100     1.963968
  1   2   0   0     1    19     4.229520    -0.484137
  1   2   0   0     1    20     4.229520    -0.484137
  1   2   0   0     1    21     3.320300     0.521010
  1   2   0   0     1    22     3.320300     0.521010
  1   2   0   0     1    23     4.229520    -0.484137
  1   2   0   0     1    24     4.229520    -0.484137
  1   2   0   0     1    25     3.824015    -0.318903
  1   2   0   0     1    26     3.824015    -0.318903
  1   2   0   0     1    27     5.622299    -0.476505
  1   2   0   0     1    28     2.041431     1.581613
  1   2   0   0     1    29     4.669635    -0.412926
  1   2   0   0     1    30     4.669635    -0.412926
  1   2   0   0     1    31     5.622299    -0.476505
  1   2   0   0     1    32     2.041431     1.581613
  1   2   0   0     1    33     3.824015    -0.318903
  1   2   0   0     1    34     3.824015    -0.318903
  1   2   0   0     1    35     2.041431     1.581613
  1   2   0   0     1    36     5.622299    -0.476505
  1   2   0   0     1    37     4.669635    -0.412926
  1   2   0   0     1    38     4.669635    -0.412926
  1   2   0   0     1    39     2.041431     1.581613
  1   2   0   0     1    40     5.622299    -0.476505
  1   2   0   0     1    41     5.040257    -0.708796
  1   2   0   0     1    42     5.040257    -0.708796
  1   2   0   0     1    43     4.229520    -0.484137
  1   2   0   0     1    44     4.229520    -0.484137
  1   2   0   0     1    45     5.708467    -0.507305
  1   2   0   0     1    46     5.708467    -0.507305
  1   2   0   0     1    47     4.229520    -0.484137
  1   2   0   0     1    48     4.229520    -0.484137
  2   1   0   0    17     1     1.960100     1.963968
  2   1   0   0    17     2     2.041431     1.581613
  2   1   0   0    17     3     3.320300     0.521010
  2   1   0   0    17     4     2.041431     1.581613
  2   1   0   0    17     5     3.824015    -0.318903
  2   1   0   0    17     6     4.229520    -0.484137
  2   1   0   0    17     7     4.669635    -0.412926
  2   1   0   0    17     8     4.229520    -0.484137
  2   1   0   0    17     9     3.824015    -0.318903
  2   1   0   0    17    10     4.229520    -0.484137
  2   1   0   0    17    11     4.669635    -0.412926
  2   1   0   0    17    12     4.229520    -0.484137
  2   1   0   0    17    13     5.040257    -0.708796
  2   1   0   0    17    14     5.622299    -0.476505
  2   1   0   0    17    15     5.708467    -0.507305
  2   1   0   0    17    16     5.622299    -0.476505
  2   2   0   0    17    17     0.000000    13.003676
  2   2   0   0    17    18     3.920200     0.319136
  2   2   0   0    17    19     2.830094     0.677244
  2   2   0   0    17    20     2.830094     0.677244
  2   2   0   0    17    21     2.680000     1.980050
  2   2   0   0    17    22     4.748723     0.147201
  2   2   0   0    17    23     2.830094     0.677244
  2   2   0   0    17    24     2.830094     0.677244
  2   2   0   0    17    25     4.950000    -0.339989
  2   2   0   0    17    26     3.525290    -0.340384
  2   2   0   0    17    27     5.437981    -0.603239
  2   2   0   0    17    28     2.830094     0.677244
  2   2   0   0    17    29     5.628934    -0.387799
  2   2   0   0    17    30     4.428326    -0.615279
  2   2   0   0    17    31     5.437981    -0.603239
  2   2   0   0    17    32     2.830094     0.677244
  2   2   0   0    17    33     4.950000    -0.339989
  2   2   0   0    17    34     3.525290    -0.340384
  2   2   0   0    17    35     2.830094     0.677244
  2   2   0   0    17    36     5.437981    -0.603239
  2   2   0   0    17    37     5.628934    -0.387799
  2   2   0   0    17    38     4.428326    -0.615279
  2   2   0   0    17    39     2.830094     0.677244
  2   2   0   0    17    40     5.437981    -0.603239
  2   2   0   0    17    41     7.000357    -0.923943
  2   2   0   0    17    42     3.080157     0.461162
  2   2   0   0    17    43     5.437981    -0.603239
  2   2   0   0    17    44     5.437981    -0.603239
  2   2   0   0    17    45     7.495826    -0.819512
  2   2   0   0    17    46     4.082863     0.089483
  2   2   0   0    17    47     5.437981    -0.603239
  2   2   0   0    17    48     5.437981    -0.603239
  type:            1  U1 =    5.24109146040796     
  type:            2  U1 =    13.0036764774141     
