 
  number of atoms in the primitive cell:          48
 
 
  CHI0 Matrix 
 
  1   1     1     1     0.000000    -1.408967
  1   1     1     2     3.529710     0.050200
  1   1     1     3     2.840000     0.143867
  1   1     1     4     3.529710     0.050200
  1   1     1     5     4.570000     0.041767
  1   1     1     6     3.529710     0.050333
  1   1     1     7     5.380567     0.064067
  1   1     1     8     3.529710     0.050333
  1   1     1     9     4.570000     0.041767
  1   1     1    10     3.529710     0.050333
  1   1     1    11     5.380567     0.064067
  1   1     1    12     3.529710     0.050333
  1   1     1    13     6.462956     0.070567
  1   1     1    14     3.529710     0.050200
  1   1     1    15     7.059419     0.078633
  1   1     1    16     3.529710     0.050200
  1   2     1    17     1.938887     0.047433
  1   2     1    18     1.938887     0.047433
  1   2     1    19     4.027174     0.004517
  1   2     1    20     4.027174     0.004517
  1   2     1    21     3.438733     0.002450
  1   2     1    22     3.438733     0.002450
  1   2     1    23     4.027174     0.004517
  1   2     1    24     4.027174     0.004517
  1   2     1    25     3.480408     0.003333
  1   2     1    26     3.480408     0.003333
  1   2     1    27     5.361816     0.002400
  1   2     1    28     1.920206     0.044400
  1   2     1    29     4.492087     0.003567
  1   2     1    30     4.492087     0.003567
  1   2     1    31     5.361816     0.002400
  1   2     1    32     1.920206     0.044400
  1   2     1    33     3.480408     0.003333
  1   2     1    34     3.480408     0.003333
  1   2     1    35     1.920206     0.044400
  1   2     1    36     5.361816     0.002400
  1   2     1    37     4.492087     0.003567
  1   2     1    38     4.492087     0.003567
  1   2     1    39     1.920206     0.044400
  1   2     1    40     5.361816     0.002400
  1   2     1    41     4.524069     0.004533
  1   2     1    42     4.524069     0.004533
  1   2     1    43     4.027174     0.004517
  1   2     1    44     4.027174     0.004517
  1   2     1    45     5.341610     0.000617
  1   2     1    46     5.341610     0.000617
  1   2     1    47     4.027174     0.004517
  1   2     1    48     4.027174     0.004517
  2   1    17     1     1.938887     0.047433
  2   1    17     2     1.920206     0.044400
  2   1    17     3     3.438733     0.002450
  2   1    17     4     1.920206     0.044400
  2   1    17     5     3.480408     0.003333
  2   1    17     6     4.027174     0.004517
  2   1    17     7     4.492087     0.003567
  2   1    17     8     4.027174     0.004517
  2   1    17     9     3.480408     0.003333
  2   1    17    10     4.027174     0.004517
  2   1    17    11     4.492087     0.003567
  2   1    17    12     4.027174     0.004517
  2   1    17    13     4.524069     0.004533
  2   1    17    14     5.361816     0.002400
  2   1    17    15     5.341610     0.000617
  2   1    17    16     5.361816     0.002400
  2   2    17    17     0.000000    -0.175533
  2   2    17    18     3.877774     0.000600
  2   2    17    19     2.728823     0.001367
  2   2    17    20     2.728823     0.001367
  2   2    17    21     2.840000     0.002833
  2   2    17    22     4.806530     0.000933
  2   2    17    23     2.728823     0.001367
  2   2    17    24     2.728823     0.001367
  2   2    17    25     4.570000     0.000333
  2   2    17    26     3.295474     0.001100
  2   2    17    27     4.914712     0.000400
  2   2    17    28     2.728823     0.001367
  2   2    17    29     5.380567     0.000333
  2   2    17    30     4.350373     0.000667
  2   2    17    31     4.914712     0.000400
  2   2    17    32     2.728823     0.001367
  2   2    17    33     4.570000     0.000333
  2   2    17    34     3.295474     0.001100
  2   2    17    35     2.728823     0.001367
  2   2    17    36     4.914712     0.000400
  2   2    17    37     5.380567     0.000333
  2   2    17    38     4.350373     0.000667
  2   2    17    39     2.728823     0.001367
  2   2    17    40     4.914712     0.000400
  2   2    17    41     6.462956     0.000500
  2   2    17    42     2.585182     0.000333
  2   2    17    43     4.914712     0.000400
  2   2    17    44     4.914712     0.000400
  2   2    17    45     7.059419     0.000600
  2   2    17    46     3.840412     0.004633
  2   2    17    47     4.914712     0.000400
  2   2    17    48     4.914712     0.000400
 
  CHI Matrix 
 
  1   1     1     1     0.000000    -0.172633
  1   1     1     2     3.529710    -0.000200
  1   1     1     3     2.840000     0.001600
  1   1     1     4     3.529710    -0.000200
  1   1     1     5     4.570000     0.000300
  1   1     1     6     3.529710     0.000017
  1   1     1     7     5.380567    -0.000467
  1   1     1     8     3.529710     0.000017
  1   1     1     9     4.570000     0.000300
  1   1     1    10     3.529710     0.000017
  1   1     1    11     5.380567    -0.000467
  1   1     1    12     3.529710     0.000017
  1   1     1    13     6.462956     0.000767
  1   1     1    14     3.529710    -0.000200
  1   1     1    15     7.059419    -0.000733
  1   1     1    16     3.529710    -0.000200
  1   2     1    17     1.938887     0.015683
  1   2     1    18     1.938887     0.015683
  1   2     1    19     4.027174    -0.000083
  1   2     1    20     4.027174    -0.000083
  1   2     1    21     3.438733     0.000967
  1   2     1    22     3.438733     0.000967
  1   2     1    23     4.027174    -0.000083
  1   2     1    24     4.027174    -0.000083
  1   2     1    25     3.480408     0.000050
  1   2     1    26     3.480408     0.000050
  1   2     1    27     5.361816     0.000383
  1   2     1    28     1.920206     0.016233
  1   2     1    29     4.492087     0.000067
  1   2     1    30     4.492087     0.000067
  1   2     1    31     5.361816     0.000383
  1   2     1    32     1.920206     0.016233
  1   2     1    33     3.480408     0.000050
  1   2     1    34     3.480408     0.000050
  1   2     1    35     1.920206     0.016233
  1   2     1    36     5.361816     0.000383
  1   2     1    37     4.492087     0.000067
  1   2     1    38     4.492087     0.000067
  1   2     1    39     1.920206     0.016233
  1   2     1    40     5.361816     0.000383
  1   2     1    41     4.524069     0.000417
  1   2     1    42     4.524069     0.000417
  1   2     1    43     4.027174    -0.000083
  1   2     1    44     4.027174    -0.000083
  1   2     1    45     5.341610    -0.000533
  1   2     1    46     5.341610    -0.000533
  1   2     1    47     4.027174    -0.000083
  1   2     1    48     4.027174    -0.000083
  2   1    17     1     1.938887     0.015683
  2   1    17     2     1.920206     0.016233
  2   1    17     3     3.438733     0.000967
  2   1    17     4     1.920206     0.016233
  2   1    17     5     3.480408     0.000050
  2   1    17     6     4.027174    -0.000083
  2   1    17     7     4.492087     0.000067
  2   1    17     8     4.027174    -0.000083
  2   1    17     9     3.480408     0.000050
  2   1    17    10     4.027174    -0.000083
  2   1    17    11     4.492087     0.000067
  2   1    17    12     4.027174    -0.000083
  2   1    17    13     4.524069     0.000417
  2   1    17    14     5.361816     0.000383
  2   1    17    15     5.341610    -0.000533
  2   1    17    16     5.361816     0.000383
  2   2    17    17     0.000000    -0.064300
  2   2    17    18     3.877774    -0.000433
  2   2    17    19     2.728823     0.001917
  2   2    17    20     2.728823     0.001917
  2   2    17    21     2.840000     0.003000
  2   2    17    22     4.806530     0.000233
  2   2    17    23     2.728823     0.001917
  2   2    17    24     2.728823     0.001917
  2   2    17    25     4.570000     0.000133
  2   2    17    26     3.295474     0.001100
  2   2    17    27     4.914712     0.000067
  2   2    17    28     2.728823     0.001933
  2   2    17    29     5.380567     0.000100
  2   2    17    30     4.350373     0.000100
  2   2    17    31     4.914712     0.000067
  2   2    17    32     2.728823     0.001933
  2   2    17    33     4.570000     0.000133
  2   2    17    34     3.295474     0.001100
  2   2    17    35     2.728823     0.001933
  2   2    17    36     4.914712     0.000067
  2   2    17    37     5.380567     0.000100
  2   2    17    38     4.350373     0.000100
  2   2    17    39     2.728823     0.001933
  2   2    17    40     4.914712     0.000067
  2   2    17    41     6.462956    -0.000033
  2   2    17    42     2.585182     0.001033
  2   2    17    43     4.914712     0.000067
  2   2    17    44     4.914712     0.000067
  2   2    17    45     7.059419     0.000100
  2   2    17    46     3.840412    -0.000467
  2   2    17    47     4.914712     0.000067
  2   2    17    48     4.914712     0.000067
 
  CHI0^-1 - CHI^-1 Matrix 
 
  1   1   1   1     1     1     0.000000     5.729070
  1   1   1   1     1     2     3.529710    -0.310570
  1   1   1   1     1     3     2.840000     0.418757
  1   1   1   1     1     4     3.529710    -0.310570
  1   1   1   1     1     5     4.570000    -0.501219
  1   1   1   1     1     6     3.529710    -0.297604
  1   1   1   1     1     7     5.380567    -0.542453
  1   1   1   1     1     8     3.529710    -0.297604
  1   1   1   1     1     9     4.570000    -0.501219
  1   1   1   1     1    10     3.529710    -0.297604
  1   1   1   1     1    11     5.380567    -0.542453
  1   1   1   1     1    12     3.529710    -0.297604
  1   1   1   1     1    13     6.462956    -0.535445
  1   1   1   1     1    14     3.529710    -0.310175
  1   1   1   1     1    15     7.059419    -0.624743
  1   1   1   1     1    16     3.529710    -0.310175
  1   2   1   0     1    17     1.938887     1.324902
  1   2   1   0     1    18     1.938887     1.326170
  1   2   1   0     1    19     4.027174    -0.429151
  1   2   1   0     1    20     4.027174    -0.429151
  1   2   1   0     1    21     3.438733     0.194065
  1   2   1   0     1    22     3.438733     0.194427
  1   2   1   0     1    23     4.027174    -0.429151
  1   2   1   0     1    24     4.027174    -0.429151
  1   2   1   0     1    25     3.480408    -0.303874
  1   2   1   0     1    26     3.480408    -0.303888
  1   2   1   0     1    27     5.361816    -0.521191
  1   2   1   0     1    28     1.920206     1.567387
  1   2   1   0     1    29     4.492087    -0.334897
  1   2   1   0     1    30     4.492087    -0.334899
  1   2   1   0     1    31     5.361816    -0.521191
  1   2   1   0     1    32     1.920206     1.567387
  1   2   1   0     1    33     3.480408    -0.303874
  1   2   1   0     1    34     3.480408    -0.303888
  1   2   1   0     1    35     1.920206     1.567387
  1   2   1   0     1    36     5.361816    -0.521191
  1   2   1   0     1    37     4.492087    -0.334897
  1   2   1   0     1    38     4.492087    -0.334899
  1   2   1   0     1    39     1.920206     1.567387
  1   2   1   0     1    40     5.361816    -0.521191
  1   2   1   0     1    41     4.524069    -0.442511
  1   2   1   0     1    42     4.524069    -0.442848
  1   2   1   0     1    43     4.027174    -0.428216
  1   2   1   0     1    44     4.027174    -0.428216
  1   2   1   0     1    45     5.341610    -0.561877
  1   2   1   0     1    46     5.341610    -0.562191
  1   2   1   0     1    47     4.027174    -0.428216
  1   2   1   0     1    48     4.027174    -0.428216
  2   1   0   1    17     1     1.938887     1.324902
  2   1   0   1    17     2     1.920206     1.555232
  2   1   0   1    17     3     3.438733     0.189928
  2   1   0   1    17     4     1.920206     1.555232
  2   1   0   1    17     5     3.480408    -0.316514
  2   1   0   1    17     6     4.027174    -0.429306
  2   1   0   1    17     7     4.492087    -0.347546
  2   1   0   1    17     8     4.027174    -0.429306
  2   1   0   1    17     9     3.480408    -0.316514
  2   1   0   1    17    10     4.027174    -0.429306
  2   1   0   1    17    11     4.492087    -0.347546
  2   1   0   1    17    12     4.027174    -0.429306
  2   1   0   1    17    13     4.524069    -0.447257
  2   1   0   1    17    14     5.361816    -0.529951
  2   1   0   1    17    15     5.341610    -0.566592
  2   1   0   1    17    16     5.361816    -0.529951
  2   2   0   0    17    17     0.000000    11.191476
  2   2   0   0    17    18     3.877774    -0.074256
  2   2   0   0    17    19     2.728823     0.750942
  2   2   0   0    17    20     2.728823     0.750942
  2   2   0   0    17    21     2.840000     1.686348
  2   2   0   0    17    22     4.806530    -0.179617
  2   2   0   0    17    23     2.728823     0.750942
  2   2   0   0    17    24     2.728823     0.750942
  2   2   0   0    17    25     4.570000    -0.286032
  2   2   0   0    17    26     3.295474    -0.079287
  2   2   0   0    17    27     4.914712    -0.431887
  2   2   0   0    17    28     2.728823     0.759829
  2   2   0   0    17    29     5.380567    -0.311912
  2   2   0   0    17    30     4.350373    -0.298383
  2   2   0   0    17    31     4.914712    -0.431887
  2   2   0   0    17    32     2.728823     0.759829
  2   2   0   0    17    33     4.570000    -0.286032
  2   2   0   0    17    34     3.295474    -0.079287
  2   2   0   0    17    35     2.728823     0.759829
  2   2   0   0    17    36     4.914712    -0.431887
  2   2   0   0    17    37     5.380567    -0.311912
  2   2   0   0    17    38     4.350373    -0.298383
  2   2   0   0    17    39     2.728823     0.759829
  2   2   0   0    17    40     4.914712    -0.431887
  2   2   0   0    17    41     6.462956    -0.565615
  2   2   0   0    17    42     2.585182     0.931949
  2   2   0   0    17    43     4.914712    -0.433463
  2   2   0   0    17    44     4.914712    -0.433463
  2   2   0   0    17    45     7.059419    -0.585821
  2   2   0   0    17    46     3.840412     0.416939
  2   2   0   0    17    47     4.914712    -0.433463
  2   2   0   0    17    48     4.914712    -0.433463
  type:            1  U0 =    5.72906991968661     
  type:            2  U0 =    11.1914760826787     
 
 
 
  Extrapolation to a supercell            1           1           1
 
  number of atoms in the supercell:          48
 
 
  type1:            1  type2:            1
 
  number of shells:            7
 
  shell  #n: pc, sc, spinp   dist       chi_pc     chi_sc 
 
    1        1   1   1        0.0000    -1.4090    -1.4090
    2        8   8   1        3.5297     0.0502     0.0502
    3        1   1   1        2.8400     0.1439     0.1439
    4        2   2   1        4.5700     0.0418     0.0418
    5        2   2   1        5.3806     0.0641     0.0641
    6        1   1   1        6.4630     0.0706     0.0706
    7        1   1   1        7.0594     0.0786     0.0786
 
  type1:            1  type2:            2
 
  number of shells:            9
 
  shell  #n: pc, sc, spinp   dist       chi_pc     chi_sc 
 
    1        2   2   0        1.9389     0.0474     0.0474
    2        8   8   0        4.0272     0.0045     0.0045
    3        2   2   0        3.4387     0.0024     0.0024
    4        4   4   0        3.4804     0.0033     0.0033
    5        4   4   0        5.3618     0.0024     0.0024
    6        4   4   0        1.9202     0.0444     0.0444
    7        4   4   0        4.4921     0.0036     0.0036
    8        2   2   0        4.5241     0.0045     0.0045
    9        2   2   0        5.3416     0.0006     0.0006
 
  type1:            2  type2:            2
 
  number of shells:           14
 
  shell  #n: pc, sc, spinp   dist       chi_pc     chi_sc 
 
    1        1   1   0        0.0000    -0.1755    -0.1755
    2        1   1   0        3.8778     0.0006     0.0006
    3        8   8   0        2.7288     0.0014     0.0014
    4        1   1   0        2.8400     0.0028     0.0028
    5        1   1   0        4.8065     0.0009     0.0009
    6        2   2   0        4.5700     0.0003     0.0003
    7        2   2   0        3.2955     0.0011     0.0011
    8        8   8   0        4.9147     0.0004     0.0004
    9        2   2   0        5.3806     0.0003     0.0003
   10        2   2   0        4.3504     0.0007     0.0007
   11        1   1   0        6.4630     0.0005     0.0005
   12        1   1   0        2.5852     0.0003     0.0003
   13        1   1   0        7.0594     0.0006     0.0006
   14        1   1   0        3.8404     0.0046     0.0046
 
  CHI0 Matrix 
 
  1   1   1   1     1     1     0.000000    -1.408967
  1   1   1   1     1     2     3.529710     0.050200
  1   1   1   1     1     3     2.840000     0.143867
  1   1   1   1     1     4     3.529710     0.050200
  1   1   1   1     1     5     4.570000     0.041767
  1   1   1   1     1     6     3.529710     0.050200
  1   1   1   1     1     7     5.380567     0.064067
  1   1   1   1     1     8     3.529710     0.050200
  1   1   1   1     1     9     4.570000     0.041767
  1   1   1   1     1    10     3.529710     0.050200
  1   1   1   1     1    11     5.380567     0.064067
  1   1   1   1     1    12     3.529710     0.050200
  1   1   1   1     1    13     6.462956     0.070567
  1   1   1   1     1    14     3.529710     0.050200
  1   1   1   1     1    15     7.059419     0.078633
  1   1   1   1     1    16     3.529710     0.050200
  1   2   1   0     1    17     1.938887     0.047433
  1   2   1   0     1    18     1.938887     0.047433
  1   2   1   0     1    19     4.027174     0.004517
  1   2   1   0     1    20     4.027174     0.004517
  1   2   1   0     1    21     3.438733     0.002450
  1   2   1   0     1    22     3.438733     0.002450
  1   2   1   0     1    23     4.027174     0.004517
  1   2   1   0     1    24     4.027174     0.004517
  1   2   1   0     1    25     3.480408     0.003333
  1   2   1   0     1    26     3.480408     0.003333
  1   2   1   0     1    27     5.361816     0.002400
  1   2   1   0     1    28     1.920206     0.044400
  1   2   1   0     1    29     4.492087     0.003567
  1   2   1   0     1    30     4.492087     0.003567
  1   2   1   0     1    31     5.361816     0.002400
  1   2   1   0     1    32     1.920206     0.044400
  1   2   1   0     1    33     3.480408     0.003333
  1   2   1   0     1    34     3.480408     0.003333
  1   2   1   0     1    35     1.920206     0.044400
  1   2   1   0     1    36     5.361816     0.002400
  1   2   1   0     1    37     4.492087     0.003567
  1   2   1   0     1    38     4.492087     0.003567
  1   2   1   0     1    39     1.920206     0.044400
  1   2   1   0     1    40     5.361816     0.002400
  1   2   1   0     1    41     4.524069     0.004533
  1   2   1   0     1    42     4.524069     0.004533
  1   2   1   0     1    43     4.027174     0.004517
  1   2   1   0     1    44     4.027174     0.004517
  1   2   1   0     1    45     5.341610     0.000617
  1   2   1   0     1    46     5.341610     0.000617
  1   2   1   0     1    47     4.027174     0.004517
  1   2   1   0     1    48     4.027174     0.004517
  2   1   0   1    17     1     1.938887     0.047433
  2   1   0   1    17     2     1.920206     0.044400
  2   1   0   1    17     3     3.438733     0.002450
  2   1   0   1    17     4     1.920206     0.044400
  2   1   0   1    17     5     3.480408     0.003333
  2   1   0   1    17     6     4.027174     0.004517
  2   1   0   1    17     7     4.492087     0.003567
  2   1   0   1    17     8     4.027174     0.004517
  2   1   0   1    17     9     3.480408     0.003333
  2   1   0   1    17    10     4.027174     0.004517
  2   1   0   1    17    11     4.492087     0.003567
  2   1   0   1    17    12     4.027174     0.004517
  2   1   0   1    17    13     4.524069     0.004533
  2   1   0   1    17    14     5.361816     0.002400
  2   1   0   1    17    15     5.341610     0.000617
  2   1   0   1    17    16     5.361816     0.002400
  2   2   0   0    17    17     0.000000    -0.175533
  2   2   0   0    17    18     3.877774     0.000600
  2   2   0   0    17    19     2.728823     0.001367
  2   2   0   0    17    20     2.728823     0.001367
  2   2   0   0    17    21     2.840000     0.002833
  2   2   0   0    17    22     4.806530     0.000933
  2   2   0   0    17    23     2.728823     0.001367
  2   2   0   0    17    24     2.728823     0.001367
  2   2   0   0    17    25     4.570000     0.000333
  2   2   0   0    17    26     3.295474     0.001100
  2   2   0   0    17    27     4.914712     0.000400
  2   2   0   0    17    28     2.728823     0.001367
  2   2   0   0    17    29     5.380567     0.000333
  2   2   0   0    17    30     4.350373     0.000667
  2   2   0   0    17    31     4.914712     0.000400
  2   2   0   0    17    32     2.728823     0.001367
  2   2   0   0    17    33     4.570000     0.000333
  2   2   0   0    17    34     3.295474     0.001100
  2   2   0   0    17    35     2.728823     0.001367
  2   2   0   0    17    36     4.914712     0.000400
  2   2   0   0    17    37     5.380567     0.000333
  2   2   0   0    17    38     4.350373     0.000667
  2   2   0   0    17    39     2.728823     0.001367
  2   2   0   0    17    40     4.914712     0.000400
  2   2   0   0    17    41     6.462956     0.000500
  2   2   0   0    17    42     2.585182     0.000333
  2   2   0   0    17    43     4.914712     0.000400
  2   2   0   0    17    44     4.914712     0.000400
  2   2   0   0    17    45     7.059419     0.000600
  2   2   0   0    17    46     3.840412     0.004633
  2   2   0   0    17    47     4.914712     0.000400
  2   2   0   0    17    48     4.914712     0.000400
 
  CHI Matrix 
 
  1   1   1   1     1     1     0.000000    -0.172633
  1   1   1   1     1     2     3.529710    -0.000200
  1   1   1   1     1     3     2.840000     0.001600
  1   1   1   1     1     4     3.529710    -0.000200
  1   1   1   1     1     5     4.570000     0.000300
  1   1   1   1     1     6     3.529710    -0.000200
  1   1   1   1     1     7     5.380567    -0.000467
  1   1   1   1     1     8     3.529710    -0.000200
  1   1   1   1     1     9     4.570000     0.000300
  1   1   1   1     1    10     3.529710    -0.000200
  1   1   1   1     1    11     5.380567    -0.000467
  1   1   1   1     1    12     3.529710    -0.000200
  1   1   1   1     1    13     6.462956     0.000767
  1   1   1   1     1    14     3.529710    -0.000200
  1   1   1   1     1    15     7.059419    -0.000733
  1   1   1   1     1    16     3.529710    -0.000200
  1   2   1   0     1    17     1.938887     0.015683
  1   2   1   0     1    18     1.938887     0.015683
  1   2   1   0     1    19     4.027174    -0.000083
  1   2   1   0     1    20     4.027174    -0.000083
  1   2   1   0     1    21     3.438733     0.000967
  1   2   1   0     1    22     3.438733     0.000967
  1   2   1   0     1    23     4.027174    -0.000083
  1   2   1   0     1    24     4.027174    -0.000083
  1   2   1   0     1    25     3.480408     0.000050
  1   2   1   0     1    26     3.480408     0.000050
  1   2   1   0     1    27     5.361816     0.000383
  1   2   1   0     1    28     1.920206     0.016233
  1   2   1   0     1    29     4.492087     0.000067
  1   2   1   0     1    30     4.492087     0.000067
  1   2   1   0     1    31     5.361816     0.000383
  1   2   1   0     1    32     1.920206     0.016233
  1   2   1   0     1    33     3.480408     0.000050
  1   2   1   0     1    34     3.480408     0.000050
  1   2   1   0     1    35     1.920206     0.016233
  1   2   1   0     1    36     5.361816     0.000383
  1   2   1   0     1    37     4.492087     0.000067
  1   2   1   0     1    38     4.492087     0.000067
  1   2   1   0     1    39     1.920206     0.016233
  1   2   1   0     1    40     5.361816     0.000383
  1   2   1   0     1    41     4.524069     0.000417
  1   2   1   0     1    42     4.524069     0.000417
  1   2   1   0     1    43     4.027174    -0.000083
  1   2   1   0     1    44     4.027174    -0.000083
  1   2   1   0     1    45     5.341610    -0.000533
  1   2   1   0     1    46     5.341610    -0.000533
  1   2   1   0     1    47     4.027174    -0.000083
  1   2   1   0     1    48     4.027174    -0.000083
  2   1   0   1    17     1     1.938887     0.015683
  2   1   0   1    17     2     1.920206     0.016233
  2   1   0   1    17     3     3.438733     0.000967
  2   1   0   1    17     4     1.920206     0.016233
  2   1   0   1    17     5     3.480408     0.000050
  2   1   0   1    17     6     4.027174    -0.000083
  2   1   0   1    17     7     4.492087     0.000067
  2   1   0   1    17     8     4.027174    -0.000083
  2   1   0   1    17     9     3.480408     0.000050
  2   1   0   1    17    10     4.027174    -0.000083
  2   1   0   1    17    11     4.492087     0.000067
  2   1   0   1    17    12     4.027174    -0.000083
  2   1   0   1    17    13     4.524069     0.000417
  2   1   0   1    17    14     5.361816     0.000383
  2   1   0   1    17    15     5.341610    -0.000533
  2   1   0   1    17    16     5.361816     0.000383
  2   2   0   0    17    17     0.000000    -0.064300
  2   2   0   0    17    18     3.877774    -0.000433
  2   2   0   0    17    19     2.728823     0.001917
  2   2   0   0    17    20     2.728823     0.001917
  2   2   0   0    17    21     2.840000     0.003000
  2   2   0   0    17    22     4.806530     0.000233
  2   2   0   0    17    23     2.728823     0.001917
  2   2   0   0    17    24     2.728823     0.001917
  2   2   0   0    17    25     4.570000     0.000133
  2   2   0   0    17    26     3.295474     0.001100
  2   2   0   0    17    27     4.914712     0.000067
  2   2   0   0    17    28     2.728823     0.001917
  2   2   0   0    17    29     5.380567     0.000100
  2   2   0   0    17    30     4.350373     0.000100
  2   2   0   0    17    31     4.914712     0.000067
  2   2   0   0    17    32     2.728823     0.001917
  2   2   0   0    17    33     4.570000     0.000133
  2   2   0   0    17    34     3.295474     0.001100
  2   2   0   0    17    35     2.728823     0.001917
  2   2   0   0    17    36     4.914712     0.000067
  2   2   0   0    17    37     5.380567     0.000100
  2   2   0   0    17    38     4.350373     0.000100
  2   2   0   0    17    39     2.728823     0.001917
  2   2   0   0    17    40     4.914712     0.000067
  2   2   0   0    17    41     6.462956    -0.000033
  2   2   0   0    17    42     2.585182     0.001033
  2   2   0   0    17    43     4.914712     0.000067
  2   2   0   0    17    44     4.914712     0.000067
  2   2   0   0    17    45     7.059419     0.000100
  2   2   0   0    17    46     3.840412    -0.000467
  2   2   0   0    17    47     4.914712     0.000067
  2   2   0   0    17    48     4.914712     0.000067
 
  CHI0^-1 - CHI^-1 Matrix 
 
  1   1   1   1     1     1     0.000000     5.713351
  1   1   1   1     1     2     3.529710    -0.319826
  1   1   1   1     1     3     2.840000     0.406513
  1   1   1   1     1     4     3.529710    -0.319826
  1   1   1   1     1     5     4.570000    -0.511861
  1   1   1   1     1     6     3.529710    -0.319826
  1   1   1   1     1     7     5.380567    -0.553071
  1   1   1   1     1     8     3.529710    -0.319826
  1   1   1   1     1     9     4.570000    -0.511861
  1   1   1   1     1    10     3.529710    -0.319826
  1   1   1   1     1    11     5.380567    -0.553071
  1   1   1   1     1    12     3.529710    -0.319826
  1   1   1   1     1    13     6.462956    -0.545444
  1   1   1   1     1    14     3.529710    -0.319826
  1   1   1   1     1    15     7.059419    -0.634691
  1   1   1   1     1    16     3.529710    -0.319826
  1   2   1   0     1    17     1.938887     1.306088
  1   2   1   0     1    18     1.938887     1.306088
  1   2   1   0     1    19     4.027174    -0.445768
  1   2   1   0     1    20     4.027174    -0.445768
  1   2   1   0     1    21     3.438733     0.175097
  1   2   1   0     1    22     3.438733     0.175097
  1   2   1   0     1    23     4.027174    -0.445768
  1   2   1   0     1    24     4.027174    -0.445768
  1   2   1   0     1    25     3.480408    -0.327806
  1   2   1   0     1    26     3.480408    -0.327806
  1   2   1   0     1    27     5.361816    -0.540598
  1   2   1   0     1    28     1.920206     1.543908
  1   2   1   0     1    29     4.492087    -0.358810
  1   2   1   0     1    30     4.492087    -0.358810
  1   2   1   0     1    31     5.361816    -0.540598
  1   2   1   0     1    32     1.920206     1.543908
  1   2   1   0     1    33     3.480408    -0.327806
  1   2   1   0     1    34     3.480408    -0.327806
  1   2   1   0     1    35     1.920206     1.543908
  1   2   1   0     1    36     5.361816    -0.540598
  1   2   1   0     1    37     4.492087    -0.358810
  1   2   1   0     1    38     4.492087    -0.358810
  1   2   1   0     1    39     1.920206     1.543908
  1   2   1   0     1    40     5.361816    -0.540598
  1   2   1   0     1    41     4.524069    -0.458227
  1   2   1   0     1    42     4.524069    -0.458227
  1   2   1   0     1    43     4.027174    -0.445768
  1   2   1   0     1    44     4.027174    -0.445768
  1   2   1   0     1    45     5.341610    -0.577514
  1   2   1   0     1    46     5.341610    -0.577514
  1   2   1   0     1    47     4.027174    -0.445768
  1   2   1   0     1    48     4.027174    -0.445768
  2   1   0   1    17     1     1.938887     1.306088
  2   1   0   1    17     2     1.920206     1.543908
  2   1   0   1    17     3     3.438733     0.175097
  2   1   0   1    17     4     1.920206     1.543908
  2   1   0   1    17     5     3.480408    -0.327806
  2   1   0   1    17     6     4.027174    -0.445768
  2   1   0   1    17     7     4.492087    -0.358810
  2   1   0   1    17     8     4.027174    -0.445768
  2   1   0   1    17     9     3.480408    -0.327806
  2   1   0   1    17    10     4.027174    -0.445768
  2   1   0   1    17    11     4.492087    -0.358810
  2   1   0   1    17    12     4.027174    -0.445768
  2   1   0   1    17    13     4.524069    -0.458227
  2   1   0   1    17    14     5.361816    -0.540598
  2   1   0   1    17    15     5.341610    -0.577514
  2   1   0   1    17    16     5.361816    -0.540598
  2   2   0   0    17    17     0.000000    11.170170
  2   2   0   0    17    18     3.877774    -0.096298
  2   2   0   0    17    19     2.728823     0.731047
  2   2   0   0    17    20     2.728823     0.731047
  2   2   0   0    17    21     2.840000     1.663402
  2   2   0   0    17    22     4.806530    -0.200785
  2   2   0   0    17    23     2.728823     0.731047
  2   2   0   0    17    24     2.728823     0.731047
  2   2   0   0    17    25     4.570000    -0.308822
  2   2   0   0    17    26     3.295474    -0.102038
  2   2   0   0    17    27     4.914712    -0.452177
  2   2   0   0    17    28     2.728823     0.731047
  2   2   0   0    17    29     5.380567    -0.334682
  2   2   0   0    17    30     4.350373    -0.321148
  2   2   0   0    17    31     4.914712    -0.452177
  2   2   0   0    17    32     2.728823     0.731047
  2   2   0   0    17    33     4.570000    -0.308822
  2   2   0   0    17    34     3.295474    -0.102038
  2   2   0   0    17    35     2.728823     0.731047
  2   2   0   0    17    36     4.914712    -0.452177
  2   2   0   0    17    37     5.380567    -0.334682
  2   2   0   0    17    38     4.350373    -0.321148
  2   2   0   0    17    39     2.728823     0.731047
  2   2   0   0    17    40     4.914712    -0.452177
  2   2   0   0    17    41     6.462956    -0.583276
  2   2   0   0    17    42     2.585182     0.912437
  2   2   0   0    17    43     4.914712    -0.452177
  2   2   0   0    17    44     4.914712    -0.452177
  2   2   0   0    17    45     7.059419    -0.603391
  2   2   0   0    17    46     3.840412     0.397457
  2   2   0   0    17    47     4.914712    -0.452177
  2   2   0   0    17    48     4.914712    -0.452177
  type:            1  U1 =    5.71335053665347     
  type:            2  U1 =    11.1701697252698     
