 
  number of atoms in the primitive cell:          48
 
 
  CHI0 Matrix 
 
  1   1     1     1     0.000000    -0.299433
  1   1     1     2     3.625228     0.006033
  1   1     1     3     3.230000    -0.025167
  1   1     1     4     3.625228     0.006033
  1   1     1     5     4.590000     0.016167
  1   1     1     6     3.625228     0.006033
  1   1     1     7     5.612575     0.018667
  1   1     1     8     3.625228     0.006033
  1   1     1     9     4.590000     0.016167
  1   1     1    10     3.625228     0.006033
  1   1     1    11     5.612575     0.018667
  1   1     1    12     3.625228     0.006033
  1   1     1    13     6.491240     0.001967
  1   1     1    14     3.625228     0.006033
  1   1     1    15     7.250455     0.002567
  1   1     1    16     3.625228     0.006033
  1   2     1    17     2.012284     0.004933
  1   2     1    18     2.012284     0.004933
  1   2     1    19     4.146271     0.007950
  1   2     1    20     4.146271     0.007950
  1   2     1    21     3.805547     0.007950
  1   2     1    22     3.805547     0.007950
  1   2     1    23     4.146271     0.007950
  1   2     1    24     4.146271     0.007950
  1   2     1    25     3.472055     0.006583
  1   2     1    26     3.472055     0.006583
  1   2     1    27     5.500344     0.003333
  1   2     1    28     2.032078     0.005750
  1   2     1    29     4.742158     0.007017
  1   2     1    30     4.742158     0.007017
  1   2     1    31     5.500344     0.003333
  1   2     1    32     2.032078     0.005750
  1   2     1    33     3.472055     0.006583
  1   2     1    34     3.472055     0.006583
  1   2     1    35     2.032078     0.005750
  1   2     1    36     5.500344     0.003333
  1   2     1    37     4.742158     0.007017
  1   2     1    38     4.742158     0.007017
  1   2     1    39     2.032078     0.005750
  1   2     1    40     5.500344     0.003333
  1   2     1    41     4.478956     0.006800
  1   2     1    42     4.478956     0.006800
  1   2     1    43     4.146271     0.007950
  1   2     1    44     4.146271     0.007950
  1   2     1    45     5.522132    -0.000967
  1   2     1    46     5.522132    -0.000967
  1   2     1    47     4.146271     0.007950
  1   2     1    48     4.146271     0.007950
  2   1    17     1     2.012284     0.004933
  2   1    17     2     2.032078     0.005750
  2   1    17     3     3.805547     0.007950
  2   1    17     4     2.032078     0.005750
  2   1    17     5     3.472055     0.006583
  2   1    17     6     4.146271     0.007950
  2   1    17     7     4.742158     0.007017
  2   1    17     8     4.146271     0.007950
  2   1    17     9     3.472055     0.006583
  2   1    17    10     4.146271     0.007950
  2   1    17    11     4.742158     0.007017
  2   1    17    12     4.146271     0.007950
  2   1    17    13     4.478956     0.006800
  2   1    17    14     5.500344     0.003333
  2   1    17    15     5.522132    -0.000967
  2   1    17    16     5.500344     0.003333
  2   2    17    17     0.000000    -0.190467
  2   2    17    18     4.024569    -0.006367
  2   2    17    19     2.859831     0.003067
  2   2    17    20     2.859831     0.003067
  2   2    17    21     3.230000     0.002300
  2   2    17    22     5.160432     0.004667
  2   2    17    23     2.859831     0.003067
  2   2    17    24     2.859831     0.003067
  2   2    17    25     4.590000     0.002867
  2   2    17    26     3.337785     0.004133
  2   2    17    27     4.918372     0.003100
  2   2    17    28     2.859831     0.003067
  2   2    17    29     5.612575     0.004433
  2   2    17    30     4.644751     0.003333
  2   2    17    31     4.918372     0.003100
  2   2    17    32     2.859831     0.003067
  2   2    17    33     4.590000     0.002867
  2   2    17    34     3.337785     0.004133
  2   2    17    35     2.859831     0.003067
  2   2    17    36     4.918372     0.003100
  2   2    17    37     5.612575     0.004433
  2   2    17    38     4.644751     0.003333
  2   2    17    39     2.859831     0.003067
  2   2    17    40     4.918372     0.003100
  2   2    17    41     6.491240     0.004100
  2   2    17    42     2.466671     0.005167
  2   2    17    43     4.918372     0.003100
  2   2    17    44     4.918372     0.003100
  2   2    17    45     7.250455    -0.002133
  2   2    17    46     4.064156    -0.013533
  2   2    17    47     4.918372     0.003100
  2   2    17    48     4.918372     0.003100
 
  CHI Matrix 
 
  1   1     1     1     0.000000    -0.109633
  1   1     1     2     3.625228    -0.000367
  1   1     1     3     3.230000     0.000600
  1   1     1     4     3.625228    -0.000367
  1   1     1     5     4.590000     0.000533
  1   1     1     6     3.625228    -0.000067
  1   1     1     7     5.612575     0.000967
  1   1     1     8     3.625228    -0.000067
  1   1     1     9     4.590000     0.000533
  1   1     1    10     3.625228    -0.000067
  1   1     1    11     5.612575     0.000967
  1   1     1    12     3.625228    -0.000067
  1   1     1    13     6.491240    -0.000767
  1   1     1    14     3.625228    -0.000367
  1   1     1    15     7.250455     0.001700
  1   1     1    16     3.625228    -0.000367
  1   2     1    17     2.012284     0.010883
  1   2     1    18     2.012284     0.010883
  1   2     1    19     4.146271     0.000233
  1   2     1    20     4.146271     0.000233
  1   2     1    21     3.805547     0.000450
  1   2     1    22     3.805547     0.000450
  1   2     1    23     4.146271     0.000233
  1   2     1    24     4.146271     0.000233
  1   2     1    25     3.472055     0.001250
  1   2     1    26     3.472055     0.001250
  1   2     1    27     5.500344     0.000183
  1   2     1    28     2.032078     0.011317
  1   2     1    29     4.742158     0.000050
  1   2     1    30     4.742158     0.000050
  1   2     1    31     5.500344     0.000183
  1   2     1    32     2.032078     0.011317
  1   2     1    33     3.472055     0.001250
  1   2     1    34     3.472055     0.001250
  1   2     1    35     2.032078     0.011317
  1   2     1    36     5.500344     0.000183
  1   2     1    37     4.742158     0.000050
  1   2     1    38     4.742158     0.000050
  1   2     1    39     2.032078     0.011317
  1   2     1    40     5.500344     0.000183
  1   2     1    41     4.478956    -0.000100
  1   2     1    42     4.478956    -0.000100
  1   2     1    43     4.146271     0.000233
  1   2     1    44     4.146271     0.000233
  1   2     1    45     5.522132     0.000200
  1   2     1    46     5.522132     0.000200
  1   2     1    47     4.146271     0.000233
  1   2     1    48     4.146271     0.000233
  2   1    17     1     2.012284     0.010883
  2   1    17     2     2.032078     0.011317
  2   1    17     3     3.805547     0.000450
  2   1    17     4     2.032078     0.011317
  2   1    17     5     3.472055     0.001250
  2   1    17     6     4.146271     0.000233
  2   1    17     7     4.742158     0.000050
  2   1    17     8     4.146271     0.000233
  2   1    17     9     3.472055     0.001250
  2   1    17    10     4.146271     0.000233
  2   1    17    11     4.742158     0.000050
  2   1    17    12     4.146271     0.000233
  2   1    17    13     4.478956    -0.000100
  2   1    17    14     5.500344     0.000183
  2   1    17    15     5.522132     0.000200
  2   1    17    16     5.500344     0.000183
  2   2    17    17     0.000000    -0.068000
  2   2    17    18     4.024569    -0.001200
  2   2    17    19     2.859831     0.001867
  2   2    17    20     2.859831     0.001867
  2   2    17    21     3.230000     0.001567
  2   2    17    22     5.160432     0.000100
  2   2    17    23     2.859831     0.001867
  2   2    17    24     2.859831     0.001867
  2   2    17    25     4.590000     0.000667
  2   2    17    26     3.337785     0.001000
  2   2    17    27     4.918372     0.000267
  2   2    17    28     2.859831     0.001767
  2   2    17    29     5.612575     0.000300
  2   2    17    30     4.644751    -0.000400
  2   2    17    31     4.918372     0.000267
  2   2    17    32     2.859831     0.001767
  2   2    17    33     4.590000     0.000667
  2   2    17    34     3.337785     0.001000
  2   2    17    35     2.859831     0.001767
  2   2    17    36     4.918372     0.000267
  2   2    17    37     5.612575     0.000300
  2   2    17    38     4.644751    -0.000400
  2   2    17    39     2.859831     0.001767
  2   2    17    40     4.918372     0.000267
  2   2    17    41     6.491240    -0.000067
  2   2    17    42     2.466671     0.003533
  2   2    17    43     4.918372     0.000233
  2   2    17    44     4.918372     0.000233
  2   2    17    45     7.250455    -0.000900
  2   2    17    46     4.064156    -0.002433
  2   2    17    47     4.918372     0.000233
  2   2    17    48     4.918372     0.000233
 
  CHI0^-1 - CHI^-1 Matrix 
 
  1   1   0   0     1     1     0.000000     6.245710
  1   1   0   0     1     2     3.625228    -0.485612
  1   1   0   0     1     3     3.230000     0.543364
  1   1   0   0     1     4     3.625228    -0.485612
  1   1   0   0     1     5     4.590000    -0.608382
  1   1   0   0     1     6     3.625228    -0.453111
  1   1   0   0     1     7     5.612575    -0.677641
  1   1   0   0     1     8     3.625228    -0.453111
  1   1   0   0     1     9     4.590000    -0.608382
  1   1   0   0     1    10     3.625228    -0.453111
  1   1   0   0     1    11     5.612575    -0.677641
  1   1   0   0     1    12     3.625228    -0.453111
  1   1   0   0     1    13     6.491240    -0.798925
  1   1   0   0     1    14     3.625228    -0.487400
  1   1   0   0     1    15     7.250455    -0.618403
  1   1   0   0     1    16     3.625228    -0.487400
  1   2   0   0     1    17     2.012284     1.266957
  1   2   0   0     1    18     2.012284     1.260768
  1   2   0   0     1    19     4.146271    -0.445220
  1   2   0   0     1    20     4.146271    -0.445220
  1   2   0   0     1    21     3.805547    -0.173928
  1   2   0   0     1    22     3.805547    -0.175049
  1   2   0   0     1    23     4.146271    -0.445220
  1   2   0   0     1    24     4.146271    -0.445220
  1   2   0   0     1    25     3.472055    -0.218144
  1   2   0   0     1    26     3.472055    -0.218125
  1   2   0   0     1    27     5.500344    -0.607264
  1   2   0   0     1    28     2.032078     1.443181
  1   2   0   0     1    29     4.742158    -0.446303
  1   2   0   0     1    30     4.742158    -0.446349
  1   2   0   0     1    31     5.500344    -0.607264
  1   2   0   0     1    32     2.032078     1.443181
  1   2   0   0     1    33     3.472055    -0.218144
  1   2   0   0     1    34     3.472055    -0.218125
  1   2   0   0     1    35     2.032078     1.443181
  1   2   0   0     1    36     5.500344    -0.607264
  1   2   0   0     1    37     4.742158    -0.446303
  1   2   0   0     1    38     4.742158    -0.446349
  1   2   0   0     1    39     2.032078     1.443181
  1   2   0   0     1    40     5.500344    -0.607264
  1   2   0   0     1    41     4.478956    -0.550264
  1   2   0   0     1    42     4.478956    -0.548971
  1   2   0   0     1    43     4.146271    -0.449253
  1   2   0   0     1    44     4.146271    -0.449253
  1   2   0   0     1    45     5.522132    -0.493437
  1   2   0   0     1    46     5.522132    -0.492523
  1   2   0   0     1    47     4.146271    -0.449253
  1   2   0   0     1    48     4.146271    -0.449253
  2   1   0   0    17     1     2.012284     1.266957
  2   1   0   0    17     2     2.032078     1.442057
  2   1   0   0    17     3     3.805547    -0.176497
  2   1   0   0    17     4     2.032078     1.442057
  2   1   0   0    17     5     3.472055    -0.225497
  2   1   0   0    17     6     4.146271    -0.443363
  2   1   0   0    17     7     4.742158    -0.453582
  2   1   0   0    17     8     4.146271    -0.443363
  2   1   0   0    17     9     3.472055    -0.225497
  2   1   0   0    17    10     4.146271    -0.443363
  2   1   0   0    17    11     4.742158    -0.453582
  2   1   0   0    17    12     4.146271    -0.443363
  2   1   0   0    17    13     4.478956    -0.548130
  2   1   0   0    17    14     5.500344    -0.616674
  2   1   0   0    17    15     5.522132    -0.491065
  2   1   0   0    17    16     5.500344    -0.616674
  2   2   0   0    17    17     0.000000    10.216649
  2   2   0   0    17    18     4.024569    -0.183367
  2   2   0   0    17    19     2.859831     0.438065
  2   2   0   0    17    20     2.859831     0.438065
  2   2   0   0    17    21     3.230000     0.745412
  2   2   0   0    17    22     5.160432    -0.437539
  2   2   0   0    17    23     2.859831     0.438065
  2   2   0   0    17    24     2.859831     0.438065
  2   2   0   0    17    25     4.590000    -0.084073
  2   2   0   0    17    26     3.337785    -0.062502
  2   2   0   0    17    27     4.918372    -0.356189
  2   2   0   0    17    28     2.859831     0.413222
  2   2   0   0    17    29     5.612575    -0.317332
  2   2   0   0    17    30     4.644751    -0.425053
  2   2   0   0    17    31     4.918372    -0.356189
  2   2   0   0    17    32     2.859831     0.413222
  2   2   0   0    17    33     4.590000    -0.084073
  2   2   0   0    17    34     3.337785    -0.062502
  2   2   0   0    17    35     2.859831     0.413222
  2   2   0   0    17    36     4.918372    -0.356189
  2   2   0   0    17    37     5.612575    -0.317332
  2   2   0   0    17    38     4.644751    -0.425053
  2   2   0   0    17    39     2.859831     0.413222
  2   2   0   0    17    40     4.918372    -0.356189
  2   2   0   0    17    41     6.491240    -0.571899
  2   2   0   0    17    42     2.466671     0.996714
  2   2   0   0    17    43     4.918372    -0.366099
  2   2   0   0    17    44     4.918372    -0.366099
  2   2   0   0    17    45     7.250455    -0.640391
  2   2   0   0    17    46     4.064156     0.202841
  2   2   0   0    17    47     4.918372    -0.366099
  2   2   0   0    17    48     4.918372    -0.366099
  type:            1  U0 =    6.24570969528486     
  type:            2  U0 =    10.2166485232570     
 
 
 
  Extrapolation to a supercell            1           1           1
 
  number of atoms in the supercell:          48
 
 
  type1:            1  type2:            1
 
  number of shells:            7
 
  shell  #n: pc, sc, spinp   dist       chi_pc     chi_sc 
 
    1        1   1   0        0.0000    -0.2994    -0.2994
    2        8   8   0        3.6252     0.0060     0.0060
    3        1   1   0        3.2300    -0.0252    -0.0252
    4        2   2   0        4.5900     0.0162     0.0162
    5        2   2   0        5.6126     0.0187     0.0187
    6        1   1   0        6.4912     0.0020     0.0020
    7        1   1   0        7.2505     0.0026     0.0026
 
  type1:            1  type2:            2
 
  number of shells:            9
 
  shell  #n: pc, sc, spinp   dist       chi_pc     chi_sc 
 
    1        2   2   0        2.0123     0.0049     0.0049
    2        8   8   0        4.1463     0.0080     0.0080
    3        2   2   0        3.8055     0.0079     0.0079
    4        4   4   0        3.4721     0.0066     0.0066
    5        4   4   0        5.5003     0.0033     0.0033
    6        4   4   0        2.0321     0.0057     0.0057
    7        4   4   0        4.7422     0.0070     0.0070
    8        2   2   0        4.4790     0.0068     0.0068
    9        2   2   0        5.5221    -0.0010    -0.0010
 
  type1:            2  type2:            2
 
  number of shells:           14
 
  shell  #n: pc, sc, spinp   dist       chi_pc     chi_sc 
 
    1        1   1   0        0.0000    -0.1905    -0.1905
    2        1   1   0        4.0246    -0.0064    -0.0064
    3        8   8   0        2.8598     0.0031     0.0031
    4        1   1   0        3.2300     0.0023     0.0023
    5        1   1   0        5.1604     0.0047     0.0047
    6        2   2   0        4.5900     0.0029     0.0029
    7        2   2   0        3.3378     0.0041     0.0041
    8        8   8   0        4.9184     0.0031     0.0031
    9        2   2   0        5.6126     0.0044     0.0044
   10        2   2   0        4.6448     0.0033     0.0033
   11        1   1   0        6.4912     0.0041     0.0041
   12        1   1   0        2.4667     0.0052     0.0052
   13        1   1   0        7.2505    -0.0021    -0.0021
   14        1   1   0        4.0642    -0.0135    -0.0135
 
  CHI0 Matrix 
 
  1   1   0   0     1     1     0.000000    -0.299433
  1   1   0   0     1     2     3.625228     0.006033
  1   1   0   0     1     3     3.230000    -0.025167
  1   1   0   0     1     4     3.625228     0.006033
  1   1   0   0     1     5     4.590000     0.016167
  1   1   0   0     1     6     3.625228     0.006033
  1   1   0   0     1     7     5.612575     0.018667
  1   1   0   0     1     8     3.625228     0.006033
  1   1   0   0     1     9     4.590000     0.016167
  1   1   0   0     1    10     3.625228     0.006033
  1   1   0   0     1    11     5.612575     0.018667
  1   1   0   0     1    12     3.625228     0.006033
  1   1   0   0     1    13     6.491240     0.001967
  1   1   0   0     1    14     3.625228     0.006033
  1   1   0   0     1    15     7.250455     0.002567
  1   1   0   0     1    16     3.625228     0.006033
  1   2   0   0     1    17     2.012284     0.004933
  1   2   0   0     1    18     2.012284     0.004933
  1   2   0   0     1    19     4.146271     0.007950
  1   2   0   0     1    20     4.146271     0.007950
  1   2   0   0     1    21     3.805547     0.007950
  1   2   0   0     1    22     3.805547     0.007950
  1   2   0   0     1    23     4.146271     0.007950
  1   2   0   0     1    24     4.146271     0.007950
  1   2   0   0     1    25     3.472055     0.006583
  1   2   0   0     1    26     3.472055     0.006583
  1   2   0   0     1    27     5.500344     0.003333
  1   2   0   0     1    28     2.032078     0.005750
  1   2   0   0     1    29     4.742158     0.007017
  1   2   0   0     1    30     4.742158     0.007017
  1   2   0   0     1    31     5.500344     0.003333
  1   2   0   0     1    32     2.032078     0.005750
  1   2   0   0     1    33     3.472055     0.006583
  1   2   0   0     1    34     3.472055     0.006583
  1   2   0   0     1    35     2.032078     0.005750
  1   2   0   0     1    36     5.500344     0.003333
  1   2   0   0     1    37     4.742158     0.007017
  1   2   0   0     1    38     4.742158     0.007017
  1   2   0   0     1    39     2.032078     0.005750
  1   2   0   0     1    40     5.500344     0.003333
  1   2   0   0     1    41     4.478956     0.006800
  1   2   0   0     1    42     4.478956     0.006800
  1   2   0   0     1    43     4.146271     0.007950
  1   2   0   0     1    44     4.146271     0.007950
  1   2   0   0     1    45     5.522132    -0.000967
  1   2   0   0     1    46     5.522132    -0.000967
  1   2   0   0     1    47     4.146271     0.007950
  1   2   0   0     1    48     4.146271     0.007950
  2   1   0   0    17     1     2.012284     0.004933
  2   1   0   0    17     2     2.032078     0.005750
  2   1   0   0    17     3     3.805547     0.007950
  2   1   0   0    17     4     2.032078     0.005750
  2   1   0   0    17     5     3.472055     0.006583
  2   1   0   0    17     6     4.146271     0.007950
  2   1   0   0    17     7     4.742158     0.007017
  2   1   0   0    17     8     4.146271     0.007950
  2   1   0   0    17     9     3.472055     0.006583
  2   1   0   0    17    10     4.146271     0.007950
  2   1   0   0    17    11     4.742158     0.007017
  2   1   0   0    17    12     4.146271     0.007950
  2   1   0   0    17    13     4.478956     0.006800
  2   1   0   0    17    14     5.500344     0.003333
  2   1   0   0    17    15     5.522132    -0.000967
  2   1   0   0    17    16     5.500344     0.003333
  2   2   0   0    17    17     0.000000    -0.190467
  2   2   0   0    17    18     4.024569    -0.006367
  2   2   0   0    17    19     2.859831     0.003067
  2   2   0   0    17    20     2.859831     0.003067
  2   2   0   0    17    21     3.230000     0.002300
  2   2   0   0    17    22     5.160432     0.004667
  2   2   0   0    17    23     2.859831     0.003067
  2   2   0   0    17    24     2.859831     0.003067
  2   2   0   0    17    25     4.590000     0.002867
  2   2   0   0    17    26     3.337785     0.004133
  2   2   0   0    17    27     4.918372     0.003100
  2   2   0   0    17    28     2.859831     0.003067
  2   2   0   0    17    29     5.612575     0.004433
  2   2   0   0    17    30     4.644751     0.003333
  2   2   0   0    17    31     4.918372     0.003100
  2   2   0   0    17    32     2.859831     0.003067
  2   2   0   0    17    33     4.590000     0.002867
  2   2   0   0    17    34     3.337785     0.004133
  2   2   0   0    17    35     2.859831     0.003067
  2   2   0   0    17    36     4.918372     0.003100
  2   2   0   0    17    37     5.612575     0.004433
  2   2   0   0    17    38     4.644751     0.003333
  2   2   0   0    17    39     2.859831     0.003067
  2   2   0   0    17    40     4.918372     0.003100
  2   2   0   0    17    41     6.491240     0.004100
  2   2   0   0    17    42     2.466671     0.005167
  2   2   0   0    17    43     4.918372     0.003100
  2   2   0   0    17    44     4.918372     0.003100
  2   2   0   0    17    45     7.250455    -0.002133
  2   2   0   0    17    46     4.064156    -0.013533
  2   2   0   0    17    47     4.918372     0.003100
  2   2   0   0    17    48     4.918372     0.003100
 
  CHI Matrix 
 
  1   1   0   0     1     1     0.000000    -0.109633
  1   1   0   0     1     2     3.625228    -0.000367
  1   1   0   0     1     3     3.230000     0.000600
  1   1   0   0     1     4     3.625228    -0.000367
  1   1   0   0     1     5     4.590000     0.000533
  1   1   0   0     1     6     3.625228    -0.000367
  1   1   0   0     1     7     5.612575     0.000967
  1   1   0   0     1     8     3.625228    -0.000367
  1   1   0   0     1     9     4.590000     0.000533
  1   1   0   0     1    10     3.625228    -0.000367
  1   1   0   0     1    11     5.612575     0.000967
  1   1   0   0     1    12     3.625228    -0.000367
  1   1   0   0     1    13     6.491240    -0.000767
  1   1   0   0     1    14     3.625228    -0.000367
  1   1   0   0     1    15     7.250455     0.001700
  1   1   0   0     1    16     3.625228    -0.000367
  1   2   0   0     1    17     2.012284     0.010883
  1   2   0   0     1    18     2.012284     0.010883
  1   2   0   0     1    19     4.146271     0.000233
  1   2   0   0     1    20     4.146271     0.000233
  1   2   0   0     1    21     3.805547     0.000450
  1   2   0   0     1    22     3.805547     0.000450
  1   2   0   0     1    23     4.146271     0.000233
  1   2   0   0     1    24     4.146271     0.000233
  1   2   0   0     1    25     3.472055     0.001250
  1   2   0   0     1    26     3.472055     0.001250
  1   2   0   0     1    27     5.500344     0.000183
  1   2   0   0     1    28     2.032078     0.011317
  1   2   0   0     1    29     4.742158     0.000050
  1   2   0   0     1    30     4.742158     0.000050
  1   2   0   0     1    31     5.500344     0.000183
  1   2   0   0     1    32     2.032078     0.011317
  1   2   0   0     1    33     3.472055     0.001250
  1   2   0   0     1    34     3.472055     0.001250
  1   2   0   0     1    35     2.032078     0.011317
  1   2   0   0     1    36     5.500344     0.000183
  1   2   0   0     1    37     4.742158     0.000050
  1   2   0   0     1    38     4.742158     0.000050
  1   2   0   0     1    39     2.032078     0.011317
  1   2   0   0     1    40     5.500344     0.000183
  1   2   0   0     1    41     4.478956    -0.000100
  1   2   0   0     1    42     4.478956    -0.000100
  1   2   0   0     1    43     4.146271     0.000233
  1   2   0   0     1    44     4.146271     0.000233
  1   2   0   0     1    45     5.522132     0.000200
  1   2   0   0     1    46     5.522132     0.000200
  1   2   0   0     1    47     4.146271     0.000233
  1   2   0   0     1    48     4.146271     0.000233
  2   1   0   0    17     1     2.012284     0.010883
  2   1   0   0    17     2     2.032078     0.011317
  2   1   0   0    17     3     3.805547     0.000450
  2   1   0   0    17     4     2.032078     0.011317
  2   1   0   0    17     5     3.472055     0.001250
  2   1   0   0    17     6     4.146271     0.000233
  2   1   0   0    17     7     4.742158     0.000050
  2   1   0   0    17     8     4.146271     0.000233
  2   1   0   0    17     9     3.472055     0.001250
  2   1   0   0    17    10     4.146271     0.000233
  2   1   0   0    17    11     4.742158     0.000050
  2   1   0   0    17    12     4.146271     0.000233
  2   1   0   0    17    13     4.478956    -0.000100
  2   1   0   0    17    14     5.500344     0.000183
  2   1   0   0    17    15     5.522132     0.000200
  2   1   0   0    17    16     5.500344     0.000183
  2   2   0   0    17    17     0.000000    -0.068000
  2   2   0   0    17    18     4.024569    -0.001200
  2   2   0   0    17    19     2.859831     0.001867
  2   2   0   0    17    20     2.859831     0.001867
  2   2   0   0    17    21     3.230000     0.001567
  2   2   0   0    17    22     5.160432     0.000100
  2   2   0   0    17    23     2.859831     0.001867
  2   2   0   0    17    24     2.859831     0.001867
  2   2   0   0    17    25     4.590000     0.000667
  2   2   0   0    17    26     3.337785     0.001000
  2   2   0   0    17    27     4.918372     0.000267
  2   2   0   0    17    28     2.859831     0.001867
  2   2   0   0    17    29     5.612575     0.000300
  2   2   0   0    17    30     4.644751    -0.000400
  2   2   0   0    17    31     4.918372     0.000267
  2   2   0   0    17    32     2.859831     0.001867
  2   2   0   0    17    33     4.590000     0.000667
  2   2   0   0    17    34     3.337785     0.001000
  2   2   0   0    17    35     2.859831     0.001867
  2   2   0   0    17    36     4.918372     0.000267
  2   2   0   0    17    37     5.612575     0.000300
  2   2   0   0    17    38     4.644751    -0.000400
  2   2   0   0    17    39     2.859831     0.001867
  2   2   0   0    17    40     4.918372     0.000267
  2   2   0   0    17    41     6.491240    -0.000067
  2   2   0   0    17    42     2.466671     0.003533
  2   2   0   0    17    43     4.918372     0.000267
  2   2   0   0    17    44     4.918372     0.000267
  2   2   0   0    17    45     7.250455    -0.000900
  2   2   0   0    17    46     4.064156    -0.002433
  2   2   0   0    17    47     4.918372     0.000267
  2   2   0   0    17    48     4.918372     0.000267
 
  CHI0^-1 - CHI^-1 Matrix 
 
  1   1   0   0     1     1     0.000000     6.265865
  1   1   0   0     1     2     3.625228    -0.459305
  1   1   0   0     1     3     3.230000     0.571974
  1   1   0   0     1     4     3.625228    -0.459305
  1   1   0   0     1     5     4.590000    -0.582475
  1   1   0   0     1     6     3.625228    -0.459305
  1   1   0   0     1     7     5.612575    -0.651628
  1   1   0   0     1     8     3.625228    -0.459305
  1   1   0   0     1     9     4.590000    -0.582475
  1   1   0   0     1    10     3.625228    -0.459305
  1   1   0   0     1    11     5.612575    -0.651628
  1   1   0   0     1    12     3.625228    -0.459305
  1   1   0   0     1    13     6.491240    -0.774985
  1   1   0   0     1    14     3.625228    -0.459305
  1   1   0   0     1    15     7.250455    -0.594601
  1   1   0   0     1    16     3.625228    -0.459305
  1   2   0   0     1    17     2.012284     1.307731
  1   2   0   0     1    18     2.012284     1.307731
  1   2   0   0     1    19     4.146271    -0.409302
  1   2   0   0     1    20     4.146271    -0.409302
  1   2   0   0     1    21     3.805547    -0.126900
  1   2   0   0     1    22     3.805547    -0.126900
  1   2   0   0     1    23     4.146271    -0.409302
  1   2   0   0     1    24     4.146271    -0.409302
  1   2   0   0     1    25     3.472055    -0.186006
  1   2   0   0     1    26     3.472055    -0.186006
  1   2   0   0     1    27     5.500344    -0.576437
  1   2   0   0     1    28     2.032078     1.480963
  1   2   0   0     1    29     4.742158    -0.413914
  1   2   0   0     1    30     4.742158    -0.413914
  1   2   0   0     1    31     5.500344    -0.576437
  1   2   0   0     1    32     2.032078     1.480963
  1   2   0   0     1    33     3.472055    -0.186006
  1   2   0   0     1    34     3.472055    -0.186006
  1   2   0   0     1    35     2.032078     1.480963
  1   2   0   0     1    36     5.500344    -0.576437
  1   2   0   0     1    37     4.742158    -0.413914
  1   2   0   0     1    38     4.742158    -0.413914
  1   2   0   0     1    39     2.032078     1.480963
  1   2   0   0     1    40     5.500344    -0.576437
  1   2   0   0     1    41     4.478956    -0.511747
  1   2   0   0     1    42     4.478956    -0.511747
  1   2   0   0     1    43     4.146271    -0.409302
  1   2   0   0     1    44     4.146271    -0.409302
  1   2   0   0     1    45     5.522132    -0.454792
  1   2   0   0     1    46     5.522132    -0.454792
  1   2   0   0     1    47     4.146271    -0.409302
  1   2   0   0     1    48     4.146271    -0.409302
  2   1   0   0    17     1     2.012284     1.307731
  2   1   0   0    17     2     2.032078     1.480963
  2   1   0   0    17     3     3.805547    -0.126900
  2   1   0   0    17     4     2.032078     1.480963
  2   1   0   0    17     5     3.472055    -0.186006
  2   1   0   0    17     6     4.146271    -0.409302
  2   1   0   0    17     7     4.742158    -0.413914
  2   1   0   0    17     8     4.146271    -0.409302
  2   1   0   0    17     9     3.472055    -0.186006
  2   1   0   0    17    10     4.146271    -0.409302
  2   1   0   0    17    11     4.742158    -0.413914
  2   1   0   0    17    12     4.146271    -0.409302
  2   1   0   0    17    13     4.478956    -0.511747
  2   1   0   0    17    14     5.500344    -0.576437
  2   1   0   0    17    15     5.522132    -0.454792
  2   1   0   0    17    16     5.500344    -0.576437
  2   2   0   0    17    17     0.000000    10.267832
  2   2   0   0    17    18     4.024569    -0.124281
  2   2   0   0    17    19     2.859831     0.491516
  2   2   0   0    17    20     2.859831     0.491516
  2   2   0   0    17    21     3.230000     0.807799
  2   2   0   0    17    22     5.160432    -0.377288
  2   2   0   0    17    23     2.859831     0.491516
  2   2   0   0    17    24     2.859831     0.491516
  2   2   0   0    17    25     4.590000    -0.029043
  2   2   0   0    17    26     3.337785    -0.007510
  2   2   0   0    17    27     4.918372    -0.306837
  2   2   0   0    17    28     2.859831     0.491516
  2   2   0   0    17    29     5.612575    -0.261990
  2   2   0   0    17    30     4.644751    -0.369619
  2   2   0   0    17    31     4.918372    -0.306837
  2   2   0   0    17    32     2.859831     0.491516
  2   2   0   0    17    33     4.590000    -0.029043
  2   2   0   0    17    34     3.337785    -0.007510
  2   2   0   0    17    35     2.859831     0.491516
  2   2   0   0    17    36     4.918372    -0.306837
  2   2   0   0    17    37     5.612575    -0.261990
  2   2   0   0    17    38     4.644751    -0.369619
  2   2   0   0    17    39     2.859831     0.491516
  2   2   0   0    17    40     4.918372    -0.306837
  2   2   0   0    17    41     6.491240    -0.519578
  2   2   0   0    17    42     2.466671     1.050830
  2   2   0   0    17    43     4.918372    -0.306837
  2   2   0   0    17    44     4.918372    -0.306837
  2   2   0   0    17    45     7.250455    -0.587880
  2   2   0   0    17    46     4.064156     0.257898
  2   2   0   0    17    47     4.918372    -0.306837
  2   2   0   0    17    48     4.918372    -0.306837
  type:            1  U1 =    6.26586488994952     
  type:            2  U1 =    10.2678322105412     
