 
  number of atoms in the primitive cell:          48
 
 
  CHI0 Matrix 
 
  1   1     1     1     0.000000    -0.830033
  1   1     1     2     3.793705     0.026400
  1   1     1     3     2.960000     0.026833
  1   1     1     4     3.793705     0.026400
  1   1     1     5     4.940000     0.047733
  1   1     1     6     3.793705     0.026350
  1   1     1     7     5.758924     0.046800
  1   1     1     8     3.793705     0.026350
  1   1     1     9     4.940000     0.047733
  1   1     1    10     3.793705     0.026350
  1   1     1    11     5.758924     0.046800
  1   1     1    12     3.793705     0.026350
  1   1     1    13     6.986215     0.010200
  1   1     1    14     3.793705     0.026400
  1   1     1    15     7.587411    -0.008000
  1   1     1    16     3.793705     0.026400
  1   2     1    17     2.026002     0.041767
  1   2     1    18     2.026002     0.041767
  1   2     1    19     4.300801     0.002017
  1   2     1    20     4.300801     0.002017
  1   2     1    21     3.586960     0.001667
  1   2     1    22     3.586960     0.001667
  1   2     1    23     4.300801     0.002017
  1   2     1    24     4.300801     0.002017
  1   2     1    25     3.788693     0.003017
  1   2     1    26     3.788693     0.003017
  1   2     1    27     5.714103    -0.002967
  1   2     1    28     2.083938     0.031317
  1   2     1    29     4.807889     0.003850
  1   2     1    30     4.807889     0.003850
  1   2     1    31     5.714103    -0.002967
  1   2     1    32     2.083938     0.031317
  1   2     1    33     3.788693     0.003017
  1   2     1    34     3.788693     0.003017
  1   2     1    35     2.083938     0.031317
  1   2     1    36     5.714103    -0.002967
  1   2     1    37     4.807889     0.003850
  1   2     1    38     4.807889     0.003850
  1   2     1    39     2.083938     0.031317
  1   2     1    40     5.714103    -0.002967
  1   2     1    41     4.960213     0.001433
  1   2     1    42     4.960213     0.001433
  1   2     1    43     4.300801     0.002017
  1   2     1    44     4.300801     0.002017
  1   2     1    45     5.776271     0.002317
  1   2     1    46     5.776271     0.002317
  1   2     1    47     4.300801     0.002017
  1   2     1    48     4.300801     0.002017
  2   1    17     1     2.026002     0.041767
  2   1    17     2     2.083938     0.031317
  2   1    17     3     3.586960     0.001667
  2   1    17     4     2.083938     0.031317
  2   1    17     5     3.788693     0.003017
  2   1    17     6     4.300801     0.002017
  2   1    17     7     4.807889     0.003850
  2   1    17     8     4.300801     0.002017
  2   1    17     9     3.788693     0.003017
  2   1    17    10     4.300801     0.002017
  2   1    17    11     4.807889     0.003850
  2   1    17    12     4.300801     0.002017
  2   1    17    13     4.960213     0.001433
  2   1    17    14     5.714103    -0.002967
  2   1    17    15     5.776271     0.002317
  2   1    17    16     5.714103    -0.002967
  2   2    17    17     0.000000    -0.110300
  2   2    17    18     4.052005     0.000167
  2   2    17    19     2.906455     0.000783
  2   2    17    20     2.906455     0.000783
  2   2    17    21     2.960000     0.000600
  2   2    17    22     5.018002    -0.000433
  2   2    17    23     2.906455     0.000783
  2   2    17    24     2.906455     0.000783
  2   2    17    25     4.940000     0.000233
  2   2    17    26     3.537537     0.000367
  2   2    17    27     5.380196     0.000217
  2   2    17    28     2.906455     0.000800
  2   2    17    29     5.758924     0.000267
  2   2    17    30     4.612566     0.000300
  2   2    17    31     5.380196     0.000217
  2   2    17    32     2.906455     0.000800
  2   2    17    33     4.940000     0.000233
  2   2    17    34     3.537537     0.000367
  2   2    17    35     2.906455     0.000800
  2   2    17    36     5.380196     0.000217
  2   2    17    37     5.758924     0.000267
  2   2    17    38     4.612566     0.000300
  2   2    17    39     2.906455     0.000800
  2   2    17    40     5.380196     0.000217
  2   2    17    41     6.986215    -0.000267
  2   2    17    42     2.934210    -0.000133
  2   2    17    43     5.380196     0.000200
  2   2    17    44     5.380196     0.000200
  2   2    17    45     7.587411    -0.000333
  2   2    17    46     4.167876     0.000833
  2   2    17    47     5.380196     0.000200
  2   2    17    48     5.380196     0.000200
 
  CHI Matrix 
 
  1   1     1     1     0.000000    -0.241700
  1   1     1     2     3.793705     0.002467
  1   1     1     3     2.960000     0.009333
  1   1     1     4     3.793705     0.002467
  1   1     1     5     4.940000     0.000000
  1   1     1     6     3.793705     0.002317
  1   1     1     7     5.758924     0.002700
  1   1     1     8     3.793705     0.002317
  1   1     1     9     4.940000     0.000000
  1   1     1    10     3.793705     0.002317
  1   1     1    11     5.758924     0.002700
  1   1     1    12     3.793705     0.002317
  1   1     1    13     6.986215     0.001433
  1   1     1    14     3.793705     0.002467
  1   1     1    15     7.587411    -0.001833
  1   1     1    16     3.793705     0.002467
  1   2     1    17     2.026002     0.017367
  1   2     1    18     2.026002     0.017367
  1   2     1    19     4.300801     0.000400
  1   2     1    20     4.300801     0.000400
  1   2     1    21     3.586960     0.001183
  1   2     1    22     3.586960     0.001183
  1   2     1    23     4.300801     0.000400
  1   2     1    24     4.300801     0.000400
  1   2     1    25     3.788693     0.000317
  1   2     1    26     3.788693     0.000317
  1   2     1    27     5.714103    -0.000100
  1   2     1    28     2.083938     0.015867
  1   2     1    29     4.807889     0.000133
  1   2     1    30     4.807889     0.000133
  1   2     1    31     5.714103    -0.000100
  1   2     1    32     2.083938     0.015867
  1   2     1    33     3.788693     0.000317
  1   2     1    34     3.788693     0.000317
  1   2     1    35     2.083938     0.015867
  1   2     1    36     5.714103    -0.000100
  1   2     1    37     4.807889     0.000133
  1   2     1    38     4.807889     0.000133
  1   2     1    39     2.083938     0.015867
  1   2     1    40     5.714103    -0.000100
  1   2     1    41     4.960213    -0.000317
  1   2     1    42     4.960213    -0.000317
  1   2     1    43     4.300801     0.000400
  1   2     1    44     4.300801     0.000400
  1   2     1    45     5.776271     0.000267
  1   2     1    46     5.776271     0.000267
  1   2     1    47     4.300801     0.000400
  1   2     1    48     4.300801     0.000400
  2   1    17     1     2.026002     0.017367
  2   1    17     2     2.083938     0.015867
  2   1    17     3     3.586960     0.001183
  2   1    17     4     2.083938     0.015867
  2   1    17     5     3.788693     0.000317
  2   1    17     6     4.300801     0.000400
  2   1    17     7     4.807889     0.000133
  2   1    17     8     4.300801     0.000400
  2   1    17     9     3.788693     0.000317
  2   1    17    10     4.300801     0.000400
  2   1    17    11     4.807889     0.000133
  2   1    17    12     4.300801     0.000400
  2   1    17    13     4.960213    -0.000317
  2   1    17    14     5.714103    -0.000100
  2   1    17    15     5.776271     0.000267
  2   1    17    16     5.714103    -0.000100
  2   2    17    17     0.000000    -0.046300
  2   2    17    18     4.052005    -0.001000
  2   2    17    19     2.906455     0.000383
  2   2    17    20     2.906455     0.000383
  2   2    17    21     2.960000     0.001567
  2   2    17    22     5.018002    -0.000067
  2   2    17    23     2.906455     0.000383
  2   2    17    24     2.906455     0.000383
  2   2    17    25     4.940000    -0.000033
  2   2    17    26     3.537537     0.000500
  2   2    17    27     5.380196    -0.000133
  2   2    17    28     2.906455     0.000367
  2   2    17    29     5.758924    -0.000033
  2   2    17    30     4.612566     0.000067
  2   2    17    31     5.380196    -0.000133
  2   2    17    32     2.906455     0.000367
  2   2    17    33     4.940000    -0.000033
  2   2    17    34     3.537537     0.000500
  2   2    17    35     2.906455     0.000367
  2   2    17    36     5.380196    -0.000133
  2   2    17    37     5.758924    -0.000033
  2   2    17    38     4.612566     0.000067
  2   2    17    39     2.906455     0.000367
  2   2    17    40     5.380196    -0.000133
  2   2    17    41     6.986215     0.000033
  2   2    17    42     2.934210     0.000000
  2   2    17    43     5.380196    -0.000133
  2   2    17    44     5.380196    -0.000133
  2   2    17    45     7.587411     0.000167
  2   2    17    46     4.167876    -0.001267
  2   2    17    47     5.380196    -0.000133
  2   2    17    48     5.380196    -0.000133
 
  CHI0^-1 - CHI^-1 Matrix 
 
  1   1   0   0     1     1     0.000000     3.318567
  1   1   0   0     1     2     3.793705    -0.175477
  1   1   0   0     1     3     2.960000     0.365266
  1   1   0   0     1     4     3.793705    -0.175477
  1   1   0   0     1     5     4.940000    -0.357098
  1   1   0   0     1     6     3.793705    -0.179852
  1   1   0   0     1     7     5.758924    -0.315500
  1   1   0   0     1     8     3.793705    -0.179852
  1   1   0   0     1     9     4.940000    -0.357098
  1   1   0   0     1    10     3.793705    -0.179852
  1   1   0   0     1    11     5.758924    -0.315500
  1   1   0   0     1    12     3.793705    -0.179852
  1   1   0   0     1    13     6.986215    -0.379678
  1   1   0   0     1    14     3.793705    -0.175801
  1   1   0   0     1    15     7.587411    -0.403765
  1   1   0   0     1    16     3.793705    -0.175801
  1   2   0   0     1    17     2.026002     1.090035
  1   2   0   0     1    18     2.026002     1.088851
  1   2   0   0     1    19     4.300801    -0.324539
  1   2   0   0     1    20     4.300801    -0.324539
  1   2   0   0     1    21     3.586960     0.148880
  1   2   0   0     1    22     3.586960     0.148571
  1   2   0   0     1    23     4.300801    -0.324539
  1   2   0   0     1    24     4.300801    -0.324539
  1   2   0   0     1    25     3.788693    -0.308193
  1   2   0   0     1    26     3.788693    -0.308183
  1   2   0   0     1    27     5.714103    -0.455289
  1   2   0   0     1    28     2.083938     1.231468
  1   2   0   0     1    29     4.807889    -0.332417
  1   2   0   0     1    30     4.807889    -0.332414
  1   2   0   0     1    31     5.714103    -0.455289
  1   2   0   0     1    32     2.083938     1.231468
  1   2   0   0     1    33     3.788693    -0.308193
  1   2   0   0     1    34     3.788693    -0.308183
  1   2   0   0     1    35     2.083938     1.231468
  1   2   0   0     1    36     5.714103    -0.455289
  1   2   0   0     1    37     4.807889    -0.332417
  1   2   0   0     1    38     4.807889    -0.332414
  1   2   0   0     1    39     2.083938     1.231468
  1   2   0   0     1    40     5.714103    -0.455289
  1   2   0   0     1    41     4.960213    -0.434945
  1   2   0   0     1    42     4.960213    -0.434669
  1   2   0   0     1    43     4.300801    -0.325802
  1   2   0   0     1    44     4.300801    -0.325802
  1   2   0   0     1    45     5.776271    -0.437653
  1   2   0   0     1    46     5.776271    -0.437401
  1   2   0   0     1    47     4.300801    -0.325802
  1   2   0   0     1    48     4.300801    -0.325802
  2   1   0   0    17     1     2.026002     1.090035
  2   1   0   0    17     2     2.083938     1.237741
  2   1   0   0    17     3     3.586960     0.150439
  2   1   0   0    17     4     2.083938     1.237741
  2   1   0   0    17     5     3.788693    -0.302432
  2   1   0   0    17     6     4.300801    -0.325719
  2   1   0   0    17     7     4.807889    -0.326677
  2   1   0   0    17     8     4.300801    -0.325719
  2   1   0   0    17     9     3.788693    -0.302432
  2   1   0   0    17    10     4.300801    -0.325719
  2   1   0   0    17    11     4.807889    -0.326677
  2   1   0   0    17    12     4.300801    -0.325719
  2   1   0   0    17    13     4.960213    -0.433361
  2   1   0   0    17    14     5.714103    -0.451923
  2   1   0   0    17    15     5.776271    -0.436061
  2   1   0   0    17    16     5.714103    -0.451923
  2   2   0   0    17    17     0.000000    13.853422
  2   2   0   0    17    18     4.052005    -0.507201
  2   2   0   0    17    19     2.906455     0.385823
  2   2   0   0    17    20     2.906455     0.385823
  2   2   0   0    17    21     2.960000     1.653634
  2   2   0   0    17    22     5.018002    -0.344663
  2   2   0   0    17    23     2.906455     0.385823
  2   2   0   0    17    24     2.906455     0.385823
  2   2   0   0    17    25     4.940000    -0.444066
  2   2   0   0    17    26     3.537537    -0.184173
  2   2   0   0    17    27     5.380196    -0.617338
  2   2   0   0    17    28     2.906455     0.372509
  2   2   0   0    17    29     5.758924    -0.470210
  2   2   0   0    17    30     4.612566    -0.387697
  2   2   0   0    17    31     5.380196    -0.617338
  2   2   0   0    17    32     2.906455     0.372509
  2   2   0   0    17    33     4.940000    -0.444066
  2   2   0   0    17    34     3.537537    -0.184173
  2   2   0   0    17    35     2.906455     0.372509
  2   2   0   0    17    36     5.380196    -0.617338
  2   2   0   0    17    37     5.758924    -0.470210
  2   2   0   0    17    38     4.612566    -0.387697
  2   2   0   0    17    39     2.906455     0.372509
  2   2   0   0    17    40     5.380196    -0.617338
  2   2   0   0    17    41     6.986215    -0.614917
  2   2   0   0    17    42     2.934210     0.577482
  2   2   0   0    17    43     5.380196    -0.614597
  2   2   0   0    17    44     5.380196    -0.614597
  2   2   0   0    17    45     7.587411    -0.533968
  2   2   0   0    17    46     4.167876    -0.057592
  2   2   0   0    17    47     5.380196    -0.614597
  2   2   0   0    17    48     5.380196    -0.614597
  type:            1  U0 =    3.31856698826894     
  type:            2  U0 =    13.8534222503884     
 
 
 
  Extrapolation to a supercell            1           1           1
 
  number of atoms in the supercell:          48
 
 
  type1:            1  type2:            1
 
  number of shells:            7
 
  shell  #n: pc, sc, spinp   dist       chi_pc     chi_sc 
 
    1        1   1   0        0.0000    -0.8300    -0.8300
    2        8   8   0        3.7937     0.0264     0.0264
    3        1   1   0        2.9600     0.0268     0.0268
    4        2   2   0        4.9400     0.0477     0.0477
    5        2   2   0        5.7589     0.0468     0.0468
    6        1   1   0        6.9862     0.0102     0.0102
    7        1   1   0        7.5874    -0.0080    -0.0080
 
  type1:            1  type2:            2
 
  number of shells:            9
 
  shell  #n: pc, sc, spinp   dist       chi_pc     chi_sc 
 
    1        2   2   0        2.0260     0.0418     0.0418
    2        8   8   0        4.3008     0.0020     0.0020
    3        2   2   0        3.5870     0.0017     0.0017
    4        4   4   0        3.7887     0.0030     0.0030
    5        4   4   0        5.7141    -0.0030    -0.0030
    6        4   4   0        2.0839     0.0313     0.0313
    7        4   4   0        4.8079     0.0038     0.0038
    8        2   2   0        4.9602     0.0014     0.0014
    9        2   2   0        5.7763     0.0023     0.0023
 
  type1:            2  type2:            2
 
  number of shells:           14
 
  shell  #n: pc, sc, spinp   dist       chi_pc     chi_sc 
 
    1        1   1   0        0.0000    -0.1103    -0.1103
    2        1   1   0        4.0520     0.0002     0.0002
    3        8   8   0        2.9065     0.0008     0.0008
    4        1   1   0        2.9600     0.0006     0.0006
    5        1   1   0        5.0180    -0.0004    -0.0004
    6        2   2   0        4.9400     0.0002     0.0002
    7        2   2   0        3.5375     0.0004     0.0004
    8        8   8   0        5.3802     0.0002     0.0002
    9        2   2   0        5.7589     0.0003     0.0003
   10        2   2   0        4.6126     0.0003     0.0003
   11        1   1   0        6.9862    -0.0003    -0.0003
   12        1   1   0        2.9342    -0.0001    -0.0001
   13        1   1   0        7.5874    -0.0003    -0.0003
   14        1   1   0        4.1679     0.0008     0.0008
 
  CHI0 Matrix 
 
  1   1   0   0     1     1     0.000000    -0.830033
  1   1   0   0     1     2     3.793705     0.026400
  1   1   0   0     1     3     2.960000     0.026833
  1   1   0   0     1     4     3.793705     0.026400
  1   1   0   0     1     5     4.940000     0.047733
  1   1   0   0     1     6     3.793705     0.026400
  1   1   0   0     1     7     5.758924     0.046800
  1   1   0   0     1     8     3.793705     0.026400
  1   1   0   0     1     9     4.940000     0.047733
  1   1   0   0     1    10     3.793705     0.026400
  1   1   0   0     1    11     5.758924     0.046800
  1   1   0   0     1    12     3.793705     0.026400
  1   1   0   0     1    13     6.986215     0.010200
  1   1   0   0     1    14     3.793705     0.026400
  1   1   0   0     1    15     7.587411    -0.008000
  1   1   0   0     1    16     3.793705     0.026400
  1   2   0   0     1    17     2.026002     0.041767
  1   2   0   0     1    18     2.026002     0.041767
  1   2   0   0     1    19     4.300801     0.002017
  1   2   0   0     1    20     4.300801     0.002017
  1   2   0   0     1    21     3.586960     0.001667
  1   2   0   0     1    22     3.586960     0.001667
  1   2   0   0     1    23     4.300801     0.002017
  1   2   0   0     1    24     4.300801     0.002017
  1   2   0   0     1    25     3.788693     0.003017
  1   2   0   0     1    26     3.788693     0.003017
  1   2   0   0     1    27     5.714103    -0.002967
  1   2   0   0     1    28     2.083938     0.031317
  1   2   0   0     1    29     4.807889     0.003850
  1   2   0   0     1    30     4.807889     0.003850
  1   2   0   0     1    31     5.714103    -0.002967
  1   2   0   0     1    32     2.083938     0.031317
  1   2   0   0     1    33     3.788693     0.003017
  1   2   0   0     1    34     3.788693     0.003017
  1   2   0   0     1    35     2.083938     0.031317
  1   2   0   0     1    36     5.714103    -0.002967
  1   2   0   0     1    37     4.807889     0.003850
  1   2   0   0     1    38     4.807889     0.003850
  1   2   0   0     1    39     2.083938     0.031317
  1   2   0   0     1    40     5.714103    -0.002967
  1   2   0   0     1    41     4.960213     0.001433
  1   2   0   0     1    42     4.960213     0.001433
  1   2   0   0     1    43     4.300801     0.002017
  1   2   0   0     1    44     4.300801     0.002017
  1   2   0   0     1    45     5.776271     0.002317
  1   2   0   0     1    46     5.776271     0.002317
  1   2   0   0     1    47     4.300801     0.002017
  1   2   0   0     1    48     4.300801     0.002017
  2   1   0   0    17     1     2.026002     0.041767
  2   1   0   0    17     2     2.083938     0.031317
  2   1   0   0    17     3     3.586960     0.001667
  2   1   0   0    17     4     2.083938     0.031317
  2   1   0   0    17     5     3.788693     0.003017
  2   1   0   0    17     6     4.300801     0.002017
  2   1   0   0    17     7     4.807889     0.003850
  2   1   0   0    17     8     4.300801     0.002017
  2   1   0   0    17     9     3.788693     0.003017
  2   1   0   0    17    10     4.300801     0.002017
  2   1   0   0    17    11     4.807889     0.003850
  2   1   0   0    17    12     4.300801     0.002017
  2   1   0   0    17    13     4.960213     0.001433
  2   1   0   0    17    14     5.714103    -0.002967
  2   1   0   0    17    15     5.776271     0.002317
  2   1   0   0    17    16     5.714103    -0.002967
  2   2   0   0    17    17     0.000000    -0.110300
  2   2   0   0    17    18     4.052005     0.000167
  2   2   0   0    17    19     2.906455     0.000783
  2   2   0   0    17    20     2.906455     0.000783
  2   2   0   0    17    21     2.960000     0.000600
  2   2   0   0    17    22     5.018002    -0.000433
  2   2   0   0    17    23     2.906455     0.000783
  2   2   0   0    17    24     2.906455     0.000783
  2   2   0   0    17    25     4.940000     0.000233
  2   2   0   0    17    26     3.537537     0.000367
  2   2   0   0    17    27     5.380196     0.000217
  2   2   0   0    17    28     2.906455     0.000783
  2   2   0   0    17    29     5.758924     0.000267
  2   2   0   0    17    30     4.612566     0.000300
  2   2   0   0    17    31     5.380196     0.000217
  2   2   0   0    17    32     2.906455     0.000783
  2   2   0   0    17    33     4.940000     0.000233
  2   2   0   0    17    34     3.537537     0.000367
  2   2   0   0    17    35     2.906455     0.000783
  2   2   0   0    17    36     5.380196     0.000217
  2   2   0   0    17    37     5.758924     0.000267
  2   2   0   0    17    38     4.612566     0.000300
  2   2   0   0    17    39     2.906455     0.000783
  2   2   0   0    17    40     5.380196     0.000217
  2   2   0   0    17    41     6.986215    -0.000267
  2   2   0   0    17    42     2.934210    -0.000133
  2   2   0   0    17    43     5.380196     0.000217
  2   2   0   0    17    44     5.380196     0.000217
  2   2   0   0    17    45     7.587411    -0.000333
  2   2   0   0    17    46     4.167876     0.000833
  2   2   0   0    17    47     5.380196     0.000217
  2   2   0   0    17    48     5.380196     0.000217
 
  CHI Matrix 
 
  1   1   0   0     1     1     0.000000    -0.241700
  1   1   0   0     1     2     3.793705     0.002467
  1   1   0   0     1     3     2.960000     0.009333
  1   1   0   0     1     4     3.793705     0.002467
  1   1   0   0     1     5     4.940000     0.000000
  1   1   0   0     1     6     3.793705     0.002467
  1   1   0   0     1     7     5.758924     0.002700
  1   1   0   0     1     8     3.793705     0.002467
  1   1   0   0     1     9     4.940000     0.000000
  1   1   0   0     1    10     3.793705     0.002467
  1   1   0   0     1    11     5.758924     0.002700
  1   1   0   0     1    12     3.793705     0.002467
  1   1   0   0     1    13     6.986215     0.001433
  1   1   0   0     1    14     3.793705     0.002467
  1   1   0   0     1    15     7.587411    -0.001833
  1   1   0   0     1    16     3.793705     0.002467
  1   2   0   0     1    17     2.026002     0.017367
  1   2   0   0     1    18     2.026002     0.017367
  1   2   0   0     1    19     4.300801     0.000400
  1   2   0   0     1    20     4.300801     0.000400
  1   2   0   0     1    21     3.586960     0.001183
  1   2   0   0     1    22     3.586960     0.001183
  1   2   0   0     1    23     4.300801     0.000400
  1   2   0   0     1    24     4.300801     0.000400
  1   2   0   0     1    25     3.788693     0.000317
  1   2   0   0     1    26     3.788693     0.000317
  1   2   0   0     1    27     5.714103    -0.000100
  1   2   0   0     1    28     2.083938     0.015867
  1   2   0   0     1    29     4.807889     0.000133
  1   2   0   0     1    30     4.807889     0.000133
  1   2   0   0     1    31     5.714103    -0.000100
  1   2   0   0     1    32     2.083938     0.015867
  1   2   0   0     1    33     3.788693     0.000317
  1   2   0   0     1    34     3.788693     0.000317
  1   2   0   0     1    35     2.083938     0.015867
  1   2   0   0     1    36     5.714103    -0.000100
  1   2   0   0     1    37     4.807889     0.000133
  1   2   0   0     1    38     4.807889     0.000133
  1   2   0   0     1    39     2.083938     0.015867
  1   2   0   0     1    40     5.714103    -0.000100
  1   2   0   0     1    41     4.960213    -0.000317
  1   2   0   0     1    42     4.960213    -0.000317
  1   2   0   0     1    43     4.300801     0.000400
  1   2   0   0     1    44     4.300801     0.000400
  1   2   0   0     1    45     5.776271     0.000267
  1   2   0   0     1    46     5.776271     0.000267
  1   2   0   0     1    47     4.300801     0.000400
  1   2   0   0     1    48     4.300801     0.000400
  2   1   0   0    17     1     2.026002     0.017367
  2   1   0   0    17     2     2.083938     0.015867
  2   1   0   0    17     3     3.586960     0.001183
  2   1   0   0    17     4     2.083938     0.015867
  2   1   0   0    17     5     3.788693     0.000317
  2   1   0   0    17     6     4.300801     0.000400
  2   1   0   0    17     7     4.807889     0.000133
  2   1   0   0    17     8     4.300801     0.000400
  2   1   0   0    17     9     3.788693     0.000317
  2   1   0   0    17    10     4.300801     0.000400
  2   1   0   0    17    11     4.807889     0.000133
  2   1   0   0    17    12     4.300801     0.000400
  2   1   0   0    17    13     4.960213    -0.000317
  2   1   0   0    17    14     5.714103    -0.000100
  2   1   0   0    17    15     5.776271     0.000267
  2   1   0   0    17    16     5.714103    -0.000100
  2   2   0   0    17    17     0.000000    -0.046300
  2   2   0   0    17    18     4.052005    -0.001000
  2   2   0   0    17    19     2.906455     0.000383
  2   2   0   0    17    20     2.906455     0.000383
  2   2   0   0    17    21     2.960000     0.001567
  2   2   0   0    17    22     5.018002    -0.000067
  2   2   0   0    17    23     2.906455     0.000383
  2   2   0   0    17    24     2.906455     0.000383
  2   2   0   0    17    25     4.940000    -0.000033
  2   2   0   0    17    26     3.537537     0.000500
  2   2   0   0    17    27     5.380196    -0.000133
  2   2   0   0    17    28     2.906455     0.000383
  2   2   0   0    17    29     5.758924    -0.000033
  2   2   0   0    17    30     4.612566     0.000067
  2   2   0   0    17    31     5.380196    -0.000133
  2   2   0   0    17    32     2.906455     0.000383
  2   2   0   0    17    33     4.940000    -0.000033
  2   2   0   0    17    34     3.537537     0.000500
  2   2   0   0    17    35     2.906455     0.000383
  2   2   0   0    17    36     5.380196    -0.000133
  2   2   0   0    17    37     5.758924    -0.000033
  2   2   0   0    17    38     4.612566     0.000067
  2   2   0   0    17    39     2.906455     0.000383
  2   2   0   0    17    40     5.380196    -0.000133
  2   2   0   0    17    41     6.986215     0.000033
  2   2   0   0    17    42     2.934210     0.000000
  2   2   0   0    17    43     5.380196    -0.000133
  2   2   0   0    17    44     5.380196    -0.000133
  2   2   0   0    17    45     7.587411     0.000167
  2   2   0   0    17    46     4.167876    -0.001267
  2   2   0   0    17    47     5.380196    -0.000133
  2   2   0   0    17    48     5.380196    -0.000133
 
  CHI0^-1 - CHI^-1 Matrix 
 
  1   1   0   0     1     1     0.000000     3.325322
  1   1   0   0     1     2     3.793705    -0.171402
  1   1   0   0     1     3     2.960000     0.371005
  1   1   0   0     1     4     3.793705    -0.171402
  1   1   0   0     1     5     4.940000    -0.352527
  1   1   0   0     1     6     3.793705    -0.171402
  1   1   0   0     1     7     5.758924    -0.310916
  1   1   0   0     1     8     3.793705    -0.171402
  1   1   0   0     1     9     4.940000    -0.352527
  1   1   0   0     1    10     3.793705    -0.171402
  1   1   0   0     1    11     5.758924    -0.310916
  1   1   0   0     1    12     3.793705    -0.171402
  1   1   0   0     1    13     6.986215    -0.375775
  1   1   0   0     1    14     3.793705    -0.171402
  1   1   0   0     1    15     7.587411    -0.399873
  1   1   0   0     1    16     3.793705    -0.171402
  1   2   0   0     1    17     2.026002     1.100242
  1   2   0   0     1    18     2.026002     1.100242
  1   2   0   0     1    19     4.300801    -0.317660
  1   2   0   0     1    20     4.300801    -0.317660
  1   2   0   0     1    21     3.586960     0.159615
  1   2   0   0     1    22     3.586960     0.159615
  1   2   0   0     1    23     4.300801    -0.317660
  1   2   0   0     1    24     4.300801    -0.317660
  1   2   0   0     1    25     3.788693    -0.297119
  1   2   0   0     1    26     3.788693    -0.297119
  1   2   0   0     1    27     5.714103    -0.447266
  1   2   0   0     1    28     2.083938     1.243447
  1   2   0   0     1    29     4.807889    -0.321348
  1   2   0   0     1    30     4.807889    -0.321348
  1   2   0   0     1    31     5.714103    -0.447266
  1   2   0   0     1    32     2.083938     1.243447
  1   2   0   0     1    33     3.788693    -0.297119
  1   2   0   0     1    34     3.788693    -0.297119
  1   2   0   0     1    35     2.083938     1.243447
  1   2   0   0     1    36     5.714103    -0.447266
  1   2   0   0     1    37     4.807889    -0.321348
  1   2   0   0     1    38     4.807889    -0.321348
  1   2   0   0     1    39     2.083938     1.243447
  1   2   0   0     1    40     5.714103    -0.447266
  1   2   0   0     1    41     4.960213    -0.428670
  1   2   0   0     1    42     4.960213    -0.428670
  1   2   0   0     1    43     4.300801    -0.317660
  1   2   0   0     1    44     4.300801    -0.317660
  1   2   0   0     1    45     5.776271    -0.431382
  1   2   0   0     1    46     5.776271    -0.431382
  1   2   0   0     1    47     4.300801    -0.317660
  1   2   0   0     1    48     4.300801    -0.317660
  2   1   0   0    17     1     2.026002     1.100242
  2   1   0   0    17     2     2.083938     1.243447
  2   1   0   0    17     3     3.586960     0.159615
  2   1   0   0    17     4     2.083938     1.243447
  2   1   0   0    17     5     3.788693    -0.297119
  2   1   0   0    17     6     4.300801    -0.317660
  2   1   0   0    17     7     4.807889    -0.321348
  2   1   0   0    17     8     4.300801    -0.317660
  2   1   0   0    17     9     3.788693    -0.297119
  2   1   0   0    17    10     4.300801    -0.317660
  2   1   0   0    17    11     4.807889    -0.321348
  2   1   0   0    17    12     4.300801    -0.317660
  2   1   0   0    17    13     4.960213    -0.428670
  2   1   0   0    17    14     5.714103    -0.447266
  2   1   0   0    17    15     5.776271    -0.431382
  2   1   0   0    17    16     5.714103    -0.447266
  2   2   0   0    17    17     0.000000    13.865465
  2   2   0   0    17    18     4.052005    -0.495395
  2   2   0   0    17    19     2.906455     0.396341
  2   2   0   0    17    20     2.906455     0.396341
  2   2   0   0    17    21     2.960000     1.667896
  2   2   0   0    17    22     5.018002    -0.333238
  2   2   0   0    17    23     2.906455     0.396341
  2   2   0   0    17    24     2.906455     0.396341
  2   2   0   0    17    25     4.940000    -0.432283
  2   2   0   0    17    26     3.537537    -0.172421
  2   2   0   0    17    27     5.380196    -0.607663
  2   2   0   0    17    28     2.906455     0.396341
  2   2   0   0    17    29     5.758924    -0.458432
  2   2   0   0    17    30     4.612566    -0.375928
  2   2   0   0    17    31     5.380196    -0.607663
  2   2   0   0    17    32     2.906455     0.396341
  2   2   0   0    17    33     4.940000    -0.432283
  2   2   0   0    17    34     3.537537    -0.172421
  2   2   0   0    17    35     2.906455     0.396341
  2   2   0   0    17    36     5.380196    -0.607663
  2   2   0   0    17    37     5.758924    -0.458432
  2   2   0   0    17    38     4.612566    -0.375928
  2   2   0   0    17    39     2.906455     0.396341
  2   2   0   0    17    40     5.380196    -0.607663
  2   2   0   0    17    41     6.986215    -0.608107
  2   2   0   0    17    42     2.934210     0.587233
  2   2   0   0    17    43     5.380196    -0.607663
  2   2   0   0    17    44     5.380196    -0.607663
  2   2   0   0    17    45     7.587411    -0.527167
  2   2   0   0    17    46     4.167876    -0.047778
  2   2   0   0    17    47     5.380196    -0.607663
  2   2   0   0    17    48     5.380196    -0.607663
  type:            1  U1 =    3.32532172308783     
  type:            2  U1 =    13.8654645456404     
