 
  number of atoms in the primitive cell:          48
 
 
  CHI0 Matrix 
 
  1   1     1     1     0.000000    -1.201067
  1   1     1     2     3.562871     0.069500
  1   1     1     3     3.120000     0.158233
  1   1     1     4     3.562871     0.069500
  1   1     1     5     4.530000     0.046767
  1   1     1     6     3.562871     0.069867
  1   1     1     7     5.500482     0.054400
  1   1     1     8     3.562871     0.069867
  1   1     1     9     4.530000     0.046767
  1   1     1    10     3.562871     0.069867
  1   1     1    11     5.500482     0.054400
  1   1     1    12     3.562871     0.069867
  1   1     1    13     6.406387    -0.083800
  1   1     1    14     3.562871     0.069500
  1   1     1    15     7.125742     0.009133
  1   1     1    16     3.562871     0.069500
  1   2     1    17     1.985980     0.032967
  1   2     1    18     1.985980     0.032967
  1   2     1    19     4.078991     0.007150
  1   2     1    20     4.078991     0.007150
  1   2     1    21     3.698448     0.008017
  1   2     1    22     3.698448     0.008017
  1   2     1    23     4.078991     0.007150
  1   2     1    24     4.078991     0.007150
  1   2     1    25     3.426669     0.008333
  1   2     1    26     3.426669     0.008333
  1   2     1    27     5.418591    -0.001117
  1   2     1    28     1.978689     0.011317
  1   2     1    29     4.634270     0.009550
  1   2     1    30     4.634270     0.009550
  1   2     1    31     5.418591    -0.001117
  1   2     1    32     1.978689     0.011317
  1   2     1    33     3.426669     0.008333
  1   2     1    34     3.426669     0.008333
  1   2     1    35     1.978689     0.011317
  1   2     1    36     5.418591    -0.001117
  1   2     1    37     4.634270     0.009550
  1   2     1    38     4.634270     0.009550
  1   2     1    39     1.978689     0.011317
  1   2     1    40     5.418591    -0.001117
  1   2     1    41     4.420407     0.008617
  1   2     1    42     4.420407     0.008617
  1   2     1    43     4.078991     0.007150
  1   2     1    44     4.078991     0.007150
  1   2     1    45     5.410582     0.008583
  1   2     1    46     5.410582     0.008583
  1   2     1    47     4.078991     0.007150
  1   2     1    48     4.078991     0.007150
  2   1    17     1     1.985980     0.032967
  2   1    17     2     1.978689     0.011317
  2   1    17     3     3.698448     0.008017
  2   1    17     4     1.978689     0.011317
  2   1    17     5     3.426669     0.008333
  2   1    17     6     4.078991     0.007150
  2   1    17     7     4.634270     0.009550
  2   1    17     8     4.078991     0.007150
  2   1    17     9     3.426669     0.008333
  2   1    17    10     4.078991     0.007150
  2   1    17    11     4.634270     0.009550
  2   1    17    12     4.078991     0.007150
  2   1    17    13     4.420407     0.008617
  2   1    17    14     5.418591    -0.001117
  2   1    17    15     5.410582     0.008583
  2   1    17    16     5.418591    -0.001117
  2   2    17    17     0.000000    -0.205333
  2   2    17    18     3.971960     0.010800
  2   2    17    19     2.803449     0.003233
  2   2    17    20     2.803449     0.003233
  2   2    17    21     3.120000     0.000933
  2   2    17    22     5.050828     0.000533
  2   2    17    23     2.803449     0.003233
  2   2    17    24     2.803449     0.003233
  2   2    17    25     4.530000     0.001900
  2   2    17    26     3.294154     0.000167
  2   2    17    27     4.843058     0.001467
  2   2    17    28     2.803449     0.003233
  2   2    17    29     5.500482     0.002100
  2   2    17    30     4.537163     0.000833
  2   2    17    31     4.843058     0.001467
  2   2    17    32     2.803449     0.003233
  2   2    17    33     4.530000     0.001900
  2   2    17    34     3.294154     0.000167
  2   2    17    35     2.803449     0.003233
  2   2    17    36     4.843058     0.001467
  2   2    17    37     5.500482     0.002100
  2   2    17    38     4.537163     0.000833
  2   2    17    39     2.803449     0.003233
  2   2    17    40     4.843058     0.001467
  2   2    17    41     6.406387    -0.000900
  2   2    17    42     2.434427     0.003067
  2   2    17    43     4.843058     0.001467
  2   2    17    44     4.843058     0.001467
  2   2    17    45     7.125742    -0.003733
  2   2    17    46     3.957377     0.016800
  2   2    17    47     4.843058     0.001467
  2   2    17    48     4.843058     0.001467
 
  CHI Matrix 
 
  1   1     1     1     0.000000    -0.154600
  1   1     1     2     3.562871     0.001367
  1   1     1     3     3.120000     0.003800
  1   1     1     4     3.562871     0.001367
  1   1     1     5     4.530000    -0.001400
  1   1     1     6     3.562871     0.001000
  1   1     1     7     5.500482     0.001600
  1   1     1     8     3.562871     0.001000
  1   1     1     9     4.530000    -0.001400
  1   1     1    10     3.562871     0.001000
  1   1     1    11     5.500482     0.001600
  1   1     1    12     3.562871     0.001000
  1   1     1    13     6.406387     0.000900
  1   1     1    14     3.562871     0.001367
  1   1     1    15     7.125742     0.001133
  1   1     1    16     3.562871     0.001367
  1   2     1    17     1.985980     0.017250
  1   2     1    18     1.985980     0.017250
  1   2     1    19     4.078991     0.000350
  1   2     1    20     4.078991     0.000350
  1   2     1    21     3.698448     0.000383
  1   2     1    22     3.698448     0.000383
  1   2     1    23     4.078991     0.000350
  1   2     1    24     4.078991     0.000350
  1   2     1    25     3.426669     0.000583
  1   2     1    26     3.426669     0.000583
  1   2     1    27     5.418591    -0.000417
  1   2     1    28     1.978689     0.015650
  1   2     1    29     4.634270     0.000050
  1   2     1    30     4.634270     0.000050
  1   2     1    31     5.418591    -0.000417
  1   2     1    32     1.978689     0.015650
  1   2     1    33     3.426669     0.000583
  1   2     1    34     3.426669     0.000583
  1   2     1    35     1.978689     0.015650
  1   2     1    36     5.418591    -0.000417
  1   2     1    37     4.634270     0.000050
  1   2     1    38     4.634270     0.000050
  1   2     1    39     1.978689     0.015650
  1   2     1    40     5.418591    -0.000417
  1   2     1    41     4.420407     0.000017
  1   2     1    42     4.420407     0.000017
  1   2     1    43     4.078991     0.000350
  1   2     1    44     4.078991     0.000350
  1   2     1    45     5.410582    -0.001183
  1   2     1    46     5.410582    -0.001183
  1   2     1    47     4.078991     0.000350
  1   2     1    48     4.078991     0.000350
  2   1    17     1     1.985980     0.017250
  2   1    17     2     1.978689     0.015650
  2   1    17     3     3.698448     0.000383
  2   1    17     4     1.978689     0.015650
  2   1    17     5     3.426669     0.000583
  2   1    17     6     4.078991     0.000350
  2   1    17     7     4.634270     0.000050
  2   1    17     8     4.078991     0.000350
  2   1    17     9     3.426669     0.000583
  2   1    17    10     4.078991     0.000350
  2   1    17    11     4.634270     0.000050
  2   1    17    12     4.078991     0.000350
  2   1    17    13     4.420407     0.000017
  2   1    17    14     5.418591    -0.000417
  2   1    17    15     5.410582    -0.001183
  2   1    17    16     5.418591    -0.000417
  2   2    17    17     0.000000    -0.068400
  2   2    17    18     3.971960     0.000567
  2   2    17    19     2.803449     0.001567
  2   2    17    20     2.803449     0.001567
  2   2    17    21     3.120000     0.002067
  2   2    17    22     5.050828    -0.000300
  2   2    17    23     2.803449     0.001567
  2   2    17    24     2.803449     0.001567
  2   2    17    25     4.530000    -0.000433
  2   2    17    26     3.294154     0.001400
  2   2    17    27     4.843058    -0.000067
  2   2    17    28     2.803449     0.001600
  2   2    17    29     5.500482    -0.000367
  2   2    17    30     4.537163     0.000667
  2   2    17    31     4.843058    -0.000067
  2   2    17    32     2.803449     0.001600
  2   2    17    33     4.530000    -0.000433
  2   2    17    34     3.294154     0.001400
  2   2    17    35     2.803449     0.001600
  2   2    17    36     4.843058    -0.000067
  2   2    17    37     5.500482    -0.000367
  2   2    17    38     4.537163     0.000667
  2   2    17    39     2.803449     0.001600
  2   2    17    40     4.843058    -0.000067
  2   2    17    41     6.406387     0.000133
  2   2    17    42     2.434427     0.001700
  2   2    17    43     4.843058    -0.000100
  2   2    17    44     4.843058    -0.000100
  2   2    17    45     7.125742    -0.000300
  2   2    17    46     3.957377     0.001533
  2   2    17    47     4.843058    -0.000100
  2   2    17    48     4.843058    -0.000100
 
  CHI0^-1 - CHI^-1 Matrix 
 
  1   1   0   0     1     1     0.000000     6.726645
  1   1   0   0     1     2     3.562871    -0.025308
  1   1   0   0     1     3     3.120000     0.819595
  1   1   0   0     1     4     3.562871    -0.025308
  1   1   0   0     1     5     4.530000    -0.331479
  1   1   0   0     1     6     3.562871    -0.052989
  1   1   0   0     1     7     5.500482    -0.229860
  1   1   0   0     1     8     3.562871    -0.052989
  1   1   0   0     1     9     4.530000    -0.331479
  1   1   0   0     1    10     3.562871    -0.052989
  1   1   0   0     1    11     5.500482    -0.229860
  1   1   0   0     1    12     3.562871    -0.052989
  1   1   0   0     1    13     6.406387    -0.374030
  1   1   0   0     1    14     3.562871    -0.024475
  1   1   0   0     1    15     7.125742    -0.474189
  1   1   0   0     1    16     3.562871    -0.024475
  1   2   0   0     1    17     1.985980     1.882581
  1   2   0   0     1    18     1.985980     1.883867
  1   2   0   0     1    19     4.078991    -0.155351
  1   2   0   0     1    20     4.078991    -0.155351
  1   2   0   0     1    21     3.698448     0.365616
  1   2   0   0     1    22     3.698448     0.366278
  1   2   0   0     1    23     4.078991    -0.155351
  1   2   0   0     1    24     4.078991    -0.155351
  1   2   0   0     1    25     3.426669    -0.076315
  1   2   0   0     1    26     3.426669    -0.076332
  1   2   0   0     1    27     5.418591    -0.445672
  1   2   0   0     1    28     1.978689     2.047811
  1   2   0   0     1    29     4.634270    -0.122299
  1   2   0   0     1    30     4.634270    -0.122309
  1   2   0   0     1    31     5.418591    -0.445672
  1   2   0   0     1    32     1.978689     2.047811
  1   2   0   0     1    33     3.426669    -0.076315
  1   2   0   0     1    34     3.426669    -0.076332
  1   2   0   0     1    35     1.978689     2.047811
  1   2   0   0     1    36     5.418591    -0.445672
  1   2   0   0     1    37     4.634270    -0.122299
  1   2   0   0     1    38     4.634270    -0.122309
  1   2   0   0     1    39     1.978689     2.047811
  1   2   0   0     1    40     5.418591    -0.445672
  1   2   0   0     1    41     4.420407    -0.273194
  1   2   0   0     1    42     4.420407    -0.273847
  1   2   0   0     1    43     4.078991    -0.153356
  1   2   0   0     1    44     4.078991    -0.153356
  1   2   0   0     1    45     5.410582    -0.424409
  1   2   0   0     1    46     5.410582    -0.425065
  1   2   0   0     1    47     4.078991    -0.153356
  1   2   0   0     1    48     4.078991    -0.153356
  2   1   0   0    17     1     1.985980     1.882581
  2   1   0   0    17     2     1.978689     2.070273
  2   1   0   0    17     3     3.698448     0.376977
  2   1   0   0    17     4     1.978689     2.070273
  2   1   0   0    17     5     3.426669    -0.052825
  2   1   0   0    17     6     4.078991    -0.148644
  2   1   0   0    17     7     4.634270    -0.099093
  2   1   0   0    17     8     4.078991    -0.148644
  2   1   0   0    17     9     3.426669    -0.052825
  2   1   0   0    17    10     4.078991    -0.148644
  2   1   0   0    17    11     4.634270    -0.099093
  2   1   0   0    17    12     4.078991    -0.148644
  2   1   0   0    17    13     4.420407    -0.254949
  2   1   0   0    17    14     5.418591    -0.426680
  2   1   0   0    17    15     5.410582    -0.406406
  2   1   0   0    17    16     5.418591    -0.426680
  2   2   0   0    17    17     0.000000    11.359353
  2   2   0   0    17    18     3.971960     0.045122
  2   2   0   0    17    19     2.803449     0.834628
  2   2   0   0    17    20     2.803449     0.834628
  2   2   0   0    17    21     3.120000     1.666382
  2   2   0   0    17    22     5.050828    -0.273126
  2   2   0   0    17    23     2.803449     0.834628
  2   2   0   0    17    24     2.803449     0.834628
  2   2   0   0    17    25     4.530000    -0.198983
  2   2   0   0    17    26     3.294154     0.206533
  2   2   0   0    17    27     4.843058    -0.321038
  2   2   0   0    17    28     2.803449     0.837715
  2   2   0   0    17    29     5.500482    -0.223937
  2   2   0   0    17    30     4.537163     0.011452
  2   2   0   0    17    31     4.843058    -0.321038
  2   2   0   0    17    32     2.803449     0.837715
  2   2   0   0    17    33     4.530000    -0.198983
  2   2   0   0    17    34     3.294154     0.206533
  2   2   0   0    17    35     2.803449     0.837715
  2   2   0   0    17    36     4.843058    -0.321038
  2   2   0   0    17    37     5.500482    -0.223937
  2   2   0   0    17    38     4.537163     0.011452
  2   2   0   0    17    39     2.803449     0.837715
  2   2   0   0    17    40     4.843058    -0.321038
  2   2   0   0    17    41     6.406387    -0.438327
  2   2   0   0    17    42     2.434427     1.230964
  2   2   0   0    17    43     4.843058    -0.332403
  2   2   0   0    17    44     4.843058    -0.332403
  2   2   0   0    17    45     7.125742    -0.562241
  2   2   0   0    17    46     3.957377     0.807547
  2   2   0   0    17    47     4.843058    -0.332403
  2   2   0   0    17    48     4.843058    -0.332403
  type:            1  U0 =    6.72664476966864     
  type:            2  U0 =    11.3593529980629     
 
 
 
  Extrapolation to a supercell            1           1           1
 
  number of atoms in the supercell:          48
 
 
  type1:            1  type2:            1
 
  number of shells:            7
 
  shell  #n: pc, sc, spinp   dist       chi_pc     chi_sc 
 
    1        1   1   0        0.0000    -1.2011    -1.2011
    2        8   8   0        3.5629     0.0695     0.0695
    3        1   1   0        3.1200     0.1582     0.1582
    4        2   2   0        4.5300     0.0468     0.0468
    5        2   2   0        5.5005     0.0544     0.0544
    6        1   1   0        6.4064    -0.0838    -0.0838
    7        1   1   0        7.1257     0.0091     0.0091
 
  type1:            1  type2:            2
 
  number of shells:            9
 
  shell  #n: pc, sc, spinp   dist       chi_pc     chi_sc 
 
    1        2   2   0        1.9860     0.0330     0.0330
    2        8   8   0        4.0790     0.0072     0.0072
    3        2   2   0        3.6984     0.0080     0.0080
    4        4   4   0        3.4267     0.0083     0.0083
    5        4   4   0        5.4186    -0.0011    -0.0011
    6        4   4   0        1.9787     0.0113     0.0113
    7        4   4   0        4.6343     0.0095     0.0095
    8        2   2   0        4.4204     0.0086     0.0086
    9        2   2   0        5.4106     0.0086     0.0086
 
  type1:            2  type2:            2
 
  number of shells:           14
 
  shell  #n: pc, sc, spinp   dist       chi_pc     chi_sc 
 
    1        1   1   0        0.0000    -0.2053    -0.2053
    2        1   1   0        3.9720     0.0108     0.0108
    3        8   8   0        2.8034     0.0032     0.0032
    4        1   1   0        3.1200     0.0009     0.0009
    5        1   1   0        5.0508     0.0005     0.0005
    6        2   2   0        4.5300     0.0019     0.0019
    7        2   2   0        3.2942     0.0002     0.0002
    8        8   8   0        4.8431     0.0015     0.0015
    9        2   2   0        5.5005     0.0021     0.0021
   10        2   2   0        4.5372     0.0008     0.0008
   11        1   1   0        6.4064    -0.0009    -0.0009
   12        1   1   0        2.4344     0.0031     0.0031
   13        1   1   0        7.1257    -0.0037    -0.0037
   14        1   1   0        3.9574     0.0168     0.0168
 
  CHI0 Matrix 
 
  1   1   0   0     1     1     0.000000    -1.201067
  1   1   0   0     1     2     3.562871     0.069500
  1   1   0   0     1     3     3.120000     0.158233
  1   1   0   0     1     4     3.562871     0.069500
  1   1   0   0     1     5     4.530000     0.046767
  1   1   0   0     1     6     3.562871     0.069500
  1   1   0   0     1     7     5.500482     0.054400
  1   1   0   0     1     8     3.562871     0.069500
  1   1   0   0     1     9     4.530000     0.046767
  1   1   0   0     1    10     3.562871     0.069500
  1   1   0   0     1    11     5.500482     0.054400
  1   1   0   0     1    12     3.562871     0.069500
  1   1   0   0     1    13     6.406387    -0.083800
  1   1   0   0     1    14     3.562871     0.069500
  1   1   0   0     1    15     7.125742     0.009133
  1   1   0   0     1    16     3.562871     0.069500
  1   2   0   0     1    17     1.985980     0.032967
  1   2   0   0     1    18     1.985980     0.032967
  1   2   0   0     1    19     4.078991     0.007150
  1   2   0   0     1    20     4.078991     0.007150
  1   2   0   0     1    21     3.698448     0.008017
  1   2   0   0     1    22     3.698448     0.008017
  1   2   0   0     1    23     4.078991     0.007150
  1   2   0   0     1    24     4.078991     0.007150
  1   2   0   0     1    25     3.426669     0.008333
  1   2   0   0     1    26     3.426669     0.008333
  1   2   0   0     1    27     5.418591    -0.001117
  1   2   0   0     1    28     1.978689     0.011317
  1   2   0   0     1    29     4.634270     0.009550
  1   2   0   0     1    30     4.634270     0.009550
  1   2   0   0     1    31     5.418591    -0.001117
  1   2   0   0     1    32     1.978689     0.011317
  1   2   0   0     1    33     3.426669     0.008333
  1   2   0   0     1    34     3.426669     0.008333
  1   2   0   0     1    35     1.978689     0.011317
  1   2   0   0     1    36     5.418591    -0.001117
  1   2   0   0     1    37     4.634270     0.009550
  1   2   0   0     1    38     4.634270     0.009550
  1   2   0   0     1    39     1.978689     0.011317
  1   2   0   0     1    40     5.418591    -0.001117
  1   2   0   0     1    41     4.420407     0.008617
  1   2   0   0     1    42     4.420407     0.008617
  1   2   0   0     1    43     4.078991     0.007150
  1   2   0   0     1    44     4.078991     0.007150
  1   2   0   0     1    45     5.410582     0.008583
  1   2   0   0     1    46     5.410582     0.008583
  1   2   0   0     1    47     4.078991     0.007150
  1   2   0   0     1    48     4.078991     0.007150
  2   1   0   0    17     1     1.985980     0.032967
  2   1   0   0    17     2     1.978689     0.011317
  2   1   0   0    17     3     3.698448     0.008017
  2   1   0   0    17     4     1.978689     0.011317
  2   1   0   0    17     5     3.426669     0.008333
  2   1   0   0    17     6     4.078991     0.007150
  2   1   0   0    17     7     4.634270     0.009550
  2   1   0   0    17     8     4.078991     0.007150
  2   1   0   0    17     9     3.426669     0.008333
  2   1   0   0    17    10     4.078991     0.007150
  2   1   0   0    17    11     4.634270     0.009550
  2   1   0   0    17    12     4.078991     0.007150
  2   1   0   0    17    13     4.420407     0.008617
  2   1   0   0    17    14     5.418591    -0.001117
  2   1   0   0    17    15     5.410582     0.008583
  2   1   0   0    17    16     5.418591    -0.001117
  2   2   0   0    17    17     0.000000    -0.205333
  2   2   0   0    17    18     3.971960     0.010800
  2   2   0   0    17    19     2.803449     0.003233
  2   2   0   0    17    20     2.803449     0.003233
  2   2   0   0    17    21     3.120000     0.000933
  2   2   0   0    17    22     5.050828     0.000533
  2   2   0   0    17    23     2.803449     0.003233
  2   2   0   0    17    24     2.803449     0.003233
  2   2   0   0    17    25     4.530000     0.001900
  2   2   0   0    17    26     3.294154     0.000167
  2   2   0   0    17    27     4.843058     0.001467
  2   2   0   0    17    28     2.803449     0.003233
  2   2   0   0    17    29     5.500482     0.002100
  2   2   0   0    17    30     4.537163     0.000833
  2   2   0   0    17    31     4.843058     0.001467
  2   2   0   0    17    32     2.803449     0.003233
  2   2   0   0    17    33     4.530000     0.001900
  2   2   0   0    17    34     3.294154     0.000167
  2   2   0   0    17    35     2.803449     0.003233
  2   2   0   0    17    36     4.843058     0.001467
  2   2   0   0    17    37     5.500482     0.002100
  2   2   0   0    17    38     4.537163     0.000833
  2   2   0   0    17    39     2.803449     0.003233
  2   2   0   0    17    40     4.843058     0.001467
  2   2   0   0    17    41     6.406387    -0.000900
  2   2   0   0    17    42     2.434427     0.003067
  2   2   0   0    17    43     4.843058     0.001467
  2   2   0   0    17    44     4.843058     0.001467
  2   2   0   0    17    45     7.125742    -0.003733
  2   2   0   0    17    46     3.957377     0.016800
  2   2   0   0    17    47     4.843058     0.001467
  2   2   0   0    17    48     4.843058     0.001467
 
  CHI Matrix 
 
  1   1   0   0     1     1     0.000000    -0.154600
  1   1   0   0     1     2     3.562871     0.001367
  1   1   0   0     1     3     3.120000     0.003800
  1   1   0   0     1     4     3.562871     0.001367
  1   1   0   0     1     5     4.530000    -0.001400
  1   1   0   0     1     6     3.562871     0.001367
  1   1   0   0     1     7     5.500482     0.001600
  1   1   0   0     1     8     3.562871     0.001367
  1   1   0   0     1     9     4.530000    -0.001400
  1   1   0   0     1    10     3.562871     0.001367
  1   1   0   0     1    11     5.500482     0.001600
  1   1   0   0     1    12     3.562871     0.001367
  1   1   0   0     1    13     6.406387     0.000900
  1   1   0   0     1    14     3.562871     0.001367
  1   1   0   0     1    15     7.125742     0.001133
  1   1   0   0     1    16     3.562871     0.001367
  1   2   0   0     1    17     1.985980     0.017250
  1   2   0   0     1    18     1.985980     0.017250
  1   2   0   0     1    19     4.078991     0.000350
  1   2   0   0     1    20     4.078991     0.000350
  1   2   0   0     1    21     3.698448     0.000383
  1   2   0   0     1    22     3.698448     0.000383
  1   2   0   0     1    23     4.078991     0.000350
  1   2   0   0     1    24     4.078991     0.000350
  1   2   0   0     1    25     3.426669     0.000583
  1   2   0   0     1    26     3.426669     0.000583
  1   2   0   0     1    27     5.418591    -0.000417
  1   2   0   0     1    28     1.978689     0.015650
  1   2   0   0     1    29     4.634270     0.000050
  1   2   0   0     1    30     4.634270     0.000050
  1   2   0   0     1    31     5.418591    -0.000417
  1   2   0   0     1    32     1.978689     0.015650
  1   2   0   0     1    33     3.426669     0.000583
  1   2   0   0     1    34     3.426669     0.000583
  1   2   0   0     1    35     1.978689     0.015650
  1   2   0   0     1    36     5.418591    -0.000417
  1   2   0   0     1    37     4.634270     0.000050
  1   2   0   0     1    38     4.634270     0.000050
  1   2   0   0     1    39     1.978689     0.015650
  1   2   0   0     1    40     5.418591    -0.000417
  1   2   0   0     1    41     4.420407     0.000017
  1   2   0   0     1    42     4.420407     0.000017
  1   2   0   0     1    43     4.078991     0.000350
  1   2   0   0     1    44     4.078991     0.000350
  1   2   0   0     1    45     5.410582    -0.001183
  1   2   0   0     1    46     5.410582    -0.001183
  1   2   0   0     1    47     4.078991     0.000350
  1   2   0   0     1    48     4.078991     0.000350
  2   1   0   0    17     1     1.985980     0.017250
  2   1   0   0    17     2     1.978689     0.015650
  2   1   0   0    17     3     3.698448     0.000383
  2   1   0   0    17     4     1.978689     0.015650
  2   1   0   0    17     5     3.426669     0.000583
  2   1   0   0    17     6     4.078991     0.000350
  2   1   0   0    17     7     4.634270     0.000050
  2   1   0   0    17     8     4.078991     0.000350
  2   1   0   0    17     9     3.426669     0.000583
  2   1   0   0    17    10     4.078991     0.000350
  2   1   0   0    17    11     4.634270     0.000050
  2   1   0   0    17    12     4.078991     0.000350
  2   1   0   0    17    13     4.420407     0.000017
  2   1   0   0    17    14     5.418591    -0.000417
  2   1   0   0    17    15     5.410582    -0.001183
  2   1   0   0    17    16     5.418591    -0.000417
  2   2   0   0    17    17     0.000000    -0.068400
  2   2   0   0    17    18     3.971960     0.000567
  2   2   0   0    17    19     2.803449     0.001567
  2   2   0   0    17    20     2.803449     0.001567
  2   2   0   0    17    21     3.120000     0.002067
  2   2   0   0    17    22     5.050828    -0.000300
  2   2   0   0    17    23     2.803449     0.001567
  2   2   0   0    17    24     2.803449     0.001567
  2   2   0   0    17    25     4.530000    -0.000433
  2   2   0   0    17    26     3.294154     0.001400
  2   2   0   0    17    27     4.843058    -0.000067
  2   2   0   0    17    28     2.803449     0.001567
  2   2   0   0    17    29     5.500482    -0.000367
  2   2   0   0    17    30     4.537163     0.000667
  2   2   0   0    17    31     4.843058    -0.000067
  2   2   0   0    17    32     2.803449     0.001567
  2   2   0   0    17    33     4.530000    -0.000433
  2   2   0   0    17    34     3.294154     0.001400
  2   2   0   0    17    35     2.803449     0.001567
  2   2   0   0    17    36     4.843058    -0.000067
  2   2   0   0    17    37     5.500482    -0.000367
  2   2   0   0    17    38     4.537163     0.000667
  2   2   0   0    17    39     2.803449     0.001567
  2   2   0   0    17    40     4.843058    -0.000067
  2   2   0   0    17    41     6.406387     0.000133
  2   2   0   0    17    42     2.434427     0.001700
  2   2   0   0    17    43     4.843058    -0.000067
  2   2   0   0    17    44     4.843058    -0.000067
  2   2   0   0    17    45     7.125742    -0.000300
  2   2   0   0    17    46     3.957377     0.001533
  2   2   0   0    17    47     4.843058    -0.000067
  2   2   0   0    17    48     4.843058    -0.000067
 
  CHI0^-1 - CHI^-1 Matrix 
 
  1   1   0   0     1     1     0.000000     6.765470
  1   1   0   0     1     2     3.562871    -0.001235
  1   1   0   0     1     3     3.120000     0.844282
  1   1   0   0     1     4     3.562871    -0.001235
  1   1   0   0     1     5     4.530000    -0.304827
  1   1   0   0     1     6     3.562871    -0.001235
  1   1   0   0     1     7     5.500482    -0.203001
  1   1   0   0     1     8     3.562871    -0.001235
  1   1   0   0     1     9     4.530000    -0.304827
  1   1   0   0     1    10     3.562871    -0.001235
  1   1   0   0     1    11     5.500482    -0.203001
  1   1   0   0     1    12     3.562871    -0.001235
  1   1   0   0     1    13     6.406387    -0.345135
  1   1   0   0     1    14     3.562871    -0.001235
  1   1   0   0     1    15     7.125742    -0.445292
  1   1   0   0     1    16     3.562871    -0.001235
  1   2   0   0     1    17     1.985980     1.909932
  1   2   0   0     1    18     1.985980     1.909932
  1   2   0   0     1    19     4.078991    -0.123828
  1   2   0   0     1    20     4.078991    -0.123828
  1   2   0   0     1    21     3.698448     0.389073
  1   2   0   0     1    22     3.698448     0.389073
  1   2   0   0     1    23     4.078991    -0.123828
  1   2   0   0     1    24     4.078991    -0.123828
  1   2   0   0     1    25     3.426669    -0.035295
  1   2   0   0     1    26     3.426669    -0.035295
  1   2   0   0     1    27     5.418591    -0.406795
  1   2   0   0     1    28     1.978689     2.082123
  1   2   0   0     1    29     4.634270    -0.081349
  1   2   0   0     1    30     4.634270    -0.081349
  1   2   0   0     1    31     5.418591    -0.406795
  1   2   0   0     1    32     1.978689     2.082123
  1   2   0   0     1    33     3.426669    -0.035295
  1   2   0   0     1    34     3.426669    -0.035295
  1   2   0   0     1    35     1.978689     2.082123
  1   2   0   0     1    36     5.418591    -0.406795
  1   2   0   0     1    37     4.634270    -0.081349
  1   2   0   0     1    38     4.634270    -0.081349
  1   2   0   0     1    39     1.978689     2.082123
  1   2   0   0     1    40     5.418591    -0.406795
  1   2   0   0     1    41     4.420407    -0.238926
  1   2   0   0     1    42     4.420407    -0.238926
  1   2   0   0     1    43     4.078991    -0.123828
  1   2   0   0     1    44     4.078991    -0.123828
  1   2   0   0     1    45     5.410582    -0.390390
  1   2   0   0     1    46     5.410582    -0.390390
  1   2   0   0     1    47     4.078991    -0.123828
  1   2   0   0     1    48     4.078991    -0.123828
  2   1   0   0    17     1     1.985980     1.909932
  2   1   0   0    17     2     1.978689     2.082123
  2   1   0   0    17     3     3.698448     0.389073
  2   1   0   0    17     4     1.978689     2.082123
  2   1   0   0    17     5     3.426669    -0.035295
  2   1   0   0    17     6     4.078991    -0.123828
  2   1   0   0    17     7     4.634270    -0.081349
  2   1   0   0    17     8     4.078991    -0.123828
  2   1   0   0    17     9     3.426669    -0.035295
  2   1   0   0    17    10     4.078991    -0.123828
  2   1   0   0    17    11     4.634270    -0.081349
  2   1   0   0    17    12     4.078991    -0.123828
  2   1   0   0    17    13     4.420407    -0.238926
  2   1   0   0    17    14     5.418591    -0.406795
  2   1   0   0    17    15     5.410582    -0.390390
  2   1   0   0    17    16     5.418591    -0.406795
  2   2   0   0    17    17     0.000000    11.374156
  2   2   0   0    17    18     3.971960     0.068390
  2   2   0   0    17    19     2.803449     0.850355
  2   2   0   0    17    20     2.803449     0.850355
  2   2   0   0    17    21     3.120000     1.675386
  2   2   0   0    17    22     5.050828    -0.253399
  2   2   0   0    17    23     2.803449     0.850355
  2   2   0   0    17    24     2.803449     0.850355
  2   2   0   0    17    25     4.530000    -0.176866
  2   2   0   0    17    26     3.294154     0.228710
  2   2   0   0    17    27     4.843058    -0.301406
  2   2   0   0    17    28     2.803449     0.850355
  2   2   0   0    17    29     5.500482    -0.201894
  2   2   0   0    17    30     4.537163     0.033530
  2   2   0   0    17    31     4.843058    -0.301406
  2   2   0   0    17    32     2.803449     0.850355
  2   2   0   0    17    33     4.530000    -0.176866
  2   2   0   0    17    34     3.294154     0.228710
  2   2   0   0    17    35     2.803449     0.850355
  2   2   0   0    17    36     4.843058    -0.301406
  2   2   0   0    17    37     5.500482    -0.201894
  2   2   0   0    17    38     4.537163     0.033530
  2   2   0   0    17    39     2.803449     0.850355
  2   2   0   0    17    40     4.843058    -0.301406
  2   2   0   0    17    41     6.406387    -0.412173
  2   2   0   0    17    42     2.434427     1.246361
  2   2   0   0    17    43     4.843058    -0.301406
  2   2   0   0    17    44     4.843058    -0.301406
  2   2   0   0    17    45     7.125742    -0.536367
  2   2   0   0    17    46     3.957377     0.822673
  2   2   0   0    17    47     4.843058    -0.301406
  2   2   0   0    17    48     4.843058    -0.301406
  type:            1  U1 =    6.76546971165783     
  type:            2  U1 =    11.3741564378656     
