 
  number of atoms in the primitive cell:          48
 
 
  CHI0 Matrix 
 
  1   1     1     1     0.000000    -0.517700
  1   1     1     2     3.607835     0.003267
  1   1     1     3     2.970000     0.016000
  1   1     1     4     3.607835     0.003267
  1   1     1     5     4.650000     0.000667
  1   1     1     6     3.607835     0.003267
  1   1     1     7     5.517554     0.001000
  1   1     1     8     3.607835     0.003267
  1   1     1     9     4.650000     0.000667
  1   1     1    10     3.607835     0.003267
  1   1     1    11     5.517554     0.001000
  1   1     1    12     3.607835     0.003267
  1   1     1    13     6.576093     0.001233
  1   1     1    14     3.607835     0.003267
  1   1     1    15     7.215670     0.000967
  1   1     1    16     3.607835     0.003267
  1   2     1    17     2.038589     0.034167
  1   2     1    18     2.038589     0.034167
  1   2     1    19     4.143950     0.000467
  1   2     1    20     4.143950     0.000467
  1   2     1    21     3.602325     0.002300
  1   2     1    22     3.602325     0.002300
  1   2     1    23     4.143950     0.000467
  1   2     1    24     4.143950     0.000467
  1   2     1    25     3.517441     0.000500
  1   2     1    26     3.517441     0.000500
  1   2     1    27     5.529762     0.000950
  1   2     1    28     1.940714     0.059733
  1   2     1    29     4.603618     0.001700
  1   2     1    30     4.603618     0.001700
  1   2     1    31     5.529762     0.000950
  1   2     1    32     1.940714     0.059733
  1   2     1    33     3.517441     0.000500
  1   2     1    34     3.517441     0.000500
  1   2     1    35     1.940714     0.059733
  1   2     1    36     5.529762     0.000950
  1   2     1    37     4.603618     0.001700
  1   2     1    38     4.603618     0.001700
  1   2     1    39     1.940714     0.059733
  1   2     1    40     5.529762     0.000950
  1   2     1    41     4.537504     0.001333
  1   2     1    42     4.537504     0.001333
  1   2     1    43     4.143950     0.000467
  1   2     1    44     4.143950     0.000467
  1   2     1    45     5.423084     0.002167
  1   2     1    46     5.423084     0.002167
  1   2     1    47     4.143950     0.000467
  1   2     1    48     4.143950     0.000467
  2   1    17     1     2.038589     0.034167
  2   1    17     2     1.940714     0.059733
  2   1    17     3     3.602325     0.002300
  2   1    17     4     1.940714     0.059733
  2   1    17     5     3.517441     0.000500
  2   1    17     6     4.143950     0.000467
  2   1    17     7     4.603618     0.001700
  2   1    17     8     4.143950     0.000467
  2   1    17     9     3.517441     0.000500
  2   1    17    10     4.143950     0.000467
  2   1    17    11     4.603618     0.001700
  2   1    17    12     4.143950     0.000467
  2   1    17    13     4.537504     0.001333
  2   1    17    14     5.529762     0.000950
  2   1    17    15     5.423084     0.002167
  2   1    17    16     5.529762     0.000950
  2   2    17    17     0.000000    -0.145600
  2   2    17    18     4.077178     0.000467
  2   2    17    19     2.814643     0.000633
  2   2    17    20     2.814643     0.000633
  2   2    17    21     2.970000     0.002200
  2   2    17    22     5.044232     0.000100
  2   2    17    23     2.814643     0.000633
  2   2    17    24     2.814643     0.000633
  2   2    17    25     4.650000     0.000033
  2   2    17    26     3.381417     0.000167
  2   2    17    27     4.935110     0.000067
  2   2    17    28     2.814643     0.000633
  2   2    17    29     5.517554     0.000000
  2   2    17    30     4.500542     0.000133
  2   2    17    31     4.935110     0.000067
  2   2    17    32     2.814643     0.000633
  2   2    17    33     4.650000     0.000033
  2   2    17    34     3.381417     0.000167
  2   2    17    35     2.814643     0.000633
  2   2    17    36     4.935110     0.000067
  2   2    17    37     5.517554     0.000000
  2   2    17    38     4.500542     0.000133
  2   2    17    39     2.814643     0.000633
  2   2    17    40     4.935110     0.000067
  2   2    17    41     6.576093     0.000067
  2   2    17    42     2.498915     0.000667
  2   2    17    43     4.935110     0.000067
  2   2    17    44     4.935110     0.000067
  2   2    17    45     7.215670     0.000067
  2   2    17    46     3.881427     0.003967
  2   2    17    47     4.935110     0.000067
  2   2    17    48     4.935110     0.000067
 
  CHI Matrix 
 
  1   1     1     1     0.000000    -0.161833
  1   1     1     2     3.607835     0.001300
  1   1     1     3     2.970000     0.002233
  1   1     1     4     3.607835     0.001300
  1   1     1     5     4.650000     0.000033
  1   1     1     6     3.607835     0.001267
  1   1     1     7     5.517554    -0.000133
  1   1     1     8     3.607835     0.001267
  1   1     1     9     4.650000     0.000033
  1   1     1    10     3.607835     0.001267
  1   1     1    11     5.517554    -0.000133
  1   1     1    12     3.607835     0.001267
  1   1     1    13     6.576093     0.000767
  1   1     1    14     3.607835     0.001300
  1   1     1    15     7.215670    -0.000267
  1   1     1    16     3.607835     0.001300
  1   2     1    17     2.038589     0.014033
  1   2     1    18     2.038589     0.014033
  1   2     1    19     4.143950     0.000067
  1   2     1    20     4.143950     0.000067
  1   2     1    21     3.602325     0.000500
  1   2     1    22     3.602325     0.000500
  1   2     1    23     4.143950     0.000067
  1   2     1    24     4.143950     0.000067
  1   2     1    25     3.517441     0.000550
  1   2     1    26     3.517441     0.000550
  1   2     1    27     5.529762     0.000267
  1   2     1    28     1.940714     0.016717
  1   2     1    29     4.603618    -0.000217
  1   2     1    30     4.603618    -0.000217
  1   2     1    31     5.529762     0.000267
  1   2     1    32     1.940714     0.016717
  1   2     1    33     3.517441     0.000550
  1   2     1    34     3.517441     0.000550
  1   2     1    35     1.940714     0.016717
  1   2     1    36     5.529762     0.000267
  1   2     1    37     4.603618    -0.000217
  1   2     1    38     4.603618    -0.000217
  1   2     1    39     1.940714     0.016717
  1   2     1    40     5.529762     0.000267
  1   2     1    41     4.537504    -0.000350
  1   2     1    42     4.537504    -0.000350
  1   2     1    43     4.143950     0.000067
  1   2     1    44     4.143950     0.000067
  1   2     1    45     5.423084    -0.000650
  1   2     1    46     5.423084    -0.000650
  1   2     1    47     4.143950     0.000067
  1   2     1    48     4.143950     0.000067
  2   1    17     1     2.038589     0.014033
  2   1    17     2     1.940714     0.016717
  2   1    17     3     3.602325     0.000500
  2   1    17     4     1.940714     0.016717
  2   1    17     5     3.517441     0.000550
  2   1    17     6     4.143950     0.000067
  2   1    17     7     4.603618    -0.000217
  2   1    17     8     4.143950     0.000067
  2   1    17     9     3.517441     0.000550
  2   1    17    10     4.143950     0.000067
  2   1    17    11     4.603618    -0.000217
  2   1    17    12     4.143950     0.000067
  2   1    17    13     4.537504    -0.000350
  2   1    17    14     5.529762     0.000267
  2   1    17    15     5.423084    -0.000650
  2   1    17    16     5.529762     0.000267
  2   2    17    17     0.000000    -0.056767
  2   2    17    18     4.077178     0.000267
  2   2    17    19     2.814643     0.001000
  2   2    17    20     2.814643     0.001000
  2   2    17    21     2.970000     0.003200
  2   2    17    22     5.044232     0.000333
  2   2    17    23     2.814643     0.001000
  2   2    17    24     2.814643     0.001000
  2   2    17    25     4.650000    -0.000033
  2   2    17    26     3.381417     0.000900
  2   2    17    27     4.935110     0.000183
  2   2    17    28     2.814643     0.001033
  2   2    17    29     5.517554    -0.000300
  2   2    17    30     4.500542     0.000000
  2   2    17    31     4.935110     0.000183
  2   2    17    32     2.814643     0.001033
  2   2    17    33     4.650000    -0.000033
  2   2    17    34     3.381417     0.000900
  2   2    17    35     2.814643     0.001033
  2   2    17    36     4.935110     0.000183
  2   2    17    37     5.517554    -0.000300
  2   2    17    38     4.500542     0.000000
  2   2    17    39     2.814643     0.001033
  2   2    17    40     4.935110     0.000183
  2   2    17    41     6.576093    -0.000233
  2   2    17    42     2.498915     0.001167
  2   2    17    43     4.935110     0.000233
  2   2    17    44     4.935110     0.000233
  2   2    17    45     7.215670    -0.000433
  2   2    17    46     3.881427    -0.000100
  2   2    17    47     4.935110     0.000233
  2   2    17    48     4.935110     0.000233
 
  CHI0^-1 - CHI^-1 Matrix 
 
  1   1   0   0     1     1     0.000000     4.947565
  1   1   0   0     1     2     3.607835     0.081332
  1   1   0   0     1     3     2.970000     0.537877
  1   1   0   0     1     4     3.607835     0.081332
  1   1   0   0     1     5     4.650000    -0.066843
  1   1   0   0     1     6     3.607835     0.080321
  1   1   0   0     1     7     5.517554    -0.113535
  1   1   0   0     1     8     3.607835     0.080321
  1   1   0   0     1     9     4.650000    -0.066843
  1   1   0   0     1    10     3.607835     0.080321
  1   1   0   0     1    11     5.517554    -0.113535
  1   1   0   0     1    12     3.607835     0.080321
  1   1   0   0     1    13     6.576093    -0.159278
  1   1   0   0     1    14     3.607835     0.083529
  1   1   0   0     1    15     7.215670    -0.223725
  1   1   0   0     1    16     3.607835     0.083529
  1   2   0   0     1    17     2.038589     1.425381
  1   2   0   0     1    18     2.038589     1.435354
  1   2   0   0     1    19     4.143950    -0.021625
  1   2   0   0     1    20     4.143950    -0.021625
  1   2   0   0     1    21     3.602325     0.413639
  1   2   0   0     1    22     3.602325     0.415640
  1   2   0   0     1    23     4.143950    -0.021625
  1   2   0   0     1    24     4.143950    -0.021625
  1   2   0   0     1    25     3.517441     0.116280
  1   2   0   0     1    26     3.517441     0.116145
  1   2   0   0     1    27     5.529762    -0.153279
  1   2   0   0     1    28     1.940714     1.405883
  1   2   0   0     1    29     4.603618    -0.023725
  1   2   0   0     1    30     4.603618    -0.023778
  1   2   0   0     1    31     5.529762    -0.153279
  1   2   0   0     1    32     1.940714     1.405883
  1   2   0   0     1    33     3.517441     0.116280
  1   2   0   0     1    34     3.517441     0.116145
  1   2   0   0     1    35     1.940714     1.405883
  1   2   0   0     1    36     5.529762    -0.153279
  1   2   0   0     1    37     4.603618    -0.023725
  1   2   0   0     1    38     4.603618    -0.023778
  1   2   0   0     1    39     1.940714     1.405883
  1   2   0   0     1    40     5.529762    -0.153279
  1   2   0   0     1    41     4.537504    -0.150727
  1   2   0   0     1    42     4.537504    -0.152507
  1   2   0   0     1    43     4.143950    -0.018450
  1   2   0   0     1    44     4.143950    -0.018450
  1   2   0   0     1    45     5.423084    -0.257946
  1   2   0   0     1    46     5.423084    -0.259585
  1   2   0   0     1    47     4.143950    -0.018450
  1   2   0   0     1    48     4.143950    -0.018450
  2   1   0   0    17     1     2.038589     1.425381
  2   1   0   0    17     2     1.940714     1.392747
  2   1   0   0    17     3     3.602325     0.407684
  2   1   0   0    17     4     1.940714     1.392747
  2   1   0   0    17     5     3.517441     0.106715
  2   1   0   0    17     6     4.143950    -0.030219
  2   1   0   0    17     7     4.603618    -0.033269
  2   1   0   0    17     8     4.143950    -0.030219
  2   1   0   0    17     9     3.517441     0.106715
  2   1   0   0    17    10     4.143950    -0.030219
  2   1   0   0    17    11     4.603618    -0.033269
  2   1   0   0    17    12     4.143950    -0.030219
  2   1   0   0    17    13     4.537504    -0.170544
  2   1   0   0    17    14     5.529762    -0.155584
  2   1   0   0    17    15     5.423084    -0.277745
  2   1   0   0    17    16     5.529762    -0.155584
  2   2   0   0    17    17     0.000000    11.800702
  2   2   0   0    17    18     4.077178     0.340035
  2   2   0   0    17    19     2.814643     0.776691
  2   2   0   0    17    20     2.814643     0.776691
  2   2   0   0    17    21     2.970000     1.652139
  2   2   0   0    17    22     5.044232     0.128542
  2   2   0   0    17    23     2.814643     0.776691
  2   2   0   0    17    24     2.814643     0.776691
  2   2   0   0    17    25     4.650000     0.026455
  2   2   0   0    17    26     3.381417     0.303136
  2   2   0   0    17    27     4.935110    -0.144138
  2   2   0   0    17    28     2.814643     0.793488
  2   2   0   0    17    29     5.517554    -0.120077
  2   2   0   0    17    30     4.500542    -0.013721
  2   2   0   0    17    31     4.935110    -0.144138
  2   2   0   0    17    32     2.814643     0.793488
  2   2   0   0    17    33     4.650000     0.026455
  2   2   0   0    17    34     3.381417     0.303136
  2   2   0   0    17    35     2.814643     0.793488
  2   2   0   0    17    36     4.935110    -0.144138
  2   2   0   0    17    37     5.517554    -0.120077
  2   2   0   0    17    38     4.500542    -0.013721
  2   2   0   0    17    39     2.814643     0.793488
  2   2   0   0    17    40     4.935110    -0.144138
  2   2   0   0    17    41     6.576093    -0.335400
  2   2   0   0    17    42     2.498915     0.791914
  2   2   0   0    17    43     4.935110    -0.116377
  2   2   0   0    17    44     4.935110    -0.116377
  2   2   0   0    17    45     7.215670    -0.448250
  2   2   0   0    17    46     3.881427     0.235073
  2   2   0   0    17    47     4.935110    -0.116377
  2   2   0   0    17    48     4.935110    -0.116377
  type:            1  U0 =    4.94756531704571     
  type:            2  U0 =    11.8007022047788     
 
 
 
  Extrapolation to a supercell            1           1           1
 
  number of atoms in the supercell:          48
 
 
  type1:            1  type2:            1
 
  number of shells:            7
 
  shell  #n: pc, sc, spinp   dist       chi_pc     chi_sc 
 
    1        1   1   0        0.0000    -0.5177    -0.5177
    2        8   8   0        3.6078     0.0033     0.0033
    3        1   1   0        2.9700     0.0160     0.0160
    4        2   2   0        4.6500     0.0007     0.0007
    5        2   2   0        5.5176     0.0010     0.0010
    6        1   1   0        6.5761     0.0012     0.0012
    7        1   1   0        7.2157     0.0010     0.0010
 
  type1:            1  type2:            2
 
  number of shells:            9
 
  shell  #n: pc, sc, spinp   dist       chi_pc     chi_sc 
 
    1        2   2   0        2.0386     0.0342     0.0342
    2        8   8   0        4.1439     0.0005     0.0005
    3        2   2   0        3.6023     0.0023     0.0023
    4        4   4   0        3.5174     0.0005     0.0005
    5        4   4   0        5.5298     0.0010     0.0010
    6        4   4   0        1.9407     0.0597     0.0597
    7        4   4   0        4.6036     0.0017     0.0017
    8        2   2   0        4.5375     0.0013     0.0013
    9        2   2   0        5.4231     0.0022     0.0022
 
  type1:            2  type2:            2
 
  number of shells:           14
 
  shell  #n: pc, sc, spinp   dist       chi_pc     chi_sc 
 
    1        1   1   0        0.0000    -0.1456    -0.1456
    2        1   1   0        4.0772     0.0005     0.0005
    3        8   8   0        2.8146     0.0006     0.0006
    4        1   1   0        2.9700     0.0022     0.0022
    5        1   1   0        5.0442     0.0001     0.0001
    6        2   2   0        4.6500     0.0000     0.0000
    7        2   2   0        3.3814     0.0002     0.0002
    8        8   8   0        4.9351     0.0001     0.0001
    9        2   2   0        5.5176     0.0000     0.0000
   10        2   2   0        4.5005     0.0001     0.0001
   11        1   1   0        6.5761     0.0001     0.0001
   12        1   1   0        2.4989     0.0007     0.0007
   13        1   1   0        7.2157     0.0001     0.0001
   14        1   1   0        3.8814     0.0040     0.0040
 
  CHI0 Matrix 
 
  1   1   0   0     1     1     0.000000    -0.517700
  1   1   0   0     1     2     3.607835     0.003267
  1   1   0   0     1     3     2.970000     0.016000
  1   1   0   0     1     4     3.607835     0.003267
  1   1   0   0     1     5     4.650000     0.000667
  1   1   0   0     1     6     3.607835     0.003267
  1   1   0   0     1     7     5.517554     0.001000
  1   1   0   0     1     8     3.607835     0.003267
  1   1   0   0     1     9     4.650000     0.000667
  1   1   0   0     1    10     3.607835     0.003267
  1   1   0   0     1    11     5.517554     0.001000
  1   1   0   0     1    12     3.607835     0.003267
  1   1   0   0     1    13     6.576093     0.001233
  1   1   0   0     1    14     3.607835     0.003267
  1   1   0   0     1    15     7.215670     0.000967
  1   1   0   0     1    16     3.607835     0.003267
  1   2   0   0     1    17     2.038589     0.034167
  1   2   0   0     1    18     2.038589     0.034167
  1   2   0   0     1    19     4.143950     0.000467
  1   2   0   0     1    20     4.143950     0.000467
  1   2   0   0     1    21     3.602325     0.002300
  1   2   0   0     1    22     3.602325     0.002300
  1   2   0   0     1    23     4.143950     0.000467
  1   2   0   0     1    24     4.143950     0.000467
  1   2   0   0     1    25     3.517441     0.000500
  1   2   0   0     1    26     3.517441     0.000500
  1   2   0   0     1    27     5.529762     0.000950
  1   2   0   0     1    28     1.940714     0.059733
  1   2   0   0     1    29     4.603618     0.001700
  1   2   0   0     1    30     4.603618     0.001700
  1   2   0   0     1    31     5.529762     0.000950
  1   2   0   0     1    32     1.940714     0.059733
  1   2   0   0     1    33     3.517441     0.000500
  1   2   0   0     1    34     3.517441     0.000500
  1   2   0   0     1    35     1.940714     0.059733
  1   2   0   0     1    36     5.529762     0.000950
  1   2   0   0     1    37     4.603618     0.001700
  1   2   0   0     1    38     4.603618     0.001700
  1   2   0   0     1    39     1.940714     0.059733
  1   2   0   0     1    40     5.529762     0.000950
  1   2   0   0     1    41     4.537504     0.001333
  1   2   0   0     1    42     4.537504     0.001333
  1   2   0   0     1    43     4.143950     0.000467
  1   2   0   0     1    44     4.143950     0.000467
  1   2   0   0     1    45     5.423084     0.002167
  1   2   0   0     1    46     5.423084     0.002167
  1   2   0   0     1    47     4.143950     0.000467
  1   2   0   0     1    48     4.143950     0.000467
  2   1   0   0    17     1     2.038589     0.034167
  2   1   0   0    17     2     1.940714     0.059733
  2   1   0   0    17     3     3.602325     0.002300
  2   1   0   0    17     4     1.940714     0.059733
  2   1   0   0    17     5     3.517441     0.000500
  2   1   0   0    17     6     4.143950     0.000467
  2   1   0   0    17     7     4.603618     0.001700
  2   1   0   0    17     8     4.143950     0.000467
  2   1   0   0    17     9     3.517441     0.000500
  2   1   0   0    17    10     4.143950     0.000467
  2   1   0   0    17    11     4.603618     0.001700
  2   1   0   0    17    12     4.143950     0.000467
  2   1   0   0    17    13     4.537504     0.001333
  2   1   0   0    17    14     5.529762     0.000950
  2   1   0   0    17    15     5.423084     0.002167
  2   1   0   0    17    16     5.529762     0.000950
  2   2   0   0    17    17     0.000000    -0.145600
  2   2   0   0    17    18     4.077178     0.000467
  2   2   0   0    17    19     2.814643     0.000633
  2   2   0   0    17    20     2.814643     0.000633
  2   2   0   0    17    21     2.970000     0.002200
  2   2   0   0    17    22     5.044232     0.000100
  2   2   0   0    17    23     2.814643     0.000633
  2   2   0   0    17    24     2.814643     0.000633
  2   2   0   0    17    25     4.650000     0.000033
  2   2   0   0    17    26     3.381417     0.000167
  2   2   0   0    17    27     4.935110     0.000067
  2   2   0   0    17    28     2.814643     0.000633
  2   2   0   0    17    29     5.517554     0.000000
  2   2   0   0    17    30     4.500542     0.000133
  2   2   0   0    17    31     4.935110     0.000067
  2   2   0   0    17    32     2.814643     0.000633
  2   2   0   0    17    33     4.650000     0.000033
  2   2   0   0    17    34     3.381417     0.000167
  2   2   0   0    17    35     2.814643     0.000633
  2   2   0   0    17    36     4.935110     0.000067
  2   2   0   0    17    37     5.517554     0.000000
  2   2   0   0    17    38     4.500542     0.000133
  2   2   0   0    17    39     2.814643     0.000633
  2   2   0   0    17    40     4.935110     0.000067
  2   2   0   0    17    41     6.576093     0.000067
  2   2   0   0    17    42     2.498915     0.000667
  2   2   0   0    17    43     4.935110     0.000067
  2   2   0   0    17    44     4.935110     0.000067
  2   2   0   0    17    45     7.215670     0.000067
  2   2   0   0    17    46     3.881427     0.003967
  2   2   0   0    17    47     4.935110     0.000067
  2   2   0   0    17    48     4.935110     0.000067
 
  CHI Matrix 
 
  1   1   0   0     1     1     0.000000    -0.161833
  1   1   0   0     1     2     3.607835     0.001300
  1   1   0   0     1     3     2.970000     0.002233
  1   1   0   0     1     4     3.607835     0.001300
  1   1   0   0     1     5     4.650000     0.000033
  1   1   0   0     1     6     3.607835     0.001300
  1   1   0   0     1     7     5.517554    -0.000133
  1   1   0   0     1     8     3.607835     0.001300
  1   1   0   0     1     9     4.650000     0.000033
  1   1   0   0     1    10     3.607835     0.001300
  1   1   0   0     1    11     5.517554    -0.000133
  1   1   0   0     1    12     3.607835     0.001300
  1   1   0   0     1    13     6.576093     0.000767
  1   1   0   0     1    14     3.607835     0.001300
  1   1   0   0     1    15     7.215670    -0.000267
  1   1   0   0     1    16     3.607835     0.001300
  1   2   0   0     1    17     2.038589     0.014033
  1   2   0   0     1    18     2.038589     0.014033
  1   2   0   0     1    19     4.143950     0.000067
  1   2   0   0     1    20     4.143950     0.000067
  1   2   0   0     1    21     3.602325     0.000500
  1   2   0   0     1    22     3.602325     0.000500
  1   2   0   0     1    23     4.143950     0.000067
  1   2   0   0     1    24     4.143950     0.000067
  1   2   0   0     1    25     3.517441     0.000550
  1   2   0   0     1    26     3.517441     0.000550
  1   2   0   0     1    27     5.529762     0.000267
  1   2   0   0     1    28     1.940714     0.016717
  1   2   0   0     1    29     4.603618    -0.000217
  1   2   0   0     1    30     4.603618    -0.000217
  1   2   0   0     1    31     5.529762     0.000267
  1   2   0   0     1    32     1.940714     0.016717
  1   2   0   0     1    33     3.517441     0.000550
  1   2   0   0     1    34     3.517441     0.000550
  1   2   0   0     1    35     1.940714     0.016717
  1   2   0   0     1    36     5.529762     0.000267
  1   2   0   0     1    37     4.603618    -0.000217
  1   2   0   0     1    38     4.603618    -0.000217
  1   2   0   0     1    39     1.940714     0.016717
  1   2   0   0     1    40     5.529762     0.000267
  1   2   0   0     1    41     4.537504    -0.000350
  1   2   0   0     1    42     4.537504    -0.000350
  1   2   0   0     1    43     4.143950     0.000067
  1   2   0   0     1    44     4.143950     0.000067
  1   2   0   0     1    45     5.423084    -0.000650
  1   2   0   0     1    46     5.423084    -0.000650
  1   2   0   0     1    47     4.143950     0.000067
  1   2   0   0     1    48     4.143950     0.000067
  2   1   0   0    17     1     2.038589     0.014033
  2   1   0   0    17     2     1.940714     0.016717
  2   1   0   0    17     3     3.602325     0.000500
  2   1   0   0    17     4     1.940714     0.016717
  2   1   0   0    17     5     3.517441     0.000550
  2   1   0   0    17     6     4.143950     0.000067
  2   1   0   0    17     7     4.603618    -0.000217
  2   1   0   0    17     8     4.143950     0.000067
  2   1   0   0    17     9     3.517441     0.000550
  2   1   0   0    17    10     4.143950     0.000067
  2   1   0   0    17    11     4.603618    -0.000217
  2   1   0   0    17    12     4.143950     0.000067
  2   1   0   0    17    13     4.537504    -0.000350
  2   1   0   0    17    14     5.529762     0.000267
  2   1   0   0    17    15     5.423084    -0.000650
  2   1   0   0    17    16     5.529762     0.000267
  2   2   0   0    17    17     0.000000    -0.056767
  2   2   0   0    17    18     4.077178     0.000267
  2   2   0   0    17    19     2.814643     0.001000
  2   2   0   0    17    20     2.814643     0.001000
  2   2   0   0    17    21     2.970000     0.003200
  2   2   0   0    17    22     5.044232     0.000333
  2   2   0   0    17    23     2.814643     0.001000
  2   2   0   0    17    24     2.814643     0.001000
  2   2   0   0    17    25     4.650000    -0.000033
  2   2   0   0    17    26     3.381417     0.000900
  2   2   0   0    17    27     4.935110     0.000183
  2   2   0   0    17    28     2.814643     0.001000
  2   2   0   0    17    29     5.517554    -0.000300
  2   2   0   0    17    30     4.500542     0.000000
  2   2   0   0    17    31     4.935110     0.000183
  2   2   0   0    17    32     2.814643     0.001000
  2   2   0   0    17    33     4.650000    -0.000033
  2   2   0   0    17    34     3.381417     0.000900
  2   2   0   0    17    35     2.814643     0.001000
  2   2   0   0    17    36     4.935110     0.000183
  2   2   0   0    17    37     5.517554    -0.000300
  2   2   0   0    17    38     4.500542     0.000000
  2   2   0   0    17    39     2.814643     0.001000
  2   2   0   0    17    40     4.935110     0.000183
  2   2   0   0    17    41     6.576093    -0.000233
  2   2   0   0    17    42     2.498915     0.001167
  2   2   0   0    17    43     4.935110     0.000183
  2   2   0   0    17    44     4.935110     0.000183
  2   2   0   0    17    45     7.215670    -0.000433
  2   2   0   0    17    46     3.881427    -0.000100
  2   2   0   0    17    47     4.935110     0.000183
  2   2   0   0    17    48     4.935110     0.000183
 
  CHI0^-1 - CHI^-1 Matrix 
 
  1   1   0   0     1     1     0.000000     4.869823
  1   1   0   0     1     2     3.607835     0.001153
  1   1   0   0     1     3     2.970000     0.458297
  1   1   0   0     1     4     3.607835     0.001153
  1   1   0   0     1     5     4.650000    -0.147410
  1   1   0   0     1     6     3.607835     0.001153
  1   1   0   0     1     7     5.517554    -0.194168
  1   1   0   0     1     8     3.607835     0.001153
  1   1   0   0     1     9     4.650000    -0.147410
  1   1   0   0     1    10     3.607835     0.001153
  1   1   0   0     1    11     5.517554    -0.194168
  1   1   0   0     1    12     3.607835     0.001153
  1   1   0   0     1    13     6.576093    -0.239750
  1   1   0   0     1    14     3.607835     0.001153
  1   1   0   0     1    15     7.215670    -0.304250
  1   1   0   0     1    16     3.607835     0.001153
  1   2   0   0     1    17     2.038589     1.309944
  1   2   0   0     1    18     2.038589     1.309944
  1   2   0   0     1    19     4.143950    -0.143157
  1   2   0   0     1    20     4.143950    -0.143157
  1   2   0   0     1    21     3.602325     0.289816
  1   2   0   0     1    22     3.602325     0.289816
  1   2   0   0     1    23     4.143950    -0.143157
  1   2   0   0     1    24     4.143950    -0.143157
  1   2   0   0     1    25     3.517441    -0.009651
  1   2   0   0     1    26     3.517441    -0.009651
  1   2   0   0     1    27     5.529762    -0.274679
  1   2   0   0     1    28     1.940714     1.284479
  1   2   0   0     1    29     4.603618    -0.149745
  1   2   0   0     1    30     4.603618    -0.149745
  1   2   0   0     1    31     5.529762    -0.274679
  1   2   0   0     1    32     1.940714     1.284479
  1   2   0   0     1    33     3.517441    -0.009651
  1   2   0   0     1    34     3.517441    -0.009651
  1   2   0   0     1    35     1.940714     1.284479
  1   2   0   0     1    36     5.529762    -0.274679
  1   2   0   0     1    37     4.603618    -0.149745
  1   2   0   0     1    38     4.603618    -0.149745
  1   2   0   0     1    39     1.940714     1.284479
  1   2   0   0     1    40     5.529762    -0.274679
  1   2   0   0     1    41     4.537504    -0.280720
  1   2   0   0     1    42     4.537504    -0.280720
  1   2   0   0     1    43     4.143950    -0.143157
  1   2   0   0     1    44     4.143950    -0.143157
  1   2   0   0     1    45     5.423084    -0.388003
  1   2   0   0     1    46     5.423084    -0.388003
  1   2   0   0     1    47     4.143950    -0.143157
  1   2   0   0     1    48     4.143950    -0.143157
  2   1   0   0    17     1     2.038589     1.309944
  2   1   0   0    17     2     1.940714     1.284479
  2   1   0   0    17     3     3.602325     0.289816
  2   1   0   0    17     4     1.940714     1.284479
  2   1   0   0    17     5     3.517441    -0.009651
  2   1   0   0    17     6     4.143950    -0.143157
  2   1   0   0    17     7     4.603618    -0.149745
  2   1   0   0    17     8     4.143950    -0.143157
  2   1   0   0    17     9     3.517441    -0.009651
  2   1   0   0    17    10     4.143950    -0.143157
  2   1   0   0    17    11     4.603618    -0.149745
  2   1   0   0    17    12     4.143950    -0.143157
  2   1   0   0    17    13     4.537504    -0.280720
  2   1   0   0    17    14     5.529762    -0.274679
  2   1   0   0    17    15     5.423084    -0.388003
  2   1   0   0    17    16     5.529762    -0.274679
  2   2   0   0    17    17     0.000000    11.646111
  2   2   0   0    17    18     4.077178     0.160915
  2   2   0   0    17    19     2.814643     0.608231
  2   2   0   0    17    20     2.814643     0.608231
  2   2   0   0    17    21     2.970000     1.483249
  2   2   0   0    17    22     5.044232    -0.051124
  2   2   0   0    17    23     2.814643     0.608231
  2   2   0   0    17    24     2.814643     0.608231
  2   2   0   0    17    25     4.650000    -0.147537
  2   2   0   0    17    26     3.381417     0.129376
  2   2   0   0    17    27     4.935110    -0.311059
  2   2   0   0    17    28     2.814643     0.608231
  2   2   0   0    17    29     5.517554    -0.294211
  2   2   0   0    17    30     4.500542    -0.187762
  2   2   0   0    17    31     4.935110    -0.311059
  2   2   0   0    17    32     2.814643     0.608231
  2   2   0   0    17    33     4.650000    -0.147537
  2   2   0   0    17    34     3.381417     0.129376
  2   2   0   0    17    35     2.814643     0.608231
  2   2   0   0    17    36     4.935110    -0.311059
  2   2   0   0    17    37     5.517554    -0.294211
  2   2   0   0    17    38     4.500542    -0.187762
  2   2   0   0    17    39     2.814643     0.608231
  2   2   0   0    17    40     4.935110    -0.311059
  2   2   0   0    17    41     6.576093    -0.513552
  2   2   0   0    17    42     2.498915     0.624158
  2   2   0   0    17    43     4.935110    -0.311059
  2   2   0   0    17    44     4.935110    -0.311059
  2   2   0   0    17    45     7.215670    -0.626504
  2   2   0   0    17    46     3.881427     0.066972
  2   2   0   0    17    47     4.935110    -0.311059
  2   2   0   0    17    48     4.935110    -0.311059
  type:            1  U1 =    4.86982297890455     
  type:            2  U1 =    11.6461108242615     
