 
  number of atoms in the primitive cell:          48
 
 
  CHI0 Matrix 
 
  1   1     1     1     0.000000    -0.815533
  1   1     1     2     3.419751     0.029767
  1   1     1     3     2.900000     0.075267
  1   1     1     4     3.419751     0.029767
  1   1     1     5     4.380000     0.021900
  1   1     1     6     3.419751     0.029683
  1   1     1     7     5.253037     0.019133
  1   1     1     8     3.419751     0.029683
  1   1     1     9     4.380000     0.021900
  1   1     1    10     3.419751     0.029683
  1   1     1    11     5.253037     0.019133
  1   1     1    12     3.419751     0.029683
  1   1     1    13     6.194255    -0.007300
  1   1     1    14     3.419751     0.029767
  1   1     1    15     6.839503    -0.003500
  1   1     1    16     3.419751     0.029767
  1   2     1    17     1.858277     0.043717
  1   2     1    18     1.858277     0.043717
  1   2     1    19     3.892029     0.004283
  1   2     1    20     3.892029     0.004283
  1   2     1    21     3.444298     0.003067
  1   2     1    22     3.444298     0.003067
  1   2     1    23     3.892029     0.004283
  1   2     1    24     3.892029     0.004283
  1   2     1    25     3.335709     0.004233
  1   2     1    26     3.335709     0.004233
  1   2     1    27     5.163190     0.004533
  1   2     1    28     1.907158     0.036783
  1   2     1    29     4.420062     0.004617
  1   2     1    30     4.420062     0.004617
  1   2     1    31     5.163190     0.004533
  1   2     1    32     1.907158     0.036783
  1   2     1    33     3.335709     0.004233
  1   2     1    34     3.335709     0.004233
  1   2     1    35     1.907158     0.036783
  1   2     1    36     5.163190     0.004533
  1   2     1    37     4.420062     0.004617
  1   2     1    38     4.420062     0.004617
  1   2     1    39     1.907158     0.036783
  1   2     1    40     5.163190     0.004533
  1   2     1    41     4.335979     0.002917
  1   2     1    42     4.335979     0.002917
  1   2     1    43     3.892029     0.004283
  1   2     1    44     3.892029     0.004283
  1   2     1    45     5.216389     0.002250
  1   2     1    46     5.216389     0.002250
  1   2     1    47     3.892029     0.004283
  1   2     1    48     3.892029     0.004283
  2   1    17     1     1.858277     0.043717
  2   1    17     2     1.907158     0.036783
  2   1    17     3     3.444298     0.003067
  2   1    17     4     1.907158     0.036783
  2   1    17     5     3.335709     0.004233
  2   1    17     6     3.892029     0.004283
  2   1    17     7     4.420062     0.004617
  2   1    17     8     3.892029     0.004283
  2   1    17     9     3.335709     0.004233
  2   1    17    10     3.892029     0.004283
  2   1    17    11     4.420062     0.004617
  2   1    17    12     3.892029     0.004283
  2   1    17    13     4.335979     0.002917
  2   1    17    14     5.163190     0.004533
  2   1    17    15     5.216389     0.002250
  2   1    17    16     5.163190     0.004533
  2   2    17    17     0.000000    -0.209533
  2   2    17    18     3.716553     0.010700
  2   2    17    19     2.662789     0.002567
  2   2    17    20     2.662789     0.002567
  2   2    17    21     2.900000     0.001800
  2   2    17    22     4.714103     0.000767
  2   2    17    23     2.662789     0.002567
  2   2    17    24     2.662789     0.002567
  2   2    17    25     4.380000     0.000633
  2   2    17    26     3.158463     0.002133
  2   2    17    27     4.736873     0.000967
  2   2    17    28     2.662789     0.002567
  2   2    17    29     5.253037     0.000967
  2   2    17    30     4.287877     0.000967
  2   2    17    31     4.736873     0.000967
  2   2    17    32     2.662789     0.002567
  2   2    17    33     4.380000     0.000633
  2   2    17    34     3.158463     0.002133
  2   2    17    35     2.662789     0.002567
  2   2    17    36     4.736873     0.000967
  2   2    17    37     5.253037     0.000967
  2   2    17    38     4.287877     0.000967
  2   2    17    39     2.662789     0.002567
  2   2    17    40     4.736873     0.000967
  2   2    17    41     6.194255     0.000000
  2   2    17    42     2.477702     0.002667
  2   2    17    43     4.736873     0.000967
  2   2    17    44     4.736873     0.000967
  2   2    17    45     6.839503    -0.002233
  2   2    17    46     3.814316     0.012067
  2   2    17    47     4.736873     0.000967
  2   2    17    48     4.736873     0.000967
 
  CHI Matrix 
 
  1   1     1     1     0.000000    -0.127200
  1   1     1     2     3.419751    -0.001333
  1   1     1     3     2.900000    -0.001133
  1   1     1     4     3.419751    -0.001333
  1   1     1     5     4.380000     0.000167
  1   1     1     6     3.419751     0.000150
  1   1     1     7     5.253037     0.000467
  1   1     1     8     3.419751     0.000150
  1   1     1     9     4.380000     0.000167
  1   1     1    10     3.419751     0.000150
  1   1     1    11     5.253037     0.000467
  1   1     1    12     3.419751     0.000150
  1   1     1    13     6.194255     0.001700
  1   1     1    14     3.419751    -0.001333
  1   1     1    15     6.839503     0.000133
  1   1     1    16     3.419751    -0.001333
  1   2     1    17     1.858277     0.015350
  1   2     1    18     1.858277     0.015350
  1   2     1    19     3.892029    -0.000183
  1   2     1    20     3.892029    -0.000183
  1   2     1    21     3.444298     0.000350
  1   2     1    22     3.444298     0.000350
  1   2     1    23     3.892029    -0.000183
  1   2     1    24     3.892029    -0.000183
  1   2     1    25     3.335709     0.000667
  1   2     1    26     3.335709     0.000667
  1   2     1    27     5.163190     0.000050
  1   2     1    28     1.907158     0.013767
  1   2     1    29     4.420062    -0.000067
  1   2     1    30     4.420062    -0.000067
  1   2     1    31     5.163190     0.000050
  1   2     1    32     1.907158     0.013767
  1   2     1    33     3.335709     0.000667
  1   2     1    34     3.335709     0.000667
  1   2     1    35     1.907158     0.013767
  1   2     1    36     5.163190     0.000050
  1   2     1    37     4.420062    -0.000067
  1   2     1    38     4.420062    -0.000067
  1   2     1    39     1.907158     0.013767
  1   2     1    40     5.163190     0.000050
  1   2     1    41     4.335979    -0.000117
  1   2     1    42     4.335979    -0.000117
  1   2     1    43     3.892029    -0.000183
  1   2     1    44     3.892029    -0.000183
  1   2     1    45     5.216389     0.000150
  1   2     1    46     5.216389     0.000150
  1   2     1    47     3.892029    -0.000183
  1   2     1    48     3.892029    -0.000183
  2   1    17     1     1.858277     0.015350
  2   1    17     2     1.907158     0.013767
  2   1    17     3     3.444298     0.000350
  2   1    17     4     1.907158     0.013767
  2   1    17     5     3.335709     0.000667
  2   1    17     6     3.892029    -0.000183
  2   1    17     7     4.420062    -0.000067
  2   1    17     8     3.892029    -0.000183
  2   1    17     9     3.335709     0.000667
  2   1    17    10     3.892029    -0.000183
  2   1    17    11     4.420062    -0.000067
  2   1    17    12     3.892029    -0.000183
  2   1    17    13     4.335979    -0.000117
  2   1    17    14     5.163190     0.000050
  2   1    17    15     5.216389     0.000150
  2   1    17    16     5.163190     0.000050
  2   2    17    17     0.000000    -0.073133
  2   2    17    18     3.716553     0.001000
  2   2    17    19     2.662789     0.002450
  2   2    17    20     2.662789     0.002450
  2   2    17    21     2.900000     0.002800
  2   2    17    22     4.714103    -0.000100
  2   2    17    23     2.662789     0.002450
  2   2    17    24     2.662789     0.002450
  2   2    17    25     4.380000    -0.000267
  2   2    17    26     3.158463     0.001833
  2   2    17    27     4.736873     0.000067
  2   2    17    28     2.662789     0.002433
  2   2    17    29     5.253037    -0.000167
  2   2    17    30     4.287877     0.000433
  2   2    17    31     4.736873     0.000067
  2   2    17    32     2.662789     0.002433
  2   2    17    33     4.380000    -0.000267
  2   2    17    34     3.158463     0.001833
  2   2    17    35     2.662789     0.002433
  2   2    17    36     4.736873     0.000067
  2   2    17    37     5.253037    -0.000167
  2   2    17    38     4.287877     0.000433
  2   2    17    39     2.662789     0.002433
  2   2    17    40     4.736873     0.000067
  2   2    17    41     6.194255     0.000200
  2   2    17    42     2.477702     0.002133
  2   2    17    43     4.736873     0.000033
  2   2    17    44     4.736873     0.000033
  2   2    17    45     6.839503    -0.000367
  2   2    17    46     3.814316     0.000533
  2   2    17    47     4.736873     0.000033
  2   2    17    48     4.736873     0.000033
 
  CHI0^-1 - CHI^-1 Matrix 
 
  1   1   1   1     1     1     0.000000     7.149254
  1   1   1   1     1     2     3.419751    -0.778120
  1   1   1   1     1     3     2.900000    -0.089835
  1   1   1   1     1     4     3.419751    -0.778120
  1   1   1   1     1     5     4.380000    -0.884433
  1   1   1   1     1     6     3.419751    -0.628863
  1   1   1   1     1     7     5.253037    -0.910122
  1   1   1   1     1     8     3.419751    -0.628863
  1   1   1   1     1     9     4.380000    -0.884433
  1   1   1   1     1    10     3.419751    -0.628863
  1   1   1   1     1    11     5.253037    -0.910122
  1   1   1   1     1    12     3.419751    -0.628863
  1   1   1   1     1    13     6.194255    -0.829874
  1   1   1   1     1    14     3.419751    -0.778819
  1   1   1   1     1    15     6.839503    -0.945571
  1   1   1   1     1    16     3.419751    -0.778819
  1   2   1   0     1    17     1.858277     1.017297
  1   2   1   0     1    18     1.858277     1.014460
  1   2   1   0     1    19     3.892029    -0.915739
  1   2   1   0     1    20     3.892029    -0.915739
  1   2   1   0     1    21     3.444298    -0.440106
  1   2   1   0     1    22     3.444298    -0.440628
  1   2   1   0     1    23     3.892029    -0.915739
  1   2   1   0     1    24     3.892029    -0.915739
  1   2   1   0     1    25     3.335709    -0.692733
  1   2   1   0     1    26     3.335709    -0.692666
  1   2   1   0     1    27     5.163190    -0.987090
  1   2   1   0     1    28     1.907158     1.039837
  1   2   1   0     1    29     4.420062    -0.815839
  1   2   1   0     1    30     4.420062    -0.815817
  1   2   1   0     1    31     5.163190    -0.987090
  1   2   1   0     1    32     1.907158     1.039837
  1   2   1   0     1    33     3.335709    -0.692733
  1   2   1   0     1    34     3.335709    -0.692666
  1   2   1   0     1    35     1.907158     1.039837
  1   2   1   0     1    36     5.163190    -0.987090
  1   2   1   0     1    37     4.420062    -0.815839
  1   2   1   0     1    38     4.420062    -0.815817
  1   2   1   0     1    39     1.907158     1.039837
  1   2   1   0     1    40     5.163190    -0.987090
  1   2   1   0     1    41     4.335979    -0.958700
  1   2   1   0     1    42     4.335979    -0.958215
  1   2   1   0     1    43     3.892029    -0.916762
  1   2   1   0     1    44     3.892029    -0.916762
  1   2   1   0     1    45     5.216389    -1.010137
  1   2   1   0     1    46     5.216389    -1.009681
  1   2   1   0     1    47     3.892029    -0.916762
  1   2   1   0     1    48     3.892029    -0.916762
  2   1   0   1    17     1     1.858277     1.017297
  2   1   0   1    17     2     1.907158     0.952353
  2   1   0   1    17     3     3.444298    -0.476271
  2   1   0   1    17     4     1.907158     0.952353
  2   1   0   1    17     5     3.335709    -0.790918
  2   1   0   1    17     6     3.892029    -0.914835
  2   1   0   1    17     7     4.420062    -0.913533
  2   1   0   1    17     8     3.892029    -0.914835
  2   1   0   1    17     9     3.335709    -0.790918
  2   1   0   1    17    10     3.892029    -0.914835
  2   1   0   1    17    11     4.420062    -0.913533
  2   1   0   1    17    12     3.892029    -0.914835
  2   1   0   1    17    13     4.335979    -0.992088
  2   1   0   1    17    14     5.163190    -1.065786
  2   1   0   1    17    15     5.216389    -1.043878
  2   1   0   1    17    16     5.163190    -1.065786
  2   2   0   0    17    17     0.000000     9.275265
  2   2   0   0    17    18     3.716553    -0.697272
  2   2   0   0    17    19     2.662789    -0.056618
  2   2   0   0    17    20     2.662789    -0.056618
  2   2   0   0    17    21     2.900000     0.531752
  2   2   0   0    17    22     4.714103    -0.976085
  2   2   0   0    17    23     2.662789    -0.056618
  2   2   0   0    17    24     2.662789    -0.056618
  2   2   0   0    17    25     4.380000    -0.985734
  2   2   0   0    17    26     3.158463    -0.645493
  2   2   0   0    17    27     4.736873    -1.075262
  2   2   0   0    17    28     2.662789    -0.039515
  2   2   0   0    17    29     5.253037    -1.042763
  2   2   0   0    17    30     4.287877    -0.914948
  2   2   0   0    17    31     4.736873    -1.075262
  2   2   0   0    17    32     2.662789    -0.039515
  2   2   0   0    17    33     4.380000    -0.985734
  2   2   0   0    17    34     3.158463    -0.645493
  2   2   0   0    17    35     2.662789    -0.039515
  2   2   0   0    17    36     4.736873    -1.075262
  2   2   0   0    17    37     5.253037    -1.042763
  2   2   0   0    17    38     4.287877    -0.914948
  2   2   0   0    17    39     2.662789    -0.039515
  2   2   0   0    17    40     4.736873    -1.075262
  2   2   0   0    17    41     6.194255    -1.158802
  2   2   0   0    17    42     2.477702     0.111815
  2   2   0   0    17    43     4.736873    -1.094134
  2   2   0   0    17    44     4.736873    -1.094134
  2   2   0   0    17    45     6.839503    -1.262886
  2   2   0   0    17    46     3.814316    -0.395773
  2   2   0   0    17    47     4.736873    -1.094134
  2   2   0   0    17    48     4.736873    -1.094134
  type:            1  U0 =    7.14925371154454     
  type:            2  U0 =    9.27526525124787     
 
 
 
  Extrapolation to a supercell            1           1           1
 
  number of atoms in the supercell:          48
 
 
  type1:            1  type2:            1
 
  number of shells:            7
 
  shell  #n: pc, sc, spinp   dist       chi_pc     chi_sc 
 
    1        1   1   1        0.0000    -0.8155    -0.8155
    2        8   8   1        3.4198     0.0298     0.0298
    3        1   1   1        2.9000     0.0753     0.0753
    4        2   2   1        4.3800     0.0219     0.0219
    5        2   2   1        5.2530     0.0191     0.0191
    6        1   1   1        6.1943    -0.0073    -0.0073
    7        1   1   1        6.8395    -0.0035    -0.0035
 
  type1:            1  type2:            2
 
  number of shells:            9
 
  shell  #n: pc, sc, spinp   dist       chi_pc     chi_sc 
 
    1        2   2   0        1.8583     0.0437     0.0437
    2        8   8   0        3.8920     0.0043     0.0043
    3        2   2   0        3.4443     0.0031     0.0031
    4        4   4   0        3.3357     0.0042     0.0042
    5        4   4   0        5.1632     0.0045     0.0045
    6        4   4   0        1.9072     0.0368     0.0368
    7        4   4   0        4.4201     0.0046     0.0046
    8        2   2   0        4.3360     0.0029     0.0029
    9        2   2   0        5.2164     0.0023     0.0023
 
  type1:            2  type2:            2
 
  number of shells:           14
 
  shell  #n: pc, sc, spinp   dist       chi_pc     chi_sc 
 
    1        1   1   0        0.0000    -0.2095    -0.2095
    2        1   1   0        3.7166     0.0107     0.0107
    3        8   8   0        2.6628     0.0026     0.0026
    4        1   1   0        2.9000     0.0018     0.0018
    5        1   1   0        4.7141     0.0008     0.0008
    6        2   2   0        4.3800     0.0006     0.0006
    7        2   2   0        3.1585     0.0021     0.0021
    8        8   8   0        4.7369     0.0010     0.0010
    9        2   2   0        5.2530     0.0010     0.0010
   10        2   2   0        4.2879     0.0010     0.0010
   11        1   1   0        6.1943     0.0000     0.0000
   12        1   1   0        2.4777     0.0027     0.0027
   13        1   1   0        6.8395    -0.0022    -0.0022
   14        1   1   0        3.8143     0.0121     0.0121
 
  CHI0 Matrix 
 
  1   1   1   1     1     1     0.000000    -0.815533
  1   1   1   1     1     2     3.419751     0.029767
  1   1   1   1     1     3     2.900000     0.075267
  1   1   1   1     1     4     3.419751     0.029767
  1   1   1   1     1     5     4.380000     0.021900
  1   1   1   1     1     6     3.419751     0.029767
  1   1   1   1     1     7     5.253037     0.019133
  1   1   1   1     1     8     3.419751     0.029767
  1   1   1   1     1     9     4.380000     0.021900
  1   1   1   1     1    10     3.419751     0.029767
  1   1   1   1     1    11     5.253037     0.019133
  1   1   1   1     1    12     3.419751     0.029767
  1   1   1   1     1    13     6.194255    -0.007300
  1   1   1   1     1    14     3.419751     0.029767
  1   1   1   1     1    15     6.839503    -0.003500
  1   1   1   1     1    16     3.419751     0.029767
  1   2   1   0     1    17     1.858277     0.043717
  1   2   1   0     1    18     1.858277     0.043717
  1   2   1   0     1    19     3.892029     0.004283
  1   2   1   0     1    20     3.892029     0.004283
  1   2   1   0     1    21     3.444298     0.003067
  1   2   1   0     1    22     3.444298     0.003067
  1   2   1   0     1    23     3.892029     0.004283
  1   2   1   0     1    24     3.892029     0.004283
  1   2   1   0     1    25     3.335709     0.004233
  1   2   1   0     1    26     3.335709     0.004233
  1   2   1   0     1    27     5.163190     0.004533
  1   2   1   0     1    28     1.907158     0.036783
  1   2   1   0     1    29     4.420062     0.004617
  1   2   1   0     1    30     4.420062     0.004617
  1   2   1   0     1    31     5.163190     0.004533
  1   2   1   0     1    32     1.907158     0.036783
  1   2   1   0     1    33     3.335709     0.004233
  1   2   1   0     1    34     3.335709     0.004233
  1   2   1   0     1    35     1.907158     0.036783
  1   2   1   0     1    36     5.163190     0.004533
  1   2   1   0     1    37     4.420062     0.004617
  1   2   1   0     1    38     4.420062     0.004617
  1   2   1   0     1    39     1.907158     0.036783
  1   2   1   0     1    40     5.163190     0.004533
  1   2   1   0     1    41     4.335979     0.002917
  1   2   1   0     1    42     4.335979     0.002917
  1   2   1   0     1    43     3.892029     0.004283
  1   2   1   0     1    44     3.892029     0.004283
  1   2   1   0     1    45     5.216389     0.002250
  1   2   1   0     1    46     5.216389     0.002250
  1   2   1   0     1    47     3.892029     0.004283
  1   2   1   0     1    48     3.892029     0.004283
  2   1   0   1    17     1     1.858277     0.043717
  2   1   0   1    17     2     1.907158     0.036783
  2   1   0   1    17     3     3.444298     0.003067
  2   1   0   1    17     4     1.907158     0.036783
  2   1   0   1    17     5     3.335709     0.004233
  2   1   0   1    17     6     3.892029     0.004283
  2   1   0   1    17     7     4.420062     0.004617
  2   1   0   1    17     8     3.892029     0.004283
  2   1   0   1    17     9     3.335709     0.004233
  2   1   0   1    17    10     3.892029     0.004283
  2   1   0   1    17    11     4.420062     0.004617
  2   1   0   1    17    12     3.892029     0.004283
  2   1   0   1    17    13     4.335979     0.002917
  2   1   0   1    17    14     5.163190     0.004533
  2   1   0   1    17    15     5.216389     0.002250
  2   1   0   1    17    16     5.163190     0.004533
  2   2   0   0    17    17     0.000000    -0.209533
  2   2   0   0    17    18     3.716553     0.010700
  2   2   0   0    17    19     2.662789     0.002567
  2   2   0   0    17    20     2.662789     0.002567
  2   2   0   0    17    21     2.900000     0.001800
  2   2   0   0    17    22     4.714103     0.000767
  2   2   0   0    17    23     2.662789     0.002567
  2   2   0   0    17    24     2.662789     0.002567
  2   2   0   0    17    25     4.380000     0.000633
  2   2   0   0    17    26     3.158463     0.002133
  2   2   0   0    17    27     4.736873     0.000967
  2   2   0   0    17    28     2.662789     0.002567
  2   2   0   0    17    29     5.253037     0.000967
  2   2   0   0    17    30     4.287877     0.000967
  2   2   0   0    17    31     4.736873     0.000967
  2   2   0   0    17    32     2.662789     0.002567
  2   2   0   0    17    33     4.380000     0.000633
  2   2   0   0    17    34     3.158463     0.002133
  2   2   0   0    17    35     2.662789     0.002567
  2   2   0   0    17    36     4.736873     0.000967
  2   2   0   0    17    37     5.253037     0.000967
  2   2   0   0    17    38     4.287877     0.000967
  2   2   0   0    17    39     2.662789     0.002567
  2   2   0   0    17    40     4.736873     0.000967
  2   2   0   0    17    41     6.194255     0.000000
  2   2   0   0    17    42     2.477702     0.002667
  2   2   0   0    17    43     4.736873     0.000967
  2   2   0   0    17    44     4.736873     0.000967
  2   2   0   0    17    45     6.839503    -0.002233
  2   2   0   0    17    46     3.814316     0.012067
  2   2   0   0    17    47     4.736873     0.000967
  2   2   0   0    17    48     4.736873     0.000967
 
  CHI Matrix 
 
  1   1   1   1     1     1     0.000000    -0.127200
  1   1   1   1     1     2     3.419751    -0.001333
  1   1   1   1     1     3     2.900000    -0.001133
  1   1   1   1     1     4     3.419751    -0.001333
  1   1   1   1     1     5     4.380000     0.000167
  1   1   1   1     1     6     3.419751    -0.001333
  1   1   1   1     1     7     5.253037     0.000467
  1   1   1   1     1     8     3.419751    -0.001333
  1   1   1   1     1     9     4.380000     0.000167
  1   1   1   1     1    10     3.419751    -0.001333
  1   1   1   1     1    11     5.253037     0.000467
  1   1   1   1     1    12     3.419751    -0.001333
  1   1   1   1     1    13     6.194255     0.001700
  1   1   1   1     1    14     3.419751    -0.001333
  1   1   1   1     1    15     6.839503     0.000133
  1   1   1   1     1    16     3.419751    -0.001333
  1   2   1   0     1    17     1.858277     0.015350
  1   2   1   0     1    18     1.858277     0.015350
  1   2   1   0     1    19     3.892029    -0.000183
  1   2   1   0     1    20     3.892029    -0.000183
  1   2   1   0     1    21     3.444298     0.000350
  1   2   1   0     1    22     3.444298     0.000350
  1   2   1   0     1    23     3.892029    -0.000183
  1   2   1   0     1    24     3.892029    -0.000183
  1   2   1   0     1    25     3.335709     0.000667
  1   2   1   0     1    26     3.335709     0.000667
  1   2   1   0     1    27     5.163190     0.000050
  1   2   1   0     1    28     1.907158     0.013767
  1   2   1   0     1    29     4.420062    -0.000067
  1   2   1   0     1    30     4.420062    -0.000067
  1   2   1   0     1    31     5.163190     0.000050
  1   2   1   0     1    32     1.907158     0.013767
  1   2   1   0     1    33     3.335709     0.000667
  1   2   1   0     1    34     3.335709     0.000667
  1   2   1   0     1    35     1.907158     0.013767
  1   2   1   0     1    36     5.163190     0.000050
  1   2   1   0     1    37     4.420062    -0.000067
  1   2   1   0     1    38     4.420062    -0.000067
  1   2   1   0     1    39     1.907158     0.013767
  1   2   1   0     1    40     5.163190     0.000050
  1   2   1   0     1    41     4.335979    -0.000117
  1   2   1   0     1    42     4.335979    -0.000117
  1   2   1   0     1    43     3.892029    -0.000183
  1   2   1   0     1    44     3.892029    -0.000183
  1   2   1   0     1    45     5.216389     0.000150
  1   2   1   0     1    46     5.216389     0.000150
  1   2   1   0     1    47     3.892029    -0.000183
  1   2   1   0     1    48     3.892029    -0.000183
  2   1   0   1    17     1     1.858277     0.015350
  2   1   0   1    17     2     1.907158     0.013767
  2   1   0   1    17     3     3.444298     0.000350
  2   1   0   1    17     4     1.907158     0.013767
  2   1   0   1    17     5     3.335709     0.000667
  2   1   0   1    17     6     3.892029    -0.000183
  2   1   0   1    17     7     4.420062    -0.000067
  2   1   0   1    17     8     3.892029    -0.000183
  2   1   0   1    17     9     3.335709     0.000667
  2   1   0   1    17    10     3.892029    -0.000183
  2   1   0   1    17    11     4.420062    -0.000067
  2   1   0   1    17    12     3.892029    -0.000183
  2   1   0   1    17    13     4.335979    -0.000117
  2   1   0   1    17    14     5.163190     0.000050
  2   1   0   1    17    15     5.216389     0.000150
  2   1   0   1    17    16     5.163190     0.000050
  2   2   0   0    17    17     0.000000    -0.073133
  2   2   0   0    17    18     3.716553     0.001000
  2   2   0   0    17    19     2.662789     0.002450
  2   2   0   0    17    20     2.662789     0.002450
  2   2   0   0    17    21     2.900000     0.002800
  2   2   0   0    17    22     4.714103    -0.000100
  2   2   0   0    17    23     2.662789     0.002450
  2   2   0   0    17    24     2.662789     0.002450
  2   2   0   0    17    25     4.380000    -0.000267
  2   2   0   0    17    26     3.158463     0.001833
  2   2   0   0    17    27     4.736873     0.000067
  2   2   0   0    17    28     2.662789     0.002450
  2   2   0   0    17    29     5.253037    -0.000167
  2   2   0   0    17    30     4.287877     0.000433
  2   2   0   0    17    31     4.736873     0.000067
  2   2   0   0    17    32     2.662789     0.002450
  2   2   0   0    17    33     4.380000    -0.000267
  2   2   0   0    17    34     3.158463     0.001833
  2   2   0   0    17    35     2.662789     0.002450
  2   2   0   0    17    36     4.736873     0.000067
  2   2   0   0    17    37     5.253037    -0.000167
  2   2   0   0    17    38     4.287877     0.000433
  2   2   0   0    17    39     2.662789     0.002450
  2   2   0   0    17    40     4.736873     0.000067
  2   2   0   0    17    41     6.194255     0.000200
  2   2   0   0    17    42     2.477702     0.002133
  2   2   0   0    17    43     4.736873     0.000067
  2   2   0   0    17    44     4.736873     0.000067
  2   2   0   0    17    45     6.839503    -0.000367
  2   2   0   0    17    46     3.814316     0.000533
  2   2   0   0    17    47     4.736873     0.000067
  2   2   0   0    17    48     4.736873     0.000067
 
  CHI0^-1 - CHI^-1 Matrix 
 
  1   1   1   1     1     1     0.000000     7.067262
  1   1   1   1     1     2     3.419751    -0.798939
  1   1   1   1     1     3     2.900000    -0.124167
  1   1   1   1     1     4     3.419751    -0.798939
  1   1   1   1     1     5     4.380000    -0.912936
  1   1   1   1     1     6     3.419751    -0.798939
  1   1   1   1     1     7     5.253037    -0.938440
  1   1   1   1     1     8     3.419751    -0.798939
  1   1   1   1     1     9     4.380000    -0.912936
  1   1   1   1     1    10     3.419751    -0.798939
  1   1   1   1     1    11     5.253037    -0.938440
  1   1   1   1     1    12     3.419751    -0.798939
  1   1   1   1     1    13     6.194255    -0.858130
  1   1   1   1     1    14     3.419751    -0.798939
  1   1   1   1     1    15     6.839503    -0.973204
  1   1   1   1     1    16     3.419751    -0.798939
  1   2   1   0     1    17     1.858277     0.975818
  1   2   1   0     1    18     1.858277     0.975818
  1   2   1   0     1    19     3.892029    -0.949082
  1   2   1   0     1    20     3.892029    -0.949082
  1   2   1   0     1    21     3.444298    -0.469648
  1   2   1   0     1    22     3.444298    -0.469648
  1   2   1   0     1    23     3.892029    -0.949082
  1   2   1   0     1    24     3.892029    -0.949082
  1   2   1   0     1    25     3.335709    -0.778959
  1   2   1   0     1    26     3.335709    -0.778959
  1   2   1   0     1    27     5.163190    -1.050210
  1   2   1   0     1    28     1.907158     0.963231
  1   2   1   0     1    29     4.420062    -0.901373
  1   2   1   0     1    30     4.420062    -0.901373
  1   2   1   0     1    31     5.163190    -1.050210
  1   2   1   0     1    32     1.907158     0.963231
  1   2   1   0     1    33     3.335709    -0.778959
  1   2   1   0     1    34     3.335709    -0.778959
  1   2   1   0     1    35     1.907158     0.963231
  1   2   1   0     1    36     5.163190    -1.050210
  1   2   1   0     1    37     4.420062    -0.901373
  1   2   1   0     1    38     4.420062    -0.901373
  1   2   1   0     1    39     1.907158     0.963231
  1   2   1   0     1    40     5.163190    -1.050210
  1   2   1   0     1    41     4.335979    -0.982203
  1   2   1   0     1    42     4.335979    -0.982203
  1   2   1   0     1    43     3.892029    -0.949082
  1   2   1   0     1    44     3.892029    -0.949082
  1   2   1   0     1    45     5.216389    -1.033363
  1   2   1   0     1    46     5.216389    -1.033363
  1   2   1   0     1    47     3.892029    -0.949082
  1   2   1   0     1    48     3.892029    -0.949082
  2   1   0   1    17     1     1.858277     0.975818
  2   1   0   1    17     2     1.907158     0.963231
  2   1   0   1    17     3     3.444298    -0.469648
  2   1   0   1    17     4     1.907158     0.963231
  2   1   0   1    17     5     3.335709    -0.778959
  2   1   0   1    17     6     3.892029    -0.949082
  2   1   0   1    17     7     4.420062    -0.901373
  2   1   0   1    17     8     3.892029    -0.949082
  2   1   0   1    17     9     3.335709    -0.778959
  2   1   0   1    17    10     3.892029    -0.949082
  2   1   0   1    17    11     4.420062    -0.901373
  2   1   0   1    17    12     3.892029    -0.949082
  2   1   0   1    17    13     4.335979    -0.982203
  2   1   0   1    17    14     5.163190    -1.050210
  2   1   0   1    17    15     5.216389    -1.033363
  2   1   0   1    17    16     5.163190    -1.050210
  2   2   0   0    17    17     0.000000     9.279881
  2   2   0   0    17    18     3.716553    -0.684175
  2   2   0   0    17    19     2.662789    -0.037725
  2   2   0   0    17    20     2.662789    -0.037725
  2   2   0   0    17    21     2.900000     0.550051
  2   2   0   0    17    22     4.714103    -0.953253
  2   2   0   0    17    23     2.662789    -0.037725
  2   2   0   0    17    24     2.662789    -0.037725
  2   2   0   0    17    25     4.380000    -0.982052
  2   2   0   0    17    26     3.158463    -0.641923
  2   2   0   0    17    27     4.736873    -1.065316
  2   2   0   0    17    28     2.662789    -0.037725
  2   2   0   0    17    29     5.253037    -1.038380
  2   2   0   0    17    30     4.287877    -0.910603
  2   2   0   0    17    31     4.736873    -1.065316
  2   2   0   0    17    32     2.662789    -0.037725
  2   2   0   0    17    33     4.380000    -0.982052
  2   2   0   0    17    34     3.158463    -0.641923
  2   2   0   0    17    35     2.662789    -0.037725
  2   2   0   0    17    36     4.736873    -1.065316
  2   2   0   0    17    37     5.253037    -1.038380
  2   2   0   0    17    38     4.287877    -0.910603
  2   2   0   0    17    39     2.662789    -0.037725
  2   2   0   0    17    40     4.736873    -1.065316
  2   2   0   0    17    41     6.194255    -1.132844
  2   2   0   0    17    42     2.477702     0.133304
  2   2   0   0    17    43     4.736873    -1.065316
  2   2   0   0    17    44     4.736873    -1.065316
  2   2   0   0    17    45     6.839503    -1.236634
  2   2   0   0    17    46     3.814316    -0.373940
  2   2   0   0    17    47     4.736873    -1.065316
  2   2   0   0    17    48     4.736873    -1.065316
  type:            1  U1 =    7.06726181993525     
  type:            2  U1 =    9.27988099198415     
