 
  number of atoms in the primitive cell:          48
 
 
  CHI0 Matrix 
 
  1   1     1     1     0.000000    -0.470200
  1   1     1     2     3.394289     0.004333
  1   1     1     3     2.840000     0.007233
  1   1     1     4     3.394289     0.004333
  1   1     1     5     4.360000     0.005167
  1   1     1     6     3.394289     0.004333
  1   1     1     7     5.203384     0.005533
  1   1     1     8     3.394289     0.004333
  1   1     1     9     4.360000     0.005167
  1   1     1    10     3.394289     0.004333
  1   1     1    11     5.203384     0.005533
  1   1     1    12     3.394289     0.004333
  1   1     1    13     6.165971    -0.003000
  1   1     1    14     3.394289     0.004333
  1   1     1    15     6.788579    -0.004533
  1   1     1    16     3.394289     0.004333
  1   2     1    17     1.849791     0.036500
  1   2     1    18     1.849791     0.036500
  1   2     1    19     3.865608     0.001867
  1   2     1    20     3.865608     0.001867
  1   2     1    21     3.389296     0.003767
  1   2     1    22     3.389296     0.003767
  1   2     1    23     3.865608     0.001867
  1   2     1    24     3.865608     0.001867
  1   2     1    25     3.320477     0.002617
  1   2     1    26     3.320477     0.002617
  1   2     1    27     5.133097     0.001583
  1   2     1    28     1.880736     0.047717
  1   2     1    29     4.369344     0.003633
  1   2     1    30     4.369344     0.003633
  1   2     1    31     5.133097     0.001583
  1   2     1    32     1.880736     0.047717
  1   2     1    33     3.320477     0.002617
  1   2     1    34     3.320477     0.002617
  1   2     1    35     1.880736     0.047717
  1   2     1    36     5.133097     0.001583
  1   2     1    37     4.369344     0.003633
  1   2     1    38     4.369344     0.003633
  1   2     1    39     1.880736     0.047717
  1   2     1    40     5.133097     0.001583
  1   2     1    41     4.316180     0.002317
  1   2     1    42     4.316180     0.002317
  1   2     1    43     3.865608     0.001867
  1   2     1    44     3.865608     0.001867
  1   2     1    45     5.166721     0.003000
  1   2     1    46     5.166721     0.003000
  1   2     1    47     3.865608     0.001867
  1   2     1    48     3.865608     0.001867
  2   1    17     1     1.849791     0.036500
  2   1    17     2     1.880736     0.047717
  2   1    17     3     3.389296     0.003767
  2   1    17     4     1.880736     0.047717
  2   1    17     5     3.320477     0.002617
  2   1    17     6     3.865608     0.001867
  2   1    17     7     4.369344     0.003633
  2   1    17     8     3.865608     0.001867
  2   1    17     9     3.320477     0.002617
  2   1    17    10     3.865608     0.001867
  2   1    17    11     4.369344     0.003633
  2   1    17    12     3.865608     0.001867
  2   1    17    13     4.316180     0.002317
  2   1    17    14     5.133097     0.001583
  2   1    17    15     5.166721     0.003000
  2   1    17    16     5.133097     0.001583
  2   2    17    17     0.000000    -0.179467
  2   2    17    18     3.699583     0.000867
  2   2    17    19     2.637972     0.001583
  2   2    17    20     2.637972     0.001583
  2   2    17    21     2.840000     0.003100
  2   2    17    22     4.663959     0.000533
  2   2    17    23     2.637972     0.001583
  2   2    17    24     2.637972     0.001583
  2   2    17    25     4.360000     0.000333
  2   2    17    26     3.144041     0.000467
  2   2    17    27     4.708139     0.000750
  2   2    17    28     2.637972     0.001567
  2   2    17    29     5.203384     0.000133
  2   2    17    30     4.236814     0.000400
  2   2    17    31     4.708139     0.000750
  2   2    17    32     2.637972     0.001567
  2   2    17    33     4.360000     0.000333
  2   2    17    34     3.144041     0.000467
  2   2    17    35     2.637972     0.001567
  2   2    17    36     4.708139     0.000750
  2   2    17    37     5.203384     0.000133
  2   2    17    38     4.236814     0.000400
  2   2    17    39     2.637972     0.001567
  2   2    17    40     4.708139     0.000750
  2   2    17    41     6.165971     0.000133
  2   2    17    42     2.466388     0.002767
  2   2    17    43     4.708139     0.000733
  2   2    17    44     4.708139     0.000733
  2   2    17    45     6.788579    -0.001067
  2   2    17    46     3.761472     0.008633
  2   2    17    47     4.708139     0.000733
  2   2    17    48     4.708139     0.000733
 
  CHI Matrix 
 
  1   1     1     1     0.000000    -0.125767
  1   1     1     2     3.394289    -0.000333
  1   1     1     3     2.840000     0.000567
  1   1     1     4     3.394289    -0.000333
  1   1     1     5     4.360000    -0.000100
  1   1     1     6     3.394289    -0.000367
  1   1     1     7     5.203384    -0.001200
  1   1     1     8     3.394289    -0.000367
  1   1     1     9     4.360000    -0.000100
  1   1     1    10     3.394289    -0.000367
  1   1     1    11     5.203384    -0.001200
  1   1     1    12     3.394289    -0.000367
  1   1     1    13     6.165971     0.001067
  1   1     1    14     3.394289    -0.000333
  1   1     1    15     6.788579     0.000900
  1   1     1    16     3.394289    -0.000333
  1   2     1    17     1.849791     0.014550
  1   2     1    18     1.849791     0.014550
  1   2     1    19     3.865608     0.000233
  1   2     1    20     3.865608     0.000233
  1   2     1    21     3.389296     0.000067
  1   2     1    22     3.389296     0.000067
  1   2     1    23     3.865608     0.000233
  1   2     1    24     3.865608     0.000233
  1   2     1    25     3.320477     0.000800
  1   2     1    26     3.320477     0.000800
  1   2     1    27     5.133097    -0.000300
  1   2     1    28     1.880736     0.014150
  1   2     1    29     4.369344     0.000150
  1   2     1    30     4.369344     0.000150
  1   2     1    31     5.133097    -0.000300
  1   2     1    32     1.880736     0.014150
  1   2     1    33     3.320477     0.000800
  1   2     1    34     3.320477     0.000800
  1   2     1    35     1.880736     0.014150
  1   2     1    36     5.133097    -0.000300
  1   2     1    37     4.369344     0.000150
  1   2     1    38     4.369344     0.000150
  1   2     1    39     1.880736     0.014150
  1   2     1    40     5.133097    -0.000300
  1   2     1    41     4.316180     0.000617
  1   2     1    42     4.316180     0.000617
  1   2     1    43     3.865608     0.000233
  1   2     1    44     3.865608     0.000233
  1   2     1    45     5.166721     0.000433
  1   2     1    46     5.166721     0.000433
  1   2     1    47     3.865608     0.000233
  1   2     1    48     3.865608     0.000233
  2   1    17     1     1.849791     0.014550
  2   1    17     2     1.880736     0.014150
  2   1    17     3     3.389296     0.000067
  2   1    17     4     1.880736     0.014150
  2   1    17     5     3.320477     0.000800
  2   1    17     6     3.865608     0.000233
  2   1    17     7     4.369344     0.000150
  2   1    17     8     3.865608     0.000233
  2   1    17     9     3.320477     0.000800
  2   1    17    10     3.865608     0.000233
  2   1    17    11     4.369344     0.000150
  2   1    17    12     3.865608     0.000233
  2   1    17    13     4.316180     0.000617
  2   1    17    14     5.133097    -0.000300
  2   1    17    15     5.166721     0.000433
  2   1    17    16     5.133097    -0.000300
  2   2    17    17     0.000000    -0.069900
  2   2    17    18     3.699583    -0.000833
  2   2    17    19     2.637972     0.002217
  2   2    17    20     2.637972     0.002217
  2   2    17    21     2.840000     0.002933
  2   2    17    22     4.663959     0.000033
  2   2    17    23     2.637972     0.002217
  2   2    17    24     2.637972     0.002217
  2   2    17    25     4.360000     0.000100
  2   2    17    26     3.144041     0.000967
  2   2    17    27     4.708139     0.000083
  2   2    17    28     2.637972     0.002233
  2   2    17    29     5.203384     0.000100
  2   2    17    30     4.236814    -0.000233
  2   2    17    31     4.708139     0.000083
  2   2    17    32     2.637972     0.002233
  2   2    17    33     4.360000     0.000100
  2   2    17    34     3.144041     0.000967
  2   2    17    35     2.637972     0.002233
  2   2    17    36     4.708139     0.000083
  2   2    17    37     5.203384     0.000100
  2   2    17    38     4.236814    -0.000233
  2   2    17    39     2.637972     0.002233
  2   2    17    40     4.708139     0.000083
  2   2    17    41     6.165971     0.000300
  2   2    17    42     2.466388     0.003000
  2   2    17    43     4.708139     0.000067
  2   2    17    44     4.708139     0.000067
  2   2    17    45     6.788579    -0.000100
  2   2    17    46     3.761472    -0.001033
  2   2    17    47     4.708139     0.000067
  2   2    17    48     4.708139     0.000067
 
  CHI0^-1 - CHI^-1 Matrix 
 
  1   1   1   1     1     1     0.000000     6.630496
  1   1   1   1     1     2     3.394289    -0.180699
  1   1   1   1     1     3     2.840000     0.481428
  1   1   1   1     1     4     3.394289    -0.180699
  1   1   1   1     1     5     4.360000    -0.353358
  1   1   1   1     1     6     3.394289    -0.183784
  1   1   1   1     1     7     5.203384    -0.480783
  1   1   1   1     1     8     3.394289    -0.183784
  1   1   1   1     1     9     4.360000    -0.353358
  1   1   1   1     1    10     3.394289    -0.183784
  1   1   1   1     1    11     5.203384    -0.480783
  1   1   1   1     1    12     3.394289    -0.183784
  1   1   1   1     1    13     6.165971    -0.351803
  1   1   1   1     1    14     3.394289    -0.180100
  1   1   1   1     1    15     6.788579    -0.400181
  1   1   1   1     1    16     3.394289    -0.180100
  1   2   1   0     1    17     1.849791     1.344970
  1   2   1   0     1    18     1.849791     1.346883
  1   2   1   0     1    19     3.865608    -0.312607
  1   2   1   0     1    20     3.865608    -0.312607
  1   2   1   0     1    21     3.389296     0.087293
  1   2   1   0     1    22     3.389296     0.087751
  1   2   1   0     1    23     3.865608    -0.312607
  1   2   1   0     1    24     3.865608    -0.312607
  1   2   1   0     1    25     3.320477    -0.164111
  1   2   1   0     1    26     3.320477    -0.164114
  1   2   1   0     1    27     5.133097    -0.504064
  1   2   1   0     1    28     1.880736     1.277407
  1   2   1   0     1    29     4.369344    -0.311283
  1   2   1   0     1    30     4.369344    -0.311284
  1   2   1   0     1    31     5.133097    -0.504064
  1   2   1   0     1    32     1.880736     1.277407
  1   2   1   0     1    33     3.320477    -0.164111
  1   2   1   0     1    34     3.320477    -0.164114
  1   2   1   0     1    35     1.880736     1.277407
  1   2   1   0     1    36     5.133097    -0.504064
  1   2   1   0     1    37     4.369344    -0.311283
  1   2   1   0     1    38     4.369344    -0.311284
  1   2   1   0     1    39     1.880736     1.277407
  1   2   1   0     1    40     5.133097    -0.504064
  1   2   1   0     1    41     4.316180    -0.285602
  1   2   1   0     1    42     4.316180    -0.286061
  1   2   1   0     1    43     3.865608    -0.311390
  1   2   1   0     1    44     3.865608    -0.311390
  1   2   1   0     1    45     5.166721    -0.439263
  1   2   1   0     1    46     5.166721    -0.439757
  1   2   1   0     1    47     3.865608    -0.311390
  1   2   1   0     1    48     3.865608    -0.311390
  2   1   0   1    17     1     1.849791     1.344970
  2   1   0   1    17     2     1.880736     1.276931
  2   1   0   1    17     3     3.389296     0.087313
  2   1   0   1    17     4     1.880736     1.276931
  2   1   0   1    17     5     3.320477    -0.163998
  2   1   0   1    17     6     3.865608    -0.311713
  2   1   0   1    17     7     4.369344    -0.311166
  2   1   0   1    17     8     3.865608    -0.311713
  2   1   0   1    17     9     3.320477    -0.163998
  2   1   0   1    17    10     3.865608    -0.311713
  2   1   0   1    17    11     4.369344    -0.311166
  2   1   0   1    17    12     3.865608    -0.311713
  2   1   0   1    17    13     4.316180    -0.283457
  2   1   0   1    17    14     5.133097    -0.503785
  2   1   0   1    17    15     5.166721    -0.437134
  2   1   0   1    17    16     5.133097    -0.503785
  2   2   0   0    17    17     0.000000     9.520308
  2   2   0   0    17    18     3.699583    -0.303684
  2   2   0   0    17    19     2.637972     0.511107
  2   2   0   0    17    20     2.637972     0.511107
  2   2   0   0    17    21     2.840000     0.963266
  2   2   0   0    17    22     4.663959    -0.401506
  2   2   0   0    17    23     2.637972     0.511107
  2   2   0   0    17    24     2.637972     0.511107
  2   2   0   0    17    25     4.360000    -0.247929
  2   2   0   0    17    26     3.144041    -0.088437
  2   2   0   0    17    27     4.708139    -0.438687
  2   2   0   0    17    28     2.637972     0.516214
  2   2   0   0    17    29     5.203384    -0.318056
  2   2   0   0    17    30     4.236814    -0.373033
  2   2   0   0    17    31     4.708139    -0.438687
  2   2   0   0    17    32     2.637972     0.516214
  2   2   0   0    17    33     4.360000    -0.247929
  2   2   0   0    17    34     3.144041    -0.088437
  2   2   0   0    17    35     2.637972     0.516214
  2   2   0   0    17    36     4.708139    -0.438687
  2   2   0   0    17    37     5.203384    -0.318056
  2   2   0   0    17    38     4.236814    -0.373033
  2   2   0   0    17    39     2.637972     0.516214
  2   2   0   0    17    40     4.708139    -0.438687
  2   2   0   0    17    41     6.165971    -0.516817
  2   2   0   0    17    42     2.466388     0.801259
  2   2   0   0    17    43     4.708139    -0.443888
  2   2   0   0    17    44     4.708139    -0.443888
  2   2   0   0    17    45     6.788579    -0.607998
  2   2   0   0    17    46     3.761472    -0.198142
  2   2   0   0    17    47     4.708139    -0.443888
  2   2   0   0    17    48     4.708139    -0.443888
  type:            1  U0 =    6.63049575090799     
  type:            2  U0 =    9.52030777861162     
 
 
 
  Extrapolation to a supercell            1           1           1
 
  number of atoms in the supercell:          48
 
 
  type1:            1  type2:            1
 
  number of shells:            7
 
  shell  #n: pc, sc, spinp   dist       chi_pc     chi_sc 
 
    1        1   1   1        0.0000    -0.4702    -0.4702
    2        8   8   1        3.3943     0.0043     0.0043
    3        1   1   1        2.8400     0.0072     0.0072
    4        2   2   1        4.3600     0.0052     0.0052
    5        2   2   1        5.2034     0.0055     0.0055
    6        1   1   1        6.1660    -0.0030    -0.0030
    7        1   1   1        6.7886    -0.0045    -0.0045
 
  type1:            1  type2:            2
 
  number of shells:            9
 
  shell  #n: pc, sc, spinp   dist       chi_pc     chi_sc 
 
    1        2   2   0        1.8498     0.0365     0.0365
    2        8   8   0        3.8656     0.0019     0.0019
    3        2   2   0        3.3893     0.0038     0.0038
    4        4   4   0        3.3205     0.0026     0.0026
    5        4   4   0        5.1331     0.0016     0.0016
    6        4   4   0        1.8807     0.0477     0.0477
    7        4   4   0        4.3693     0.0036     0.0036
    8        2   2   0        4.3162     0.0023     0.0023
    9        2   2   0        5.1667     0.0030     0.0030
 
  type1:            2  type2:            2
 
  number of shells:           14
 
  shell  #n: pc, sc, spinp   dist       chi_pc     chi_sc 
 
    1        1   1   0        0.0000    -0.1795    -0.1795
    2        1   1   0        3.6996     0.0009     0.0009
    3        8   8   0        2.6380     0.0016     0.0016
    4        1   1   0        2.8400     0.0031     0.0031
    5        1   1   0        4.6640     0.0005     0.0005
    6        2   2   0        4.3600     0.0003     0.0003
    7        2   2   0        3.1440     0.0005     0.0005
    8        8   8   0        4.7081     0.0007     0.0007
    9        2   2   0        5.2034     0.0001     0.0001
   10        2   2   0        4.2368     0.0004     0.0004
   11        1   1   0        6.1660     0.0001     0.0001
   12        1   1   0        2.4664     0.0028     0.0028
   13        1   1   0        6.7886    -0.0011    -0.0011
   14        1   1   0        3.7615     0.0086     0.0086
 
  CHI0 Matrix 
 
  1   1   1   1     1     1     0.000000    -0.470200
  1   1   1   1     1     2     3.394289     0.004333
  1   1   1   1     1     3     2.840000     0.007233
  1   1   1   1     1     4     3.394289     0.004333
  1   1   1   1     1     5     4.360000     0.005167
  1   1   1   1     1     6     3.394289     0.004333
  1   1   1   1     1     7     5.203384     0.005533
  1   1   1   1     1     8     3.394289     0.004333
  1   1   1   1     1     9     4.360000     0.005167
  1   1   1   1     1    10     3.394289     0.004333
  1   1   1   1     1    11     5.203384     0.005533
  1   1   1   1     1    12     3.394289     0.004333
  1   1   1   1     1    13     6.165971    -0.003000
  1   1   1   1     1    14     3.394289     0.004333
  1   1   1   1     1    15     6.788579    -0.004533
  1   1   1   1     1    16     3.394289     0.004333
  1   2   1   0     1    17     1.849791     0.036500
  1   2   1   0     1    18     1.849791     0.036500
  1   2   1   0     1    19     3.865608     0.001867
  1   2   1   0     1    20     3.865608     0.001867
  1   2   1   0     1    21     3.389296     0.003767
  1   2   1   0     1    22     3.389296     0.003767
  1   2   1   0     1    23     3.865608     0.001867
  1   2   1   0     1    24     3.865608     0.001867
  1   2   1   0     1    25     3.320477     0.002617
  1   2   1   0     1    26     3.320477     0.002617
  1   2   1   0     1    27     5.133097     0.001583
  1   2   1   0     1    28     1.880736     0.047717
  1   2   1   0     1    29     4.369344     0.003633
  1   2   1   0     1    30     4.369344     0.003633
  1   2   1   0     1    31     5.133097     0.001583
  1   2   1   0     1    32     1.880736     0.047717
  1   2   1   0     1    33     3.320477     0.002617
  1   2   1   0     1    34     3.320477     0.002617
  1   2   1   0     1    35     1.880736     0.047717
  1   2   1   0     1    36     5.133097     0.001583
  1   2   1   0     1    37     4.369344     0.003633
  1   2   1   0     1    38     4.369344     0.003633
  1   2   1   0     1    39     1.880736     0.047717
  1   2   1   0     1    40     5.133097     0.001583
  1   2   1   0     1    41     4.316180     0.002317
  1   2   1   0     1    42     4.316180     0.002317
  1   2   1   0     1    43     3.865608     0.001867
  1   2   1   0     1    44     3.865608     0.001867
  1   2   1   0     1    45     5.166721     0.003000
  1   2   1   0     1    46     5.166721     0.003000
  1   2   1   0     1    47     3.865608     0.001867
  1   2   1   0     1    48     3.865608     0.001867
  2   1   0   1    17     1     1.849791     0.036500
  2   1   0   1    17     2     1.880736     0.047717
  2   1   0   1    17     3     3.389296     0.003767
  2   1   0   1    17     4     1.880736     0.047717
  2   1   0   1    17     5     3.320477     0.002617
  2   1   0   1    17     6     3.865608     0.001867
  2   1   0   1    17     7     4.369344     0.003633
  2   1   0   1    17     8     3.865608     0.001867
  2   1   0   1    17     9     3.320477     0.002617
  2   1   0   1    17    10     3.865608     0.001867
  2   1   0   1    17    11     4.369344     0.003633
  2   1   0   1    17    12     3.865608     0.001867
  2   1   0   1    17    13     4.316180     0.002317
  2   1   0   1    17    14     5.133097     0.001583
  2   1   0   1    17    15     5.166721     0.003000
  2   1   0   1    17    16     5.133097     0.001583
  2   2   0   0    17    17     0.000000    -0.179467
  2   2   0   0    17    18     3.699583     0.000867
  2   2   0   0    17    19     2.637972     0.001583
  2   2   0   0    17    20     2.637972     0.001583
  2   2   0   0    17    21     2.840000     0.003100
  2   2   0   0    17    22     4.663959     0.000533
  2   2   0   0    17    23     2.637972     0.001583
  2   2   0   0    17    24     2.637972     0.001583
  2   2   0   0    17    25     4.360000     0.000333
  2   2   0   0    17    26     3.144041     0.000467
  2   2   0   0    17    27     4.708139     0.000750
  2   2   0   0    17    28     2.637972     0.001583
  2   2   0   0    17    29     5.203384     0.000133
  2   2   0   0    17    30     4.236814     0.000400
  2   2   0   0    17    31     4.708139     0.000750
  2   2   0   0    17    32     2.637972     0.001583
  2   2   0   0    17    33     4.360000     0.000333
  2   2   0   0    17    34     3.144041     0.000467
  2   2   0   0    17    35     2.637972     0.001583
  2   2   0   0    17    36     4.708139     0.000750
  2   2   0   0    17    37     5.203384     0.000133
  2   2   0   0    17    38     4.236814     0.000400
  2   2   0   0    17    39     2.637972     0.001583
  2   2   0   0    17    40     4.708139     0.000750
  2   2   0   0    17    41     6.165971     0.000133
  2   2   0   0    17    42     2.466388     0.002767
  2   2   0   0    17    43     4.708139     0.000750
  2   2   0   0    17    44     4.708139     0.000750
  2   2   0   0    17    45     6.788579    -0.001067
  2   2   0   0    17    46     3.761472     0.008633
  2   2   0   0    17    47     4.708139     0.000750
  2   2   0   0    17    48     4.708139     0.000750
 
  CHI Matrix 
 
  1   1   1   1     1     1     0.000000    -0.125767
  1   1   1   1     1     2     3.394289    -0.000333
  1   1   1   1     1     3     2.840000     0.000567
  1   1   1   1     1     4     3.394289    -0.000333
  1   1   1   1     1     5     4.360000    -0.000100
  1   1   1   1     1     6     3.394289    -0.000333
  1   1   1   1     1     7     5.203384    -0.001200
  1   1   1   1     1     8     3.394289    -0.000333
  1   1   1   1     1     9     4.360000    -0.000100
  1   1   1   1     1    10     3.394289    -0.000333
  1   1   1   1     1    11     5.203384    -0.001200
  1   1   1   1     1    12     3.394289    -0.000333
  1   1   1   1     1    13     6.165971     0.001067
  1   1   1   1     1    14     3.394289    -0.000333
  1   1   1   1     1    15     6.788579     0.000900
  1   1   1   1     1    16     3.394289    -0.000333
  1   2   1   0     1    17     1.849791     0.014550
  1   2   1   0     1    18     1.849791     0.014550
  1   2   1   0     1    19     3.865608     0.000233
  1   2   1   0     1    20     3.865608     0.000233
  1   2   1   0     1    21     3.389296     0.000067
  1   2   1   0     1    22     3.389296     0.000067
  1   2   1   0     1    23     3.865608     0.000233
  1   2   1   0     1    24     3.865608     0.000233
  1   2   1   0     1    25     3.320477     0.000800
  1   2   1   0     1    26     3.320477     0.000800
  1   2   1   0     1    27     5.133097    -0.000300
  1   2   1   0     1    28     1.880736     0.014150
  1   2   1   0     1    29     4.369344     0.000150
  1   2   1   0     1    30     4.369344     0.000150
  1   2   1   0     1    31     5.133097    -0.000300
  1   2   1   0     1    32     1.880736     0.014150
  1   2   1   0     1    33     3.320477     0.000800
  1   2   1   0     1    34     3.320477     0.000800
  1   2   1   0     1    35     1.880736     0.014150
  1   2   1   0     1    36     5.133097    -0.000300
  1   2   1   0     1    37     4.369344     0.000150
  1   2   1   0     1    38     4.369344     0.000150
  1   2   1   0     1    39     1.880736     0.014150
  1   2   1   0     1    40     5.133097    -0.000300
  1   2   1   0     1    41     4.316180     0.000617
  1   2   1   0     1    42     4.316180     0.000617
  1   2   1   0     1    43     3.865608     0.000233
  1   2   1   0     1    44     3.865608     0.000233
  1   2   1   0     1    45     5.166721     0.000433
  1   2   1   0     1    46     5.166721     0.000433
  1   2   1   0     1    47     3.865608     0.000233
  1   2   1   0     1    48     3.865608     0.000233
  2   1   0   1    17     1     1.849791     0.014550
  2   1   0   1    17     2     1.880736     0.014150
  2   1   0   1    17     3     3.389296     0.000067
  2   1   0   1    17     4     1.880736     0.014150
  2   1   0   1    17     5     3.320477     0.000800
  2   1   0   1    17     6     3.865608     0.000233
  2   1   0   1    17     7     4.369344     0.000150
  2   1   0   1    17     8     3.865608     0.000233
  2   1   0   1    17     9     3.320477     0.000800
  2   1   0   1    17    10     3.865608     0.000233
  2   1   0   1    17    11     4.369344     0.000150
  2   1   0   1    17    12     3.865608     0.000233
  2   1   0   1    17    13     4.316180     0.000617
  2   1   0   1    17    14     5.133097    -0.000300
  2   1   0   1    17    15     5.166721     0.000433
  2   1   0   1    17    16     5.133097    -0.000300
  2   2   0   0    17    17     0.000000    -0.069900
  2   2   0   0    17    18     3.699583    -0.000833
  2   2   0   0    17    19     2.637972     0.002217
  2   2   0   0    17    20     2.637972     0.002217
  2   2   0   0    17    21     2.840000     0.002933
  2   2   0   0    17    22     4.663959     0.000033
  2   2   0   0    17    23     2.637972     0.002217
  2   2   0   0    17    24     2.637972     0.002217
  2   2   0   0    17    25     4.360000     0.000100
  2   2   0   0    17    26     3.144041     0.000967
  2   2   0   0    17    27     4.708139     0.000083
  2   2   0   0    17    28     2.637972     0.002217
  2   2   0   0    17    29     5.203384     0.000100
  2   2   0   0    17    30     4.236814    -0.000233
  2   2   0   0    17    31     4.708139     0.000083
  2   2   0   0    17    32     2.637972     0.002217
  2   2   0   0    17    33     4.360000     0.000100
  2   2   0   0    17    34     3.144041     0.000967
  2   2   0   0    17    35     2.637972     0.002217
  2   2   0   0    17    36     4.708139     0.000083
  2   2   0   0    17    37     5.203384     0.000100
  2   2   0   0    17    38     4.236814    -0.000233
  2   2   0   0    17    39     2.637972     0.002217
  2   2   0   0    17    40     4.708139     0.000083
  2   2   0   0    17    41     6.165971     0.000300
  2   2   0   0    17    42     2.466388     0.003000
  2   2   0   0    17    43     4.708139     0.000083
  2   2   0   0    17    44     4.708139     0.000083
  2   2   0   0    17    45     6.788579    -0.000100
  2   2   0   0    17    46     3.761472    -0.001033
  2   2   0   0    17    47     4.708139     0.000083
  2   2   0   0    17    48     4.708139     0.000083
 
  CHI0^-1 - CHI^-1 Matrix 
 
  1   1   1   1     1     1     0.000000     6.603632
  1   1   1   1     1     2     3.394289    -0.207323
  1   1   1   1     1     3     2.840000     0.453018
  1   1   1   1     1     4     3.394289    -0.207323
  1   1   1   1     1     5     4.360000    -0.379831
  1   1   1   1     1     6     3.394289    -0.207323
  1   1   1   1     1     7     5.203384    -0.507277
  1   1   1   1     1     8     3.394289    -0.207323
  1   1   1   1     1     9     4.360000    -0.379831
  1   1   1   1     1    10     3.394289    -0.207323
  1   1   1   1     1    11     5.203384    -0.507277
  1   1   1   1     1    12     3.394289    -0.207323
  1   1   1   1     1    13     6.165971    -0.377138
  1   1   1   1     1    14     3.394289    -0.207323
  1   1   1   1     1    15     6.788579    -0.425524
  1   1   1   1     1    16     3.394289    -0.207323
  1   2   1   0     1    17     1.849791     1.309801
  1   2   1   0     1    18     1.849791     1.309801
  1   2   1   0     1    19     3.865608    -0.345265
  1   2   1   0     1    20     3.865608    -0.345265
  1   2   1   0     1    21     3.389296     0.050364
  1   2   1   0     1    22     3.389296     0.050364
  1   2   1   0     1    23     3.865608    -0.345265
  1   2   1   0     1    24     3.865608    -0.345265
  1   2   1   0     1    25     3.320477    -0.196846
  1   2   1   0     1    26     3.320477    -0.196846
  1   2   1   0     1    27     5.133097    -0.535544
  1   2   1   0     1    28     1.880736     1.241981
  1   2   1   0     1    29     4.369344    -0.344043
  1   2   1   0     1    30     4.369344    -0.344043
  1   2   1   0     1    31     5.133097    -0.535544
  1   2   1   0     1    32     1.880736     1.241981
  1   2   1   0     1    33     3.320477    -0.196846
  1   2   1   0     1    34     3.320477    -0.196846
  1   2   1   0     1    35     1.880736     1.241981
  1   2   1   0     1    36     5.133097    -0.535544
  1   2   1   0     1    37     4.369344    -0.344043
  1   2   1   0     1    38     4.369344    -0.344043
  1   2   1   0     1    39     1.880736     1.241981
  1   2   1   0     1    40     5.133097    -0.535544
  1   2   1   0     1    41     4.316180    -0.316945
  1   2   1   0     1    42     4.316180    -0.316945
  1   2   1   0     1    43     3.865608    -0.345265
  1   2   1   0     1    44     3.865608    -0.345265
  1   2   1   0     1    45     5.166721    -0.470637
  1   2   1   0     1    46     5.166721    -0.470637
  1   2   1   0     1    47     3.865608    -0.345265
  1   2   1   0     1    48     3.865608    -0.345265
  2   1   0   1    17     1     1.849791     1.309801
  2   1   0   1    17     2     1.880736     1.241981
  2   1   0   1    17     3     3.389296     0.050364
  2   1   0   1    17     4     1.880736     1.241981
  2   1   0   1    17     5     3.320477    -0.196846
  2   1   0   1    17     6     3.865608    -0.345265
  2   1   0   1    17     7     4.369344    -0.344043
  2   1   0   1    17     8     3.865608    -0.345265
  2   1   0   1    17     9     3.320477    -0.196846
  2   1   0   1    17    10     3.865608    -0.345265
  2   1   0   1    17    11     4.369344    -0.344043
  2   1   0   1    17    12     3.865608    -0.345265
  2   1   0   1    17    13     4.316180    -0.316945
  2   1   0   1    17    14     5.133097    -0.535544
  2   1   0   1    17    15     5.166721    -0.470637
  2   1   0   1    17    16     5.133097    -0.535544
  2   2   0   0    17    17     0.000000     9.476306
  2   2   0   0    17    18     3.699583    -0.345715
  2   2   0   0    17    19     2.637972     0.467676
  2   2   0   0    17    20     2.637972     0.467676
  2   2   0   0    17    21     2.840000     0.916289
  2   2   0   0    17    22     4.663959    -0.443879
  2   2   0   0    17    23     2.637972     0.467676
  2   2   0   0    17    24     2.637972     0.467676
  2   2   0   0    17    25     4.360000    -0.290493
  2   2   0   0    17    26     3.144041    -0.130987
  2   2   0   0    17    27     4.708139    -0.481154
  2   2   0   0    17    28     2.637972     0.467676
  2   2   0   0    17    29     5.203384    -0.360650
  2   2   0   0    17    30     4.236814    -0.415629
  2   2   0   0    17    31     4.708139    -0.481154
  2   2   0   0    17    32     2.637972     0.467676
  2   2   0   0    17    33     4.360000    -0.290493
  2   2   0   0    17    34     3.144041    -0.130987
  2   2   0   0    17    35     2.637972     0.467676
  2   2   0   0    17    36     4.708139    -0.481154
  2   2   0   0    17    37     5.203384    -0.360650
  2   2   0   0    17    38     4.236814    -0.415629
  2   2   0   0    17    39     2.637972     0.467676
  2   2   0   0    17    40     4.708139    -0.481154
  2   2   0   0    17    41     6.165971    -0.555684
  2   2   0   0    17    42     2.466388     0.757786
  2   2   0   0    17    43     4.708139    -0.481154
  2   2   0   0    17    44     4.708139    -0.481154
  2   2   0   0    17    45     6.788579    -0.646908
  2   2   0   0    17    46     3.761472    -0.241650
  2   2   0   0    17    47     4.708139    -0.481154
  2   2   0   0    17    48     4.708139    -0.481154
  type:            1  U1 =    6.60363246282302     
  type:            2  U1 =    9.47630602127606     
