 
  number of atoms in the primitive cell:          48
 
 
  CHI0 Matrix 
 
  1   1     1     1     0.000000    -1.188633
  1   1     1     2     3.756924     0.041533
  1   1     1     3     2.730000     0.204800
  1   1     1     4     3.756924     0.041533
  1   1     1     5     4.950000     0.053033
  1   1     1     6     3.756924     0.041033
  1   1     1     7     5.652911     0.045800
  1   1     1     8     3.756924     0.041033
  1   1     1     9     4.950000     0.053033
  1   1     1    10     3.756924     0.041033
  1   1     1    11     5.652911     0.045800
  1   1     1    12     3.756924     0.041033
  1   1     1    13     7.000357     0.027533
  1   1     1    14     3.756924     0.041533
  1   1     1    15     7.513847     0.039033
  1   1     1    16     3.756924     0.041533
  1   2     1    17     1.960100     0.049633
  1   2     1    18     1.960100     0.049633
  1   2     1    19     4.237507     0.004467
  1   2     1    20     4.237507     0.004467
  1   2     1    21     3.360787     0.005100
  1   2     1    22     3.360787     0.005100
  1   2     1    23     4.237507     0.004467
  1   2     1    24     4.237507     0.004467
  1   2     1    25     3.824015     0.003000
  1   2     1    26     3.824015     0.003000
  1   2     1    27     5.628309     0.001100
  1   2     1    28     2.057928     0.021817
  1   2     1    29     4.698510     0.002167
  1   2     1    30     4.698510     0.002167
  1   2     1    31     5.628309     0.001100
  1   2     1    32     2.057928     0.021817
  1   2     1    33     3.824015     0.003000
  1   2     1    34     3.824015     0.003000
  1   2     1    35     2.057928     0.021817
  1   2     1    36     5.628309     0.001100
  1   2     1    37     4.698510     0.002167
  1   2     1    38     4.698510     0.002167
  1   2     1    39     2.057928     0.021817
  1   2     1    40     5.628309     0.001100
  1   2     1    41     5.040257     0.007400
  1   2     1    42     5.040257     0.007400
  1   2     1    43     4.237507     0.004467
  1   2     1    44     4.237507     0.004467
  1   2     1    45     5.732111     0.002817
  1   2     1    46     5.732111     0.002817
  1   2     1    47     4.237507     0.004467
  1   2     1    48     4.237507     0.004467
  2   1    17     1     1.960100     0.049633
  2   1    17     2     2.057928     0.021817
  2   1    17     3     3.360787     0.005100
  2   1    17     4     2.057928     0.021817
  2   1    17     5     3.824015     0.003000
  2   1    17     6     4.237507     0.004467
  2   1    17     7     4.698510     0.002167
  2   1    17     8     4.237507     0.004467
  2   1    17     9     3.824015     0.003000
  2   1    17    10     4.237507     0.004467
  2   1    17    11     4.698510     0.002167
  2   1    17    12     4.237507     0.004467
  2   1    17    13     5.040257     0.007400
  2   1    17    14     5.628309     0.001100
  2   1    17    15     5.732111     0.002817
  2   1    17    16     5.628309     0.001100
  2   2    17    17     0.000000    -0.141167
  2   2    17    18     3.920200     0.002933
  2   2    17    19     2.842017     0.001083
  2   2    17    20     2.842017     0.001083
  2   2    17    21     2.730000     0.001167
  2   2    17    22     4.777119     0.001300
  2   2    17    23     2.842017     0.001083
  2   2    17    24     2.842017     0.001083
  2   2    17    25     4.950000     0.000367
  2   2    17    26     3.525290     0.001000
  2   2    17    27     5.444195     0.000400
  2   2    17    28     2.842017     0.001067
  2   2    17    29     5.652911     0.000600
  2   2    17    30     4.458763     0.000633
  2   2    17    31     5.444195     0.000400
  2   2    17    32     2.842017     0.001067
  2   2    17    33     4.950000     0.000367
  2   2    17    34     3.525290     0.001000
  2   2    17    35     2.842017     0.001067
  2   2    17    36     5.444195     0.000400
  2   2    17    37     5.652911     0.000600
  2   2    17    38     4.458763     0.000633
  2   2    17    39     2.842017     0.001067
  2   2    17    40     5.444195     0.000400
  2   2    17    41     7.000357     0.000167
  2   2    17    42     3.080157     0.000333
  2   2    17    43     5.444195     0.000400
  2   2    17    44     5.444195     0.000400
  2   2    17    45     7.513847    -0.000133
  2   2    17    46     4.115856     0.001933
  2   2    17    47     5.444195     0.000400
  2   2    17    48     5.444195     0.000400
 
  CHI Matrix 
 
  1   1     1     1     0.000000    -0.202733
  1   1     1     2     3.756924     0.000733
  1   1     1     3     2.730000     0.024767
  1   1     1     4     3.756924     0.000733
  1   1     1     5     4.950000    -0.000300
  1   1     1     6     3.756924     0.000633
  1   1     1     7     5.652911    -0.000933
  1   1     1     8     3.756924     0.000633
  1   1     1     9     4.950000    -0.000300
  1   1     1    10     3.756924     0.000633
  1   1     1    11     5.652911    -0.000933
  1   1     1    12     3.756924     0.000633
  1   1     1    13     7.000357     0.000967
  1   1     1    14     3.756924     0.000733
  1   1     1    15     7.513847     0.000833
  1   1     1    16     3.756924     0.000733
  1   2     1    17     1.960100     0.019933
  1   2     1    18     1.960100     0.019933
  1   2     1    19     4.237507     0.000317
  1   2     1    20     4.237507     0.000317
  1   2     1    21     3.360787     0.001617
  1   2     1    22     3.360787     0.001617
  1   2     1    23     4.237507     0.000317
  1   2     1    24     4.237507     0.000317
  1   2     1    25     3.824015     0.000267
  1   2     1    26     3.824015     0.000267
  1   2     1    27     5.628309     0.000367
  1   2     1    28     2.057928     0.014417
  1   2     1    29     4.698510    -0.000250
  1   2     1    30     4.698510    -0.000250
  1   2     1    31     5.628309     0.000367
  1   2     1    32     2.057928     0.014417
  1   2     1    33     3.824015     0.000267
  1   2     1    34     3.824015     0.000267
  1   2     1    35     2.057928     0.014417
  1   2     1    36     5.628309     0.000367
  1   2     1    37     4.698510    -0.000250
  1   2     1    38     4.698510    -0.000250
  1   2     1    39     2.057928     0.014417
  1   2     1    40     5.628309     0.000367
  1   2     1    41     5.040257    -0.000800
  1   2     1    42     5.040257    -0.000800
  1   2     1    43     4.237507     0.000317
  1   2     1    44     4.237507     0.000317
  1   2     1    45     5.732111    -0.000700
  1   2     1    46     5.732111    -0.000700
  1   2     1    47     4.237507     0.000317
  1   2     1    48     4.237507     0.000317
  2   1    17     1     1.960100     0.019933
  2   1    17     2     2.057928     0.014417
  2   1    17     3     3.360787     0.001617
  2   1    17     4     2.057928     0.014417
  2   1    17     5     3.824015     0.000267
  2   1    17     6     4.237507     0.000317
  2   1    17     7     4.698510    -0.000250
  2   1    17     8     4.237507     0.000317
  2   1    17     9     3.824015     0.000267
  2   1    17    10     4.237507     0.000317
  2   1    17    11     4.698510    -0.000250
  2   1    17    12     4.237507     0.000317
  2   1    17    13     5.040257    -0.000800
  2   1    17    14     5.628309     0.000367
  2   1    17    15     5.732111    -0.000700
  2   1    17    16     5.628309     0.000367
  2   2    17    17     0.000000    -0.055667
  2   2    17    18     3.920200     0.000000
  2   2    17    19     2.842017     0.000950
  2   2    17    20     2.842017     0.000950
  2   2    17    21     2.730000     0.002833
  2   2    17    22     4.777119     0.000367
  2   2    17    23     2.842017     0.000950
  2   2    17    24     2.842017     0.000950
  2   2    17    25     4.950000     0.000233
  2   2    17    26     3.525290     0.000433
  2   2    17    27     5.444195    -0.000083
  2   2    17    28     2.842017     0.001000
  2   2    17    29     5.652911     0.000267
  2   2    17    30     4.458763    -0.000100
  2   2    17    31     5.444195    -0.000083
  2   2    17    32     2.842017     0.001000
  2   2    17    33     4.950000     0.000233
  2   2    17    34     3.525290     0.000433
  2   2    17    35     2.842017     0.001000
  2   2    17    36     5.444195    -0.000083
  2   2    17    37     5.652911     0.000267
  2   2    17    38     4.458763    -0.000100
  2   2    17    39     2.842017     0.001000
  2   2    17    40     5.444195    -0.000083
  2   2    17    41     7.000357    -0.000467
  2   2    17    42     3.080157     0.000000
  2   2    17    43     5.444195    -0.000033
  2   2    17    44     5.444195    -0.000033
  2   2    17    45     7.513847    -0.000367
  2   2    17    46     4.115856    -0.000400
  2   2    17    47     5.444195    -0.000033
  2   2    17    48     5.444195    -0.000033
 
  CHI0^-1 - CHI^-1 Matrix 
 
  1   1   0   0     1     1     0.000000     4.831862
  1   1   0   0     1     2     3.756924    -0.283388
  1   1   0   0     1     3     2.730000     0.936391
  1   1   0   0     1     4     3.756924    -0.283388
  1   1   0   0     1     5     4.950000    -0.538932
  1   1   0   0     1     6     3.756924    -0.286327
  1   1   0   0     1     7     5.652911    -0.563883
  1   1   0   0     1     8     3.756924    -0.286327
  1   1   0   0     1     9     4.950000    -0.538932
  1   1   0   0     1    10     3.756924    -0.286327
  1   1   0   0     1    11     5.652911    -0.563883
  1   1   0   0     1    12     3.756924    -0.286327
  1   1   0   0     1    13     7.000357    -0.618776
  1   1   0   0     1    14     3.756924    -0.281351
  1   1   0   0     1    15     7.513847    -0.624369
  1   1   0   0     1    16     3.756924    -0.281351
  1   2   0   0     1    17     1.960100     1.698647
  1   2   0   0     1    18     1.960100     1.706210
  1   2   0   0     1    19     4.237507    -0.447452
  1   2   0   0     1    20     4.237507    -0.447452
  1   2   0   0     1    21     3.360787     0.494531
  1   2   0   0     1    22     3.360787     0.496196
  1   2   0   0     1    23     4.237507    -0.447452
  1   2   0   0     1    24     4.237507    -0.447452
  1   2   0   0     1    25     3.824015    -0.385963
  1   2   0   0     1    26     3.824015    -0.385983
  1   2   0   0     1    27     5.628309    -0.585131
  1   2   0   0     1    28     2.057928     1.557895
  1   2   0   0     1    29     4.698510    -0.442220
  1   2   0   0     1    30     4.698510    -0.442185
  1   2   0   0     1    31     5.628309    -0.585131
  1   2   0   0     1    32     2.057928     1.557895
  1   2   0   0     1    33     3.824015    -0.385963
  1   2   0   0     1    34     3.824015    -0.385983
  1   2   0   0     1    35     2.057928     1.557895
  1   2   0   0     1    36     5.628309    -0.585131
  1   2   0   0     1    37     4.698510    -0.442220
  1   2   0   0     1    38     4.698510    -0.442185
  1   2   0   0     1    39     2.057928     1.557895
  1   2   0   0     1    40     5.628309    -0.585131
  1   2   0   0     1    41     5.040257    -0.731279
  1   2   0   0     1    42     5.040257    -0.732746
  1   2   0   0     1    43     4.237507    -0.442917
  1   2   0   0     1    44     4.237507    -0.442917
  1   2   0   0     1    45     5.732111    -0.712357
  1   2   0   0     1    46     5.732111    -0.713788
  1   2   0   0     1    47     4.237507    -0.442917
  1   2   0   0     1    48     4.237507    -0.442917
  2   1   0   0    17     1     1.960100     1.698647
  2   1   0   0    17     2     2.057928     1.544940
  2   1   0   0    17     3     3.360787     0.489178
  2   1   0   0    17     4     2.057928     1.544940
  2   1   0   0    17     5     3.824015    -0.393871
  2   1   0   0    17     6     4.237507    -0.454248
  2   1   0   0    17     7     4.698510    -0.450102
  2   1   0   0    17     8     4.237507    -0.454248
  2   1   0   0    17     9     3.824015    -0.393871
  2   1   0   0    17    10     4.237507    -0.454248
  2   1   0   0    17    11     4.698510    -0.450102
  2   1   0   0    17    12     4.237507    -0.454248
  2   1   0   0    17    13     5.040257    -0.746655
  2   1   0   0    17    14     5.628309    -0.584915
  2   1   0   0    17    15     5.732111    -0.727672
  2   1   0   0    17    16     5.628309    -0.584915
  2   2   0   0    17    17     0.000000    12.495323
  2   2   0   0    17    18     3.920200     0.160914
  2   2   0   0    17    19     2.842017     0.700859
  2   2   0   0    17    20     2.842017     0.700859
  2   2   0   0    17    21     2.730000     2.060309
  2   2   0   0    17    22     4.777119    -0.027204
  2   2   0   0    17    23     2.842017     0.700859
  2   2   0   0    17    24     2.842017     0.700859
  2   2   0   0    17    25     4.950000    -0.366088
  2   2   0   0    17    26     3.525290    -0.343056
  2   2   0   0    17    27     5.444195    -0.735192
  2   2   0   0    17    28     2.842017     0.726429
  2   2   0   0    17    29     5.652911    -0.400411
  2   2   0   0    17    30     4.458763    -0.512431
  2   2   0   0    17    31     5.444195    -0.735192
  2   2   0   0    17    32     2.842017     0.726429
  2   2   0   0    17    33     4.950000    -0.366088
  2   2   0   0    17    34     3.525290    -0.343056
  2   2   0   0    17    35     2.842017     0.726429
  2   2   0   0    17    36     5.444195    -0.735192
  2   2   0   0    17    37     5.652911    -0.400411
  2   2   0   0    17    38     4.458763    -0.512431
  2   2   0   0    17    39     2.842017     0.726429
  2   2   0   0    17    40     5.444195    -0.735192
  2   2   0   0    17    41     7.000357    -1.041254
  2   2   0   0    17    42     3.080157     0.385530
  2   2   0   0    17    43     5.444195    -0.709083
  2   2   0   0    17    44     5.444195    -0.709083
  2   2   0   0    17    45     7.513847    -0.988923
  2   2   0   0    17    46     4.115856     0.201232
  2   2   0   0    17    47     5.444195    -0.709083
  2   2   0   0    17    48     5.444195    -0.709083
  type:            1  U0 =    4.83186199895784     
  type:            2  U0 =    12.4953229909622     
 
 
 
  Extrapolation to a supercell            1           1           1
 
  number of atoms in the supercell:          48
 
 
  type1:            1  type2:            1
 
  number of shells:            7
 
  shell  #n: pc, sc, spinp   dist       chi_pc     chi_sc 
 
    1        1   1   0        0.0000    -1.1886    -1.1886
    2        8   8   0        3.7569     0.0415     0.0415
    3        1   1   0        2.7300     0.2048     0.2048
    4        2   2   0        4.9500     0.0530     0.0530
    5        2   2   0        5.6529     0.0458     0.0458
    6        1   1   0        7.0004     0.0275     0.0275
    7        1   1   0        7.5138     0.0390     0.0390
 
  type1:            1  type2:            2
 
  number of shells:            9
 
  shell  #n: pc, sc, spinp   dist       chi_pc     chi_sc 
 
    1        2   2   0        1.9601     0.0496     0.0496
    2        8   8   0        4.2375     0.0045     0.0045
    3        2   2   0        3.3608     0.0051     0.0051
    4        4   4   0        3.8240     0.0030     0.0030
    5        4   4   0        5.6283     0.0011     0.0011
    6        4   4   0        2.0579     0.0218     0.0218
    7        4   4   0        4.6985     0.0022     0.0022
    8        2   2   0        5.0403     0.0074     0.0074
    9        2   2   0        5.7321     0.0028     0.0028
 
  type1:            2  type2:            2
 
  number of shells:           14
 
  shell  #n: pc, sc, spinp   dist       chi_pc     chi_sc 
 
    1        1   1   0        0.0000    -0.1412    -0.1412
    2        1   1   0        3.9202     0.0029     0.0029
    3        8   8   0        2.8420     0.0011     0.0011
    4        1   1   0        2.7300     0.0012     0.0012
    5        1   1   0        4.7771     0.0013     0.0013
    6        2   2   0        4.9500     0.0004     0.0004
    7        2   2   0        3.5253     0.0010     0.0010
    8        8   8   0        5.4442     0.0004     0.0004
    9        2   2   0        5.6529     0.0006     0.0006
   10        2   2   0        4.4588     0.0006     0.0006
   11        1   1   0        7.0004     0.0002     0.0002
   12        1   1   0        3.0802     0.0003     0.0003
   13        1   1   0        7.5138    -0.0001    -0.0001
   14        1   1   0        4.1159     0.0019     0.0019
 
  CHI0 Matrix 
 
  1   1   0   0     1     1     0.000000    -1.188633
  1   1   0   0     1     2     3.756924     0.041533
  1   1   0   0     1     3     2.730000     0.204800
  1   1   0   0     1     4     3.756924     0.041533
  1   1   0   0     1     5     4.950000     0.053033
  1   1   0   0     1     6     3.756924     0.041533
  1   1   0   0     1     7     5.652911     0.045800
  1   1   0   0     1     8     3.756924     0.041533
  1   1   0   0     1     9     4.950000     0.053033
  1   1   0   0     1    10     3.756924     0.041533
  1   1   0   0     1    11     5.652911     0.045800
  1   1   0   0     1    12     3.756924     0.041533
  1   1   0   0     1    13     7.000357     0.027533
  1   1   0   0     1    14     3.756924     0.041533
  1   1   0   0     1    15     7.513847     0.039033
  1   1   0   0     1    16     3.756924     0.041533
  1   2   0   0     1    17     1.960100     0.049633
  1   2   0   0     1    18     1.960100     0.049633
  1   2   0   0     1    19     4.237507     0.004467
  1   2   0   0     1    20     4.237507     0.004467
  1   2   0   0     1    21     3.360787     0.005100
  1   2   0   0     1    22     3.360787     0.005100
  1   2   0   0     1    23     4.237507     0.004467
  1   2   0   0     1    24     4.237507     0.004467
  1   2   0   0     1    25     3.824015     0.003000
  1   2   0   0     1    26     3.824015     0.003000
  1   2   0   0     1    27     5.628309     0.001100
  1   2   0   0     1    28     2.057928     0.021817
  1   2   0   0     1    29     4.698510     0.002167
  1   2   0   0     1    30     4.698510     0.002167
  1   2   0   0     1    31     5.628309     0.001100
  1   2   0   0     1    32     2.057928     0.021817
  1   2   0   0     1    33     3.824015     0.003000
  1   2   0   0     1    34     3.824015     0.003000
  1   2   0   0     1    35     2.057928     0.021817
  1   2   0   0     1    36     5.628309     0.001100
  1   2   0   0     1    37     4.698510     0.002167
  1   2   0   0     1    38     4.698510     0.002167
  1   2   0   0     1    39     2.057928     0.021817
  1   2   0   0     1    40     5.628309     0.001100
  1   2   0   0     1    41     5.040257     0.007400
  1   2   0   0     1    42     5.040257     0.007400
  1   2   0   0     1    43     4.237507     0.004467
  1   2   0   0     1    44     4.237507     0.004467
  1   2   0   0     1    45     5.732111     0.002817
  1   2   0   0     1    46     5.732111     0.002817
  1   2   0   0     1    47     4.237507     0.004467
  1   2   0   0     1    48     4.237507     0.004467
  2   1   0   0    17     1     1.960100     0.049633
  2   1   0   0    17     2     2.057928     0.021817
  2   1   0   0    17     3     3.360787     0.005100
  2   1   0   0    17     4     2.057928     0.021817
  2   1   0   0    17     5     3.824015     0.003000
  2   1   0   0    17     6     4.237507     0.004467
  2   1   0   0    17     7     4.698510     0.002167
  2   1   0   0    17     8     4.237507     0.004467
  2   1   0   0    17     9     3.824015     0.003000
  2   1   0   0    17    10     4.237507     0.004467
  2   1   0   0    17    11     4.698510     0.002167
  2   1   0   0    17    12     4.237507     0.004467
  2   1   0   0    17    13     5.040257     0.007400
  2   1   0   0    17    14     5.628309     0.001100
  2   1   0   0    17    15     5.732111     0.002817
  2   1   0   0    17    16     5.628309     0.001100
  2   2   0   0    17    17     0.000000    -0.141167
  2   2   0   0    17    18     3.920200     0.002933
  2   2   0   0    17    19     2.842017     0.001083
  2   2   0   0    17    20     2.842017     0.001083
  2   2   0   0    17    21     2.730000     0.001167
  2   2   0   0    17    22     4.777119     0.001300
  2   2   0   0    17    23     2.842017     0.001083
  2   2   0   0    17    24     2.842017     0.001083
  2   2   0   0    17    25     4.950000     0.000367
  2   2   0   0    17    26     3.525290     0.001000
  2   2   0   0    17    27     5.444195     0.000400
  2   2   0   0    17    28     2.842017     0.001083
  2   2   0   0    17    29     5.652911     0.000600
  2   2   0   0    17    30     4.458763     0.000633
  2   2   0   0    17    31     5.444195     0.000400
  2   2   0   0    17    32     2.842017     0.001083
  2   2   0   0    17    33     4.950000     0.000367
  2   2   0   0    17    34     3.525290     0.001000
  2   2   0   0    17    35     2.842017     0.001083
  2   2   0   0    17    36     5.444195     0.000400
  2   2   0   0    17    37     5.652911     0.000600
  2   2   0   0    17    38     4.458763     0.000633
  2   2   0   0    17    39     2.842017     0.001083
  2   2   0   0    17    40     5.444195     0.000400
  2   2   0   0    17    41     7.000357     0.000167
  2   2   0   0    17    42     3.080157     0.000333
  2   2   0   0    17    43     5.444195     0.000400
  2   2   0   0    17    44     5.444195     0.000400
  2   2   0   0    17    45     7.513847    -0.000133
  2   2   0   0    17    46     4.115856     0.001933
  2   2   0   0    17    47     5.444195     0.000400
  2   2   0   0    17    48     5.444195     0.000400
 
  CHI Matrix 
 
  1   1   0   0     1     1     0.000000    -0.202733
  1   1   0   0     1     2     3.756924     0.000733
  1   1   0   0     1     3     2.730000     0.024767
  1   1   0   0     1     4     3.756924     0.000733
  1   1   0   0     1     5     4.950000    -0.000300
  1   1   0   0     1     6     3.756924     0.000733
  1   1   0   0     1     7     5.652911    -0.000933
  1   1   0   0     1     8     3.756924     0.000733
  1   1   0   0     1     9     4.950000    -0.000300
  1   1   0   0     1    10     3.756924     0.000733
  1   1   0   0     1    11     5.652911    -0.000933
  1   1   0   0     1    12     3.756924     0.000733
  1   1   0   0     1    13     7.000357     0.000967
  1   1   0   0     1    14     3.756924     0.000733
  1   1   0   0     1    15     7.513847     0.000833
  1   1   0   0     1    16     3.756924     0.000733
  1   2   0   0     1    17     1.960100     0.019933
  1   2   0   0     1    18     1.960100     0.019933
  1   2   0   0     1    19     4.237507     0.000317
  1   2   0   0     1    20     4.237507     0.000317
  1   2   0   0     1    21     3.360787     0.001617
  1   2   0   0     1    22     3.360787     0.001617
  1   2   0   0     1    23     4.237507     0.000317
  1   2   0   0     1    24     4.237507     0.000317
  1   2   0   0     1    25     3.824015     0.000267
  1   2   0   0     1    26     3.824015     0.000267
  1   2   0   0     1    27     5.628309     0.000367
  1   2   0   0     1    28     2.057928     0.014417
  1   2   0   0     1    29     4.698510    -0.000250
  1   2   0   0     1    30     4.698510    -0.000250
  1   2   0   0     1    31     5.628309     0.000367
  1   2   0   0     1    32     2.057928     0.014417
  1   2   0   0     1    33     3.824015     0.000267
  1   2   0   0     1    34     3.824015     0.000267
  1   2   0   0     1    35     2.057928     0.014417
  1   2   0   0     1    36     5.628309     0.000367
  1   2   0   0     1    37     4.698510    -0.000250
  1   2   0   0     1    38     4.698510    -0.000250
  1   2   0   0     1    39     2.057928     0.014417
  1   2   0   0     1    40     5.628309     0.000367
  1   2   0   0     1    41     5.040257    -0.000800
  1   2   0   0     1    42     5.040257    -0.000800
  1   2   0   0     1    43     4.237507     0.000317
  1   2   0   0     1    44     4.237507     0.000317
  1   2   0   0     1    45     5.732111    -0.000700
  1   2   0   0     1    46     5.732111    -0.000700
  1   2   0   0     1    47     4.237507     0.000317
  1   2   0   0     1    48     4.237507     0.000317
  2   1   0   0    17     1     1.960100     0.019933
  2   1   0   0    17     2     2.057928     0.014417
  2   1   0   0    17     3     3.360787     0.001617
  2   1   0   0    17     4     2.057928     0.014417
  2   1   0   0    17     5     3.824015     0.000267
  2   1   0   0    17     6     4.237507     0.000317
  2   1   0   0    17     7     4.698510    -0.000250
  2   1   0   0    17     8     4.237507     0.000317
  2   1   0   0    17     9     3.824015     0.000267
  2   1   0   0    17    10     4.237507     0.000317
  2   1   0   0    17    11     4.698510    -0.000250
  2   1   0   0    17    12     4.237507     0.000317
  2   1   0   0    17    13     5.040257    -0.000800
  2   1   0   0    17    14     5.628309     0.000367
  2   1   0   0    17    15     5.732111    -0.000700
  2   1   0   0    17    16     5.628309     0.000367
  2   2   0   0    17    17     0.000000    -0.055667
  2   2   0   0    17    18     3.920200     0.000000
  2   2   0   0    17    19     2.842017     0.000950
  2   2   0   0    17    20     2.842017     0.000950
  2   2   0   0    17    21     2.730000     0.002833
  2   2   0   0    17    22     4.777119     0.000367
  2   2   0   0    17    23     2.842017     0.000950
  2   2   0   0    17    24     2.842017     0.000950
  2   2   0   0    17    25     4.950000     0.000233
  2   2   0   0    17    26     3.525290     0.000433
  2   2   0   0    17    27     5.444195    -0.000083
  2   2   0   0    17    28     2.842017     0.000950
  2   2   0   0    17    29     5.652911     0.000267
  2   2   0   0    17    30     4.458763    -0.000100
  2   2   0   0    17    31     5.444195    -0.000083
  2   2   0   0    17    32     2.842017     0.000950
  2   2   0   0    17    33     4.950000     0.000233
  2   2   0   0    17    34     3.525290     0.000433
  2   2   0   0    17    35     2.842017     0.000950
  2   2   0   0    17    36     5.444195    -0.000083
  2   2   0   0    17    37     5.652911     0.000267
  2   2   0   0    17    38     4.458763    -0.000100
  2   2   0   0    17    39     2.842017     0.000950
  2   2   0   0    17    40     5.444195    -0.000083
  2   2   0   0    17    41     7.000357    -0.000467
  2   2   0   0    17    42     3.080157     0.000000
  2   2   0   0    17    43     5.444195    -0.000083
  2   2   0   0    17    44     5.444195    -0.000083
  2   2   0   0    17    45     7.513847    -0.000367
  2   2   0   0    17    46     4.115856    -0.000400
  2   2   0   0    17    47     5.444195    -0.000083
  2   2   0   0    17    48     5.444195    -0.000083
 
  CHI0^-1 - CHI^-1 Matrix 
 
  1   1   0   0     1     1     0.000000     4.782390
  1   1   0   0     1     2     3.756924    -0.332664
  1   1   0   0     1     3     2.730000     0.886579
  1   1   0   0     1     4     3.756924    -0.332664
  1   1   0   0     1     5     4.950000    -0.588516
  1   1   0   0     1     6     3.756924    -0.332664
  1   1   0   0     1     7     5.652911    -0.613486
  1   1   0   0     1     8     3.756924    -0.332664
  1   1   0   0     1     9     4.950000    -0.588516
  1   1   0   0     1    10     3.756924    -0.332664
  1   1   0   0     1    11     5.652911    -0.613486
  1   1   0   0     1    12     3.756924    -0.332664
  1   1   0   0     1    13     7.000357    -0.667698
  1   1   0   0     1    14     3.756924    -0.332664
  1   1   0   0     1    15     7.513847    -0.673301
  1   1   0   0     1    16     3.756924    -0.332664
  1   2   0   0     1    17     1.960100     1.623385
  1   2   0   0     1    18     1.960100     1.623385
  1   2   0   0     1    19     4.237507    -0.523930
  1   2   0   0     1    20     4.237507    -0.523930
  1   2   0   0     1    21     3.360787     0.413298
  1   2   0   0     1    22     3.360787     0.413298
  1   2   0   0     1    23     4.237507    -0.523930
  1   2   0   0     1    24     4.237507    -0.523930
  1   2   0   0     1    25     3.824015    -0.465653
  1   2   0   0     1    26     3.824015    -0.465653
  1   2   0   0     1    27     5.628309    -0.660659
  1   2   0   0     1    28     2.057928     1.479165
  1   2   0   0     1    29     4.698510    -0.521923
  1   2   0   0     1    30     4.698510    -0.521923
  1   2   0   0     1    31     5.628309    -0.660659
  1   2   0   0     1    32     2.057928     1.479165
  1   2   0   0     1    33     3.824015    -0.465653
  1   2   0   0     1    34     3.824015    -0.465653
  1   2   0   0     1    35     2.057928     1.479165
  1   2   0   0     1    36     5.628309    -0.660659
  1   2   0   0     1    37     4.698510    -0.521923
  1   2   0   0     1    38     4.698510    -0.521923
  1   2   0   0     1    39     2.057928     1.479165
  1   2   0   0     1    40     5.628309    -0.660659
  1   2   0   0     1    41     5.040257    -0.813747
  1   2   0   0     1    42     5.040257    -0.813747
  1   2   0   0     1    43     4.237507    -0.523930
  1   2   0   0     1    44     4.237507    -0.523930
  1   2   0   0     1    45     5.732111    -0.794777
  1   2   0   0     1    46     5.732111    -0.794777
  1   2   0   0     1    47     4.237507    -0.523930
  1   2   0   0     1    48     4.237507    -0.523930
  2   1   0   0    17     1     1.960100     1.623385
  2   1   0   0    17     2     2.057928     1.479165
  2   1   0   0    17     3     3.360787     0.413298
  2   1   0   0    17     4     2.057928     1.479165
  2   1   0   0    17     5     3.824015    -0.465653
  2   1   0   0    17     6     4.237507    -0.523930
  2   1   0   0    17     7     4.698510    -0.521923
  2   1   0   0    17     8     4.237507    -0.523930
  2   1   0   0    17     9     3.824015    -0.465653
  2   1   0   0    17    10     4.237507    -0.523930
  2   1   0   0    17    11     4.698510    -0.521923
  2   1   0   0    17    12     4.237507    -0.523930
  2   1   0   0    17    13     5.040257    -0.813747
  2   1   0   0    17    14     5.628309    -0.660659
  2   1   0   0    17    15     5.732111    -0.794777
  2   1   0   0    17    16     5.628309    -0.660659
  2   2   0   0    17    17     0.000000    12.395802
  2   2   0   0    17    18     3.920200     0.041686
  2   2   0   0    17    19     2.842017     0.595414
  2   2   0   0    17    20     2.842017     0.595414
  2   2   0   0    17    21     2.730000     1.948779
  2   2   0   0    17    22     4.777119    -0.146556
  2   2   0   0    17    23     2.842017     0.595414
  2   2   0   0    17    24     2.842017     0.595414
  2   2   0   0    17    25     4.950000    -0.478236
  2   2   0   0    17    26     3.525290    -0.455166
  2   2   0   0    17    27     5.444195    -0.840816
  2   2   0   0    17    28     2.842017     0.595414
  2   2   0   0    17    29     5.652911    -0.512580
  2   2   0   0    17    30     4.458763    -0.624672
  2   2   0   0    17    31     5.444195    -0.840816
  2   2   0   0    17    32     2.842017     0.595414
  2   2   0   0    17    33     4.950000    -0.478236
  2   2   0   0    17    34     3.525290    -0.455166
  2   2   0   0    17    35     2.842017     0.595414
  2   2   0   0    17    36     5.444195    -0.840816
  2   2   0   0    17    37     5.652911    -0.512580
  2   2   0   0    17    38     4.458763    -0.624672
  2   2   0   0    17    39     2.842017     0.595414
  2   2   0   0    17    40     5.444195    -0.840816
  2   2   0   0    17    41     7.000357    -1.155082
  2   2   0   0    17    42     3.080157     0.279108
  2   2   0   0    17    43     5.444195    -0.840816
  2   2   0   0    17    44     5.444195    -0.840816
  2   2   0   0    17    45     7.513847    -1.102684
  2   2   0   0    17    46     4.115856     0.094794
  2   2   0   0    17    47     5.444195    -0.840816
  2   2   0   0    17    48     5.444195    -0.840816
  type:            1  U1 =    4.78238979710978     
  type:            2  U1 =    12.3958021579465     
